<?xml version="1.0" encoding="utf-8"?>
<coverage line-rate="0.0277" branch-rate="0" version="1.9" timestamp="1693351225" lines-covered="55" lines-valid="1983" branches-covered="0" branches-valid="528">
  <sources>
    <source>C:\Users\allpi\source\repos\Cafeteria2\</source>
  </sources>
  <packages>
    <package name="Cafeteria2" line-rate="0.0097" branch-rate="0" complexity="690">
      <classes>
        <class name="Cafeteria2.BundleConfig" filename="Cafeteria2\App_Start\BundleConfig.cs" line-rate="0" branch-rate="1" complexity="1">
          <methods>
            <method name="RegisterBundles" signature="(System.Web.Optimization.BundleCollection)" line-rate="0" branch-rate="1" complexity="1">
              <lines>
                <line number="10" hits="0" branch="False" />
                <line number="25" hits="0" branch="False" />
              </lines>
            </method>
          </methods>
          <lines>
            <line number="10" hits="0" branch="False" />
            <line number="25" hits="0" branch="False" />
          </lines>
        </class>
        <class name="Cafeteria2.FilterConfig" filename="Cafeteria2\App_Start\FilterConfig.cs" line-rate="0" branch-rate="1" complexity="1">
          <methods>
            <method name="RegisterGlobalFilters" signature="(System.Web.Mvc.GlobalFilterCollection)" line-rate="0" branch-rate="1" complexity="1">
              <lines>
                <line number="9" hits="0" branch="False" />
                <line number="10" hits="0" branch="False" />
                <line number="11" hits="0" branch="False" />
              </lines>
            </method>
          </methods>
          <lines>
            <line number="9" hits="0" branch="False" />
            <line number="10" hits="0" branch="False" />
            <line number="11" hits="0" branch="False" />
          </lines>
        </class>
        <class name="Cafeteria2.RouteConfig" filename="Cafeteria2\App_Start\RouteConfig.cs" line-rate="0" branch-rate="1" complexity="1">
          <methods>
            <method name="RegisterRoutes" signature="(System.Web.Routing.RouteCollection)" line-rate="0" branch-rate="1" complexity="1">
              <lines>
                <line number="13" hits="0" branch="False" />
                <line number="14" hits="0" branch="False" />
                <line number="16" hits="0" branch="False" />
                <line number="17" hits="0" branch="False" />
                <line number="18" hits="0" branch="False" />
                <line number="19" hits="0" branch="False" />
                <line number="20" hits="0" branch="False" />
                <line number="21" hits="0" branch="False" />
              </lines>
            </method>
          </methods>
          <lines>
            <line number="13" hits="0" branch="False" />
            <line number="14" hits="0" branch="False" />
            <line number="16" hits="0" branch="False" />
            <line number="17" hits="0" branch="False" />
            <line number="18" hits="0" branch="False" />
            <line number="19" hits="0" branch="False" />
            <line number="20" hits="0" branch="False" />
            <line number="21" hits="0" branch="False" />
          </lines>
        </class>
        <class name="Cafeteria2.WebApiConfig" filename="Cafeteria2\App_Start\WebApiConfig.cs" line-rate="0" branch-rate="1" complexity="1">
          <methods>
            <method name="Register" signature="(System.Web.Http.HttpConfiguration)" line-rate="0" branch-rate="1" complexity="1">
              <lines>
                <line number="12" hits="0" branch="False" />
                <line number="16" hits="0" branch="False" />
                <line number="18" hits="0" branch="False" />
                <line number="19" hits="0" branch="False" />
                <line number="20" hits="0" branch="False" />
                <line number="21" hits="0" branch="False" />
                <line number="22" hits="0" branch="False" />
                <line number="24" hits="0" branch="False" />
                <line number="25" hits="0" branch="False" />
                <line number="26" hits="0" branch="False" />
              </lines>
            </method>
          </methods>
          <lines>
            <line number="12" hits="0" branch="False" />
            <line number="16" hits="0" branch="False" />
            <line number="18" hits="0" branch="False" />
            <line number="19" hits="0" branch="False" />
            <line number="20" hits="0" branch="False" />
            <line number="21" hits="0" branch="False" />
            <line number="22" hits="0" branch="False" />
            <line number="24" hits="0" branch="False" />
            <line number="25" hits="0" branch="False" />
            <line number="26" hits="0" branch="False" />
          </lines>
        </class>
        <class name="Cafeteria2.CafeteriaConexionDataContext" filename="Cafeteria2\CafeteriaConexion.designer.cs" line-rate="0" branch-rate="1" complexity="11">
          <methods>
            <method name="get_Bebidas" signature="()" line-rate="0" branch-rate="1" complexity="1">
              <lines>
                <line number="83" hits="0" branch="False" />
                <line number="84" hits="0" branch="False" />
                <line number="85" hits="0" branch="False" />
              </lines>
            </method>
            <method name="get_Postres" signature="()" line-rate="0" branch-rate="1" complexity="1">
              <lines>
                <line number="91" hits="0" branch="False" />
                <line number="92" hits="0" branch="False" />
                <line number="93" hits="0" branch="False" />
              </lines>
            </method>
            <method name="get_Empleados" signature="()" line-rate="0" branch-rate="1" complexity="1">
              <lines>
                <line number="99" hits="0" branch="False" />
                <line number="100" hits="0" branch="False" />
                <line number="101" hits="0" branch="False" />
              </lines>
            </method>
            <method name="get_Imagenes" signature="()" line-rate="0" branch-rate="1" complexity="1">
              <lines>
                <line number="107" hits="0" branch="False" />
                <line number="108" hits="0" branch="False" />
                <line number="109" hits="0" branch="False" />
              </lines>
            </method>
            <method name="get_Platillos" signature="()" line-rate="0" branch-rate="1" complexity="1">
              <lines>
                <line number="115" hits="0" branch="False" />
                <line number="116" hits="0" branch="False" />
                <line number="117" hits="0" branch="False" />
              </lines>
            </method>
            <method name=".ctor" signature="()" line-rate="0" branch-rate="1" complexity="1">
              <lines>
                <line number="51" hits="0" branch="False" />
                <line number="52" hits="0" branch="False" />
                <line number="54" hits="0" branch="False" />
              </lines>
            </method>
            <method name=".ctor" signature="(System.String)" line-rate="0" branch-rate="1" complexity="1">
              <lines>
                <line number="57" hits="0" branch="False" />
                <line number="58" hits="0" branch="False" />
                <line number="60" hits="0" branch="False" />
              </lines>
            </method>
            <method name=".ctor" signature="(System.Data.IDbConnection)" line-rate="0" branch-rate="1" complexity="1">
              <lines>
                <line number="63" hits="0" branch="False" />
                <line number="64" hits="0" branch="False" />
                <line number="66" hits="0" branch="False" />
              </lines>
            </method>
            <method name=".ctor" signature="(System.String,System.Data.Linq.Mapping.MappingSource)" line-rate="0" branch-rate="1" complexity="1">
              <lines>
                <line number="69" hits="0" branch="False" />
                <line number="70" hits="0" branch="False" />
                <line number="72" hits="0" branch="False" />
              </lines>
            </method>
            <method name=".ctor" signature="(System.Data.IDbConnection,System.Data.Linq.Mapping.MappingSource)" line-rate="0" branch-rate="1" complexity="1">
              <lines>
                <line number="75" hits="0" branch="False" />
                <line number="76" hits="0" branch="False" />
                <line number="78" hits="0" branch="False" />
              </lines>
            </method>
            <method name=".cctor" signature="()" line-rate="0" branch-rate="1" complexity="1">
              <lines>
                <line number="29" hits="0" branch="False" />
              </lines>
            </method>
          </methods>
          <lines>
            <line number="83" hits="0" branch="False" />
            <line number="84" hits="0" branch="False" />
            <line number="85" hits="0" branch="False" />
            <line number="91" hits="0" branch="False" />
            <line number="92" hits="0" branch="False" />
            <line number="93" hits="0" branch="False" />
            <line number="99" hits="0" branch="False" />
            <line number="100" hits="0" branch="False" />
            <line number="101" hits="0" branch="False" />
            <line number="107" hits="0" branch="False" />
            <line number="108" hits="0" branch="False" />
            <line number="109" hits="0" branch="False" />
            <line number="115" hits="0" branch="False" />
            <line number="116" hits="0" branch="False" />
            <line number="117" hits="0" branch="False" />
            <line number="51" hits="0" branch="False" />
            <line number="52" hits="0" branch="False" />
            <line number="54" hits="0" branch="False" />
            <line number="57" hits="0" branch="False" />
            <line number="58" hits="0" branch="False" />
            <line number="60" hits="0" branch="False" />
            <line number="63" hits="0" branch="False" />
            <line number="64" hits="0" branch="False" />
            <line number="66" hits="0" branch="False" />
            <line number="69" hits="0" branch="False" />
            <line number="70" hits="0" branch="False" />
            <line number="72" hits="0" branch="False" />
            <line number="75" hits="0" branch="False" />
            <line number="76" hits="0" branch="False" />
            <line number="78" hits="0" branch="False" />
            <line number="29" hits="0" branch="False" />
          </lines>
        </class>
        <class name="Cafeteria2.Bebidas" filename="Cafeteria2\CafeteriaConexion.designer.cs" line-rate="0.056299999999999996" branch-rate="0" complexity="21">
          <methods>
            <method name="get_Id" signature="()" line-rate="0" branch-rate="1" complexity="1">
              <lines>
                <line number="162" hits="0" branch="False" />
                <line number="163" hits="0" branch="False" />
                <line number="164" hits="0" branch="False" />
              </lines>
            </method>
            <method name="set_Id" signature="(System.Int32)" line-rate="0" branch-rate="0" complexity="2">
              <lines>
                <line number="166" hits="0" branch="False" />
                <line number="167" hits="0" branch="True" condition-coverage="0% (0/2)">
                  <conditions>
                    <condition number="15" type="jump" coverage="0%" />
                  </conditions>
                </line>
                <line number="168" hits="0" branch="False" />
                <line number="170" hits="0" branch="False" />
                <line number="171" hits="0" branch="False" />
                <line number="172" hits="0" branch="False" />
                <line number="174" hits="0" branch="False" />
                <line number="175" hits="0" branch="False" />
              </lines>
            </method>
            <method name="get_Nombre" signature="()" line-rate="0" branch-rate="1" complexity="1">
              <lines>
                <line number="182" hits="0" branch="False" />
                <line number="183" hits="0" branch="False" />
                <line number="184" hits="0" branch="False" />
              </lines>
            </method>
            <method name="set_Nombre" signature="(System.String)" line-rate="0" branch-rate="0" complexity="2">
              <lines>
                <line number="186" hits="0" branch="False" />
                <line number="187" hits="0" branch="True" condition-coverage="0% (0/2)">
                  <conditions>
                    <condition number="15" type="jump" coverage="0%" />
                  </conditions>
                </line>
                <line number="188" hits="0" branch="False" />
                <line number="190" hits="0" branch="False" />
                <line number="191" hits="0" branch="False" />
                <line number="192" hits="0" branch="False" />
                <line number="194" hits="0" branch="False" />
                <line number="195" hits="0" branch="False" />
              </lines>
            </method>
            <method name="get_Precio" signature="()" line-rate="0" branch-rate="1" complexity="1">
              <lines>
                <line number="202" hits="0" branch="False" />
                <line number="203" hits="0" branch="False" />
                <line number="204" hits="0" branch="False" />
              </lines>
            </method>
            <method name="set_Precio" signature="(System.Decimal)" line-rate="0" branch-rate="0" complexity="2">
              <lines>
                <line number="206" hits="0" branch="False" />
                <line number="207" hits="0" branch="True" condition-coverage="0% (0/2)">
                  <conditions>
                    <condition number="15" type="jump" coverage="0%" />
                  </conditions>
                </line>
                <line number="208" hits="0" branch="False" />
                <line number="210" hits="0" branch="False" />
                <line number="211" hits="0" branch="False" />
                <line number="212" hits="0" branch="False" />
                <line number="214" hits="0" branch="False" />
                <line number="215" hits="0" branch="False" />
              </lines>
            </method>
            <method name="get_Descripcion" signature="()" line-rate="0" branch-rate="1" complexity="1">
              <lines>
                <line number="222" hits="0" branch="False" />
                <line number="223" hits="0" branch="False" />
                <line number="224" hits="0" branch="False" />
              </lines>
            </method>
            <method name="set_Descripcion" signature="(System.String)" line-rate="0" branch-rate="0" complexity="2">
              <lines>
                <line number="226" hits="0" branch="False" />
                <line number="227" hits="0" branch="True" condition-coverage="0% (0/2)">
                  <conditions>
                    <condition number="15" type="jump" coverage="0%" />
                  </conditions>
                </line>
                <line number="228" hits="0" branch="False" />
                <line number="230" hits="0" branch="False" />
                <line number="231" hits="0" branch="False" />
                <line number="232" hits="0" branch="False" />
                <line number="234" hits="0" branch="False" />
                <line number="235" hits="0" branch="False" />
              </lines>
            </method>
            <method name="get_Existencia" signature="()" line-rate="0" branch-rate="1" complexity="1">
              <lines>
                <line number="242" hits="0" branch="False" />
                <line number="243" hits="0" branch="False" />
                <line number="244" hits="0" branch="False" />
              </lines>
            </method>
            <method name="set_Existencia" signature="(System.Int32)" line-rate="0" branch-rate="0" complexity="2">
              <lines>
                <line number="246" hits="0" branch="False" />
                <line number="247" hits="0" branch="True" condition-coverage="0% (0/2)">
                  <conditions>
                    <condition number="15" type="jump" coverage="0%" />
                  </conditions>
                </line>
                <line number="248" hits="0" branch="False" />
                <line number="250" hits="0" branch="False" />
                <line number="251" hits="0" branch="False" />
                <line number="252" hits="0" branch="False" />
                <line number="254" hits="0" branch="False" />
                <line number="255" hits="0" branch="False" />
              </lines>
            </method>
            <method name="SendPropertyChanging" signature="()" line-rate="0" branch-rate="0" complexity="2">
              <lines>
                <line number="263" hits="0" branch="False" />
                <line number="264" hits="0" branch="True" condition-coverage="0% (0/2)">
                  <conditions>
                    <condition number="12" type="jump" coverage="0%" />
                  </conditions>
                </line>
                <line number="265" hits="0" branch="False" />
                <line number="266" hits="0" branch="False" />
                <line number="267" hits="0" branch="False" />
                <line number="268" hits="0" branch="False" />
              </lines>
            </method>
            <method name="SendPropertyChanged" signature="(System.String)" line-rate="0" branch-rate="0" complexity="2">
              <lines>
                <line number="271" hits="0" branch="False" />
                <line number="272" hits="0" branch="True" condition-coverage="0% (0/2)">
                  <conditions>
                    <condition number="12" type="jump" coverage="0%" />
                  </conditions>
                </line>
                <line number="273" hits="0" branch="False" />
                <line number="274" hits="0" branch="False" />
                <line number="275" hits="0" branch="False" />
                <line number="276" hits="0" branch="False" />
              </lines>
            </method>
            <method name=".ctor" signature="()" line-rate="1" branch-rate="1" complexity="1">
              <lines>
                <line number="153" hits="7" branch="False" />
                <line number="154" hits="7" branch="False" />
                <line number="156" hits="7" branch="False" />
              </lines>
            </method>
            <method name=".cctor" signature="()" line-rate="1" branch-rate="1" complexity="1">
              <lines>
                <line number="125" hits="1" branch="False" />
              </lines>
            </method>
          </methods>
          <lines>
            <line number="162" hits="0" branch="False" />
            <line number="163" hits="0" branch="False" />
            <line number="164" hits="0" branch="False" />
            <line number="166" hits="0" branch="False" />
            <line number="167" hits="0" branch="True" condition-coverage="0% (0/2)">
              <conditions>
                <condition number="15" type="jump" coverage="0%" />
              </conditions>
            </line>
            <line number="168" hits="0" branch="False" />
            <line number="170" hits="0" branch="False" />
            <line number="171" hits="0" branch="False" />
            <line number="172" hits="0" branch="False" />
            <line number="174" hits="0" branch="False" />
            <line number="175" hits="0" branch="False" />
            <line number="182" hits="0" branch="False" />
            <line number="183" hits="0" branch="False" />
            <line number="184" hits="0" branch="False" />
            <line number="186" hits="0" branch="False" />
            <line number="187" hits="0" branch="True" condition-coverage="0% (0/2)">
              <conditions>
                <condition number="15" type="jump" coverage="0%" />
              </conditions>
            </line>
            <line number="188" hits="0" branch="False" />
            <line number="190" hits="0" branch="False" />
            <line number="191" hits="0" branch="False" />
            <line number="192" hits="0" branch="False" />
            <line number="194" hits="0" branch="False" />
            <line number="195" hits="0" branch="False" />
            <line number="202" hits="0" branch="False" />
            <line number="203" hits="0" branch="False" />
            <line number="204" hits="0" branch="False" />
            <line number="206" hits="0" branch="False" />
            <line number="207" hits="0" branch="True" condition-coverage="0% (0/2)">
              <conditions>
                <condition number="15" type="jump" coverage="0%" />
              </conditions>
            </line>
            <line number="208" hits="0" branch="False" />
            <line number="210" hits="0" branch="False" />
            <line number="211" hits="0" branch="False" />
            <line number="212" hits="0" branch="False" />
            <line number="214" hits="0" branch="False" />
            <line number="215" hits="0" branch="False" />
            <line number="222" hits="0" branch="False" />
            <line number="223" hits="0" branch="False" />
            <line number="224" hits="0" branch="False" />
            <line number="226" hits="0" branch="False" />
            <line number="227" hits="0" branch="True" condition-coverage="0% (0/2)">
              <conditions>
                <condition number="15" type="jump" coverage="0%" />
              </conditions>
            </line>
            <line number="228" hits="0" branch="False" />
            <line number="230" hits="0" branch="False" />
            <line number="231" hits="0" branch="False" />
            <line number="232" hits="0" branch="False" />
            <line number="234" hits="0" branch="False" />
            <line number="235" hits="0" branch="False" />
            <line number="242" hits="0" branch="False" />
            <line number="243" hits="0" branch="False" />
            <line number="244" hits="0" branch="False" />
            <line number="246" hits="0" branch="False" />
            <line number="247" hits="0" branch="True" condition-coverage="0% (0/2)">
              <conditions>
                <condition number="15" type="jump" coverage="0%" />
              </conditions>
            </line>
            <line number="248" hits="0" branch="False" />
            <line number="250" hits="0" branch="False" />
            <line number="251" hits="0" branch="False" />
            <line number="252" hits="0" branch="False" />
            <line number="254" hits="0" branch="False" />
            <line number="255" hits="0" branch="False" />
            <line number="263" hits="0" branch="False" />
            <line number="264" hits="0" branch="True" condition-coverage="0% (0/2)">
              <conditions>
                <condition number="12" type="jump" coverage="0%" />
              </conditions>
            </line>
            <line number="265" hits="0" branch="False" />
            <line number="266" hits="0" branch="False" />
            <line number="267" hits="0" branch="False" />
            <line number="268" hits="0" branch="False" />
            <line number="271" hits="0" branch="False" />
            <line number="272" hits="0" branch="True" condition-coverage="0% (0/2)">
              <conditions>
                <condition number="12" type="jump" coverage="0%" />
              </conditions>
            </line>
            <line number="273" hits="0" branch="False" />
            <line number="274" hits="0" branch="False" />
            <line number="275" hits="0" branch="False" />
            <line number="276" hits="0" branch="False" />
            <line number="153" hits="7" branch="False" />
            <line number="154" hits="7" branch="False" />
            <line number="156" hits="7" branch="False" />
            <line number="125" hits="1" branch="False" />
          </lines>
        </class>
        <class name="Cafeteria2.Postres" filename="Cafeteria2\CafeteriaConexion.designer.cs" line-rate="0" branch-rate="0" complexity="21">
          <methods>
            <method name="get_Id" signature="()" line-rate="0" branch-rate="1" complexity="1">
              <lines>
                <line number="320" hits="0" branch="False" />
                <line number="321" hits="0" branch="False" />
                <line number="322" hits="0" branch="False" />
              </lines>
            </method>
            <method name="set_Id" signature="(System.Int32)" line-rate="0" branch-rate="0" complexity="2">
              <lines>
                <line number="324" hits="0" branch="False" />
                <line number="325" hits="0" branch="True" condition-coverage="0% (0/2)">
                  <conditions>
                    <condition number="15" type="jump" coverage="0%" />
                  </conditions>
                </line>
                <line number="326" hits="0" branch="False" />
                <line number="328" hits="0" branch="False" />
                <line number="329" hits="0" branch="False" />
                <line number="330" hits="0" branch="False" />
                <line number="332" hits="0" branch="False" />
                <line number="333" hits="0" branch="False" />
              </lines>
            </method>
            <method name="get_Nombre" signature="()" line-rate="0" branch-rate="1" complexity="1">
              <lines>
                <line number="340" hits="0" branch="False" />
                <line number="341" hits="0" branch="False" />
                <line number="342" hits="0" branch="False" />
              </lines>
            </method>
            <method name="set_Nombre" signature="(System.String)" line-rate="0" branch-rate="0" complexity="2">
              <lines>
                <line number="344" hits="0" branch="False" />
                <line number="345" hits="0" branch="True" condition-coverage="0% (0/2)">
                  <conditions>
                    <condition number="15" type="jump" coverage="0%" />
                  </conditions>
                </line>
                <line number="346" hits="0" branch="False" />
                <line number="348" hits="0" branch="False" />
                <line number="349" hits="0" branch="False" />
                <line number="350" hits="0" branch="False" />
                <line number="352" hits="0" branch="False" />
                <line number="353" hits="0" branch="False" />
              </lines>
            </method>
            <method name="get_Descripcion" signature="()" line-rate="0" branch-rate="1" complexity="1">
              <lines>
                <line number="360" hits="0" branch="False" />
                <line number="361" hits="0" branch="False" />
                <line number="362" hits="0" branch="False" />
              </lines>
            </method>
            <method name="set_Descripcion" signature="(System.String)" line-rate="0" branch-rate="0" complexity="2">
              <lines>
                <line number="364" hits="0" branch="False" />
                <line number="365" hits="0" branch="True" condition-coverage="0% (0/2)">
                  <conditions>
                    <condition number="15" type="jump" coverage="0%" />
                  </conditions>
                </line>
                <line number="366" hits="0" branch="False" />
                <line number="368" hits="0" branch="False" />
                <line number="369" hits="0" branch="False" />
                <line number="370" hits="0" branch="False" />
                <line number="372" hits="0" branch="False" />
                <line number="373" hits="0" branch="False" />
              </lines>
            </method>
            <method name="get_Precio" signature="()" line-rate="0" branch-rate="1" complexity="1">
              <lines>
                <line number="380" hits="0" branch="False" />
                <line number="381" hits="0" branch="False" />
                <line number="382" hits="0" branch="False" />
              </lines>
            </method>
            <method name="set_Precio" signature="(System.Decimal)" line-rate="0" branch-rate="0" complexity="2">
              <lines>
                <line number="384" hits="0" branch="False" />
                <line number="385" hits="0" branch="True" condition-coverage="0% (0/2)">
                  <conditions>
                    <condition number="15" type="jump" coverage="0%" />
                  </conditions>
                </line>
                <line number="386" hits="0" branch="False" />
                <line number="388" hits="0" branch="False" />
                <line number="389" hits="0" branch="False" />
                <line number="390" hits="0" branch="False" />
                <line number="392" hits="0" branch="False" />
                <line number="393" hits="0" branch="False" />
              </lines>
            </method>
            <method name="get_Existencia" signature="()" line-rate="0" branch-rate="1" complexity="1">
              <lines>
                <line number="400" hits="0" branch="False" />
                <line number="401" hits="0" branch="False" />
                <line number="402" hits="0" branch="False" />
              </lines>
            </method>
            <method name="set_Existencia" signature="(System.Int32)" line-rate="0" branch-rate="0" complexity="2">
              <lines>
                <line number="404" hits="0" branch="False" />
                <line number="405" hits="0" branch="True" condition-coverage="0% (0/2)">
                  <conditions>
                    <condition number="15" type="jump" coverage="0%" />
                  </conditions>
                </line>
                <line number="406" hits="0" branch="False" />
                <line number="408" hits="0" branch="False" />
                <line number="409" hits="0" branch="False" />
                <line number="410" hits="0" branch="False" />
                <line number="412" hits="0" branch="False" />
                <line number="413" hits="0" branch="False" />
              </lines>
            </method>
            <method name="SendPropertyChanging" signature="()" line-rate="0" branch-rate="0" complexity="2">
              <lines>
                <line number="421" hits="0" branch="False" />
                <line number="422" hits="0" branch="True" condition-coverage="0% (0/2)">
                  <conditions>
                    <condition number="12" type="jump" coverage="0%" />
                  </conditions>
                </line>
                <line number="423" hits="0" branch="False" />
                <line number="424" hits="0" branch="False" />
                <line number="425" hits="0" branch="False" />
                <line number="426" hits="0" branch="False" />
              </lines>
            </method>
            <method name="SendPropertyChanged" signature="(System.String)" line-rate="0" branch-rate="0" complexity="2">
              <lines>
                <line number="429" hits="0" branch="False" />
                <line number="430" hits="0" branch="True" condition-coverage="0% (0/2)">
                  <conditions>
                    <condition number="12" type="jump" coverage="0%" />
                  </conditions>
                </line>
                <line number="431" hits="0" branch="False" />
                <line number="432" hits="0" branch="False" />
                <line number="433" hits="0" branch="False" />
                <line number="434" hits="0" branch="False" />
              </lines>
            </method>
            <method name=".ctor" signature="()" line-rate="0" branch-rate="1" complexity="1">
              <lines>
                <line number="311" hits="0" branch="False" />
                <line number="312" hits="0" branch="False" />
                <line number="314" hits="0" branch="False" />
              </lines>
            </method>
            <method name=".cctor" signature="()" line-rate="0" branch-rate="1" complexity="1">
              <lines>
                <line number="283" hits="0" branch="False" />
              </lines>
            </method>
          </methods>
          <lines>
            <line number="320" hits="0" branch="False" />
            <line number="321" hits="0" branch="False" />
            <line number="322" hits="0" branch="False" />
            <line number="324" hits="0" branch="False" />
            <line number="325" hits="0" branch="True" condition-coverage="0% (0/2)">
              <conditions>
                <condition number="15" type="jump" coverage="0%" />
              </conditions>
            </line>
            <line number="326" hits="0" branch="False" />
            <line number="328" hits="0" branch="False" />
            <line number="329" hits="0" branch="False" />
            <line number="330" hits="0" branch="False" />
            <line number="332" hits="0" branch="False" />
            <line number="333" hits="0" branch="False" />
            <line number="340" hits="0" branch="False" />
            <line number="341" hits="0" branch="False" />
            <line number="342" hits="0" branch="False" />
            <line number="344" hits="0" branch="False" />
            <line number="345" hits="0" branch="True" condition-coverage="0% (0/2)">
              <conditions>
                <condition number="15" type="jump" coverage="0%" />
              </conditions>
            </line>
            <line number="346" hits="0" branch="False" />
            <line number="348" hits="0" branch="False" />
            <line number="349" hits="0" branch="False" />
            <line number="350" hits="0" branch="False" />
            <line number="352" hits="0" branch="False" />
            <line number="353" hits="0" branch="False" />
            <line number="360" hits="0" branch="False" />
            <line number="361" hits="0" branch="False" />
            <line number="362" hits="0" branch="False" />
            <line number="364" hits="0" branch="False" />
            <line number="365" hits="0" branch="True" condition-coverage="0% (0/2)">
              <conditions>
                <condition number="15" type="jump" coverage="0%" />
              </conditions>
            </line>
            <line number="366" hits="0" branch="False" />
            <line number="368" hits="0" branch="False" />
            <line number="369" hits="0" branch="False" />
            <line number="370" hits="0" branch="False" />
            <line number="372" hits="0" branch="False" />
            <line number="373" hits="0" branch="False" />
            <line number="380" hits="0" branch="False" />
            <line number="381" hits="0" branch="False" />
            <line number="382" hits="0" branch="False" />
            <line number="384" hits="0" branch="False" />
            <line number="385" hits="0" branch="True" condition-coverage="0% (0/2)">
              <conditions>
                <condition number="15" type="jump" coverage="0%" />
              </conditions>
            </line>
            <line number="386" hits="0" branch="False" />
            <line number="388" hits="0" branch="False" />
            <line number="389" hits="0" branch="False" />
            <line number="390" hits="0" branch="False" />
            <line number="392" hits="0" branch="False" />
            <line number="393" hits="0" branch="False" />
            <line number="400" hits="0" branch="False" />
            <line number="401" hits="0" branch="False" />
            <line number="402" hits="0" branch="False" />
            <line number="404" hits="0" branch="False" />
            <line number="405" hits="0" branch="True" condition-coverage="0% (0/2)">
              <conditions>
                <condition number="15" type="jump" coverage="0%" />
              </conditions>
            </line>
            <line number="406" hits="0" branch="False" />
            <line number="408" hits="0" branch="False" />
            <line number="409" hits="0" branch="False" />
            <line number="410" hits="0" branch="False" />
            <line number="412" hits="0" branch="False" />
            <line number="413" hits="0" branch="False" />
            <line number="421" hits="0" branch="False" />
            <line number="422" hits="0" branch="True" condition-coverage="0% (0/2)">
              <conditions>
                <condition number="12" type="jump" coverage="0%" />
              </conditions>
            </line>
            <line number="423" hits="0" branch="False" />
            <line number="424" hits="0" branch="False" />
            <line number="425" hits="0" branch="False" />
            <line number="426" hits="0" branch="False" />
            <line number="429" hits="0" branch="False" />
            <line number="430" hits="0" branch="True" condition-coverage="0% (0/2)">
              <conditions>
                <condition number="12" type="jump" coverage="0%" />
              </conditions>
            </line>
            <line number="431" hits="0" branch="False" />
            <line number="432" hits="0" branch="False" />
            <line number="433" hits="0" branch="False" />
            <line number="434" hits="0" branch="False" />
            <line number="311" hits="0" branch="False" />
            <line number="312" hits="0" branch="False" />
            <line number="314" hits="0" branch="False" />
            <line number="283" hits="0" branch="False" />
          </lines>
        </class>
        <class name="Cafeteria2.Empleados" filename="Cafeteria2\CafeteriaConexion.designer.cs" line-rate="0" branch-rate="0" complexity="18">
          <methods>
            <method name="get_Id" signature="()" line-rate="0" branch-rate="1" complexity="1">
              <lines>
                <line number="474" hits="0" branch="False" />
                <line number="475" hits="0" branch="False" />
                <line number="476" hits="0" branch="False" />
              </lines>
            </method>
            <method name="set_Id" signature="(System.Int32)" line-rate="0" branch-rate="0" complexity="2">
              <lines>
                <line number="478" hits="0" branch="False" />
                <line number="479" hits="0" branch="True" condition-coverage="0% (0/2)">
                  <conditions>
                    <condition number="15" type="jump" coverage="0%" />
                  </conditions>
                </line>
                <line number="480" hits="0" branch="False" />
                <line number="482" hits="0" branch="False" />
                <line number="483" hits="0" branch="False" />
                <line number="484" hits="0" branch="False" />
                <line number="486" hits="0" branch="False" />
                <line number="487" hits="0" branch="False" />
              </lines>
            </method>
            <method name="get_Nombre" signature="()" line-rate="0" branch-rate="1" complexity="1">
              <lines>
                <line number="494" hits="0" branch="False" />
                <line number="495" hits="0" branch="False" />
                <line number="496" hits="0" branch="False" />
              </lines>
            </method>
            <method name="set_Nombre" signature="(System.String)" line-rate="0" branch-rate="0" complexity="2">
              <lines>
                <line number="498" hits="0" branch="False" />
                <line number="499" hits="0" branch="True" condition-coverage="0% (0/2)">
                  <conditions>
                    <condition number="15" type="jump" coverage="0%" />
                  </conditions>
                </line>
                <line number="500" hits="0" branch="False" />
                <line number="502" hits="0" branch="False" />
                <line number="503" hits="0" branch="False" />
                <line number="504" hits="0" branch="False" />
                <line number="506" hits="0" branch="False" />
                <line number="507" hits="0" branch="False" />
              </lines>
            </method>
            <method name="get_Pass" signature="()" line-rate="0" branch-rate="1" complexity="1">
              <lines>
                <line number="514" hits="0" branch="False" />
                <line number="515" hits="0" branch="False" />
                <line number="516" hits="0" branch="False" />
              </lines>
            </method>
            <method name="set_Pass" signature="(System.String)" line-rate="0" branch-rate="0" complexity="2">
              <lines>
                <line number="518" hits="0" branch="False" />
                <line number="519" hits="0" branch="True" condition-coverage="0% (0/2)">
                  <conditions>
                    <condition number="15" type="jump" coverage="0%" />
                  </conditions>
                </line>
                <line number="520" hits="0" branch="False" />
                <line number="522" hits="0" branch="False" />
                <line number="523" hits="0" branch="False" />
                <line number="524" hits="0" branch="False" />
                <line number="526" hits="0" branch="False" />
                <line number="527" hits="0" branch="False" />
              </lines>
            </method>
            <method name="get_UltimoAcceso" signature="()" line-rate="0" branch-rate="1" complexity="1">
              <lines>
                <line number="534" hits="0" branch="False" />
                <line number="535" hits="0" branch="False" />
                <line number="536" hits="0" branch="False" />
              </lines>
            </method>
            <method name="set_UltimoAcceso" signature="(System.DateTime)" line-rate="0" branch-rate="0" complexity="2">
              <lines>
                <line number="538" hits="0" branch="False" />
                <line number="539" hits="0" branch="True" condition-coverage="0% (0/2)">
                  <conditions>
                    <condition number="15" type="jump" coverage="0%" />
                  </conditions>
                </line>
                <line number="540" hits="0" branch="False" />
                <line number="542" hits="0" branch="False" />
                <line number="543" hits="0" branch="False" />
                <line number="544" hits="0" branch="False" />
                <line number="546" hits="0" branch="False" />
                <line number="547" hits="0" branch="False" />
              </lines>
            </method>
            <method name="SendPropertyChanging" signature="()" line-rate="0" branch-rate="0" complexity="2">
              <lines>
                <line number="555" hits="0" branch="False" />
                <line number="556" hits="0" branch="True" condition-coverage="0% (0/2)">
                  <conditions>
                    <condition number="12" type="jump" coverage="0%" />
                  </conditions>
                </line>
                <line number="557" hits="0" branch="False" />
                <line number="558" hits="0" branch="False" />
                <line number="559" hits="0" branch="False" />
                <line number="560" hits="0" branch="False" />
              </lines>
            </method>
            <method name="SendPropertyChanged" signature="(System.String)" line-rate="0" branch-rate="0" complexity="2">
              <lines>
                <line number="563" hits="0" branch="False" />
                <line number="564" hits="0" branch="True" condition-coverage="0% (0/2)">
                  <conditions>
                    <condition number="12" type="jump" coverage="0%" />
                  </conditions>
                </line>
                <line number="565" hits="0" branch="False" />
                <line number="566" hits="0" branch="False" />
                <line number="567" hits="0" branch="False" />
                <line number="568" hits="0" branch="False" />
              </lines>
            </method>
            <method name=".ctor" signature="()" line-rate="0" branch-rate="1" complexity="1">
              <lines>
                <line number="465" hits="0" branch="False" />
                <line number="466" hits="0" branch="False" />
                <line number="468" hits="0" branch="False" />
              </lines>
            </method>
            <method name=".cctor" signature="()" line-rate="0" branch-rate="1" complexity="1">
              <lines>
                <line number="441" hits="0" branch="False" />
              </lines>
            </method>
          </methods>
          <lines>
            <line number="474" hits="0" branch="False" />
            <line number="475" hits="0" branch="False" />
            <line number="476" hits="0" branch="False" />
            <line number="478" hits="0" branch="False" />
            <line number="479" hits="0" branch="True" condition-coverage="0% (0/2)">
              <conditions>
                <condition number="15" type="jump" coverage="0%" />
              </conditions>
            </line>
            <line number="480" hits="0" branch="False" />
            <line number="482" hits="0" branch="False" />
            <line number="483" hits="0" branch="False" />
            <line number="484" hits="0" branch="False" />
            <line number="486" hits="0" branch="False" />
            <line number="487" hits="0" branch="False" />
            <line number="494" hits="0" branch="False" />
            <line number="495" hits="0" branch="False" />
            <line number="496" hits="0" branch="False" />
            <line number="498" hits="0" branch="False" />
            <line number="499" hits="0" branch="True" condition-coverage="0% (0/2)">
              <conditions>
                <condition number="15" type="jump" coverage="0%" />
              </conditions>
            </line>
            <line number="500" hits="0" branch="False" />
            <line number="502" hits="0" branch="False" />
            <line number="503" hits="0" branch="False" />
            <line number="504" hits="0" branch="False" />
            <line number="506" hits="0" branch="False" />
            <line number="507" hits="0" branch="False" />
            <line number="514" hits="0" branch="False" />
            <line number="515" hits="0" branch="False" />
            <line number="516" hits="0" branch="False" />
            <line number="518" hits="0" branch="False" />
            <line number="519" hits="0" branch="True" condition-coverage="0% (0/2)">
              <conditions>
                <condition number="15" type="jump" coverage="0%" />
              </conditions>
            </line>
            <line number="520" hits="0" branch="False" />
            <line number="522" hits="0" branch="False" />
            <line number="523" hits="0" branch="False" />
            <line number="524" hits="0" branch="False" />
            <line number="526" hits="0" branch="False" />
            <line number="527" hits="0" branch="False" />
            <line number="534" hits="0" branch="False" />
            <line number="535" hits="0" branch="False" />
            <line number="536" hits="0" branch="False" />
            <line number="538" hits="0" branch="False" />
            <line number="539" hits="0" branch="True" condition-coverage="0% (0/2)">
              <conditions>
                <condition number="15" type="jump" coverage="0%" />
              </conditions>
            </line>
            <line number="540" hits="0" branch="False" />
            <line number="542" hits="0" branch="False" />
            <line number="543" hits="0" branch="False" />
            <line number="544" hits="0" branch="False" />
            <line number="546" hits="0" branch="False" />
            <line number="547" hits="0" branch="False" />
            <line number="555" hits="0" branch="False" />
            <line number="556" hits="0" branch="True" condition-coverage="0% (0/2)">
              <conditions>
                <condition number="12" type="jump" coverage="0%" />
              </conditions>
            </line>
            <line number="557" hits="0" branch="False" />
            <line number="558" hits="0" branch="False" />
            <line number="559" hits="0" branch="False" />
            <line number="560" hits="0" branch="False" />
            <line number="563" hits="0" branch="False" />
            <line number="564" hits="0" branch="True" condition-coverage="0% (0/2)">
              <conditions>
                <condition number="12" type="jump" coverage="0%" />
              </conditions>
            </line>
            <line number="565" hits="0" branch="False" />
            <line number="566" hits="0" branch="False" />
            <line number="567" hits="0" branch="False" />
            <line number="568" hits="0" branch="False" />
            <line number="465" hits="0" branch="False" />
            <line number="466" hits="0" branch="False" />
            <line number="468" hits="0" branch="False" />
            <line number="441" hits="0" branch="False" />
          </lines>
        </class>
        <class name="Cafeteria2.Imagenes" filename="Cafeteria2\CafeteriaConexion.designer.cs" line-rate="0" branch-rate="0" complexity="21">
          <methods>
            <method name="get_Id" signature="()" line-rate="0" branch-rate="1" complexity="1">
              <lines>
                <line number="612" hits="0" branch="False" />
                <line number="613" hits="0" branch="False" />
                <line number="614" hits="0" branch="False" />
              </lines>
            </method>
            <method name="set_Id" signature="(System.Int32)" line-rate="0" branch-rate="0" complexity="2">
              <lines>
                <line number="616" hits="0" branch="False" />
                <line number="617" hits="0" branch="True" condition-coverage="0% (0/2)">
                  <conditions>
                    <condition number="15" type="jump" coverage="0%" />
                  </conditions>
                </line>
                <line number="618" hits="0" branch="False" />
                <line number="620" hits="0" branch="False" />
                <line number="621" hits="0" branch="False" />
                <line number="622" hits="0" branch="False" />
                <line number="624" hits="0" branch="False" />
                <line number="625" hits="0" branch="False" />
              </lines>
            </method>
            <method name="get_Nombre" signature="()" line-rate="0" branch-rate="1" complexity="1">
              <lines>
                <line number="632" hits="0" branch="False" />
                <line number="633" hits="0" branch="False" />
                <line number="634" hits="0" branch="False" />
              </lines>
            </method>
            <method name="set_Nombre" signature="(System.String)" line-rate="0" branch-rate="0" complexity="2">
              <lines>
                <line number="636" hits="0" branch="False" />
                <line number="637" hits="0" branch="True" condition-coverage="0% (0/2)">
                  <conditions>
                    <condition number="15" type="jump" coverage="0%" />
                  </conditions>
                </line>
                <line number="638" hits="0" branch="False" />
                <line number="640" hits="0" branch="False" />
                <line number="641" hits="0" branch="False" />
                <line number="642" hits="0" branch="False" />
                <line number="644" hits="0" branch="False" />
                <line number="645" hits="0" branch="False" />
              </lines>
            </method>
            <method name="get_NombreUnico" signature="()" line-rate="0" branch-rate="1" complexity="1">
              <lines>
                <line number="652" hits="0" branch="False" />
                <line number="653" hits="0" branch="False" />
                <line number="654" hits="0" branch="False" />
              </lines>
            </method>
            <method name="set_NombreUnico" signature="(System.String)" line-rate="0" branch-rate="0" complexity="2">
              <lines>
                <line number="656" hits="0" branch="False" />
                <line number="657" hits="0" branch="True" condition-coverage="0% (0/2)">
                  <conditions>
                    <condition number="15" type="jump" coverage="0%" />
                  </conditions>
                </line>
                <line number="658" hits="0" branch="False" />
                <line number="660" hits="0" branch="False" />
                <line number="661" hits="0" branch="False" />
                <line number="662" hits="0" branch="False" />
                <line number="664" hits="0" branch="False" />
                <line number="665" hits="0" branch="False" />
              </lines>
            </method>
            <method name="get_Categoria" signature="()" line-rate="0" branch-rate="1" complexity="1">
              <lines>
                <line number="672" hits="0" branch="False" />
                <line number="673" hits="0" branch="False" />
                <line number="674" hits="0" branch="False" />
              </lines>
            </method>
            <method name="set_Categoria" signature="(System.Data.Linq.Binary)" line-rate="0" branch-rate="0" complexity="2">
              <lines>
                <line number="676" hits="0" branch="False" />
                <line number="677" hits="0" branch="True" condition-coverage="0% (0/2)">
                  <conditions>
                    <condition number="15" type="jump" coverage="0%" />
                  </conditions>
                </line>
                <line number="678" hits="0" branch="False" />
                <line number="680" hits="0" branch="False" />
                <line number="681" hits="0" branch="False" />
                <line number="682" hits="0" branch="False" />
                <line number="684" hits="0" branch="False" />
                <line number="685" hits="0" branch="False" />
              </lines>
            </method>
            <method name="get_imagen" signature="()" line-rate="0" branch-rate="1" complexity="1">
              <lines>
                <line number="692" hits="0" branch="False" />
                <line number="693" hits="0" branch="False" />
                <line number="694" hits="0" branch="False" />
              </lines>
            </method>
            <method name="set_imagen" signature="(System.Data.Linq.Binary)" line-rate="0" branch-rate="0" complexity="2">
              <lines>
                <line number="696" hits="0" branch="False" />
                <line number="697" hits="0" branch="True" condition-coverage="0% (0/2)">
                  <conditions>
                    <condition number="15" type="jump" coverage="0%" />
                  </conditions>
                </line>
                <line number="698" hits="0" branch="False" />
                <line number="700" hits="0" branch="False" />
                <line number="701" hits="0" branch="False" />
                <line number="702" hits="0" branch="False" />
                <line number="704" hits="0" branch="False" />
                <line number="705" hits="0" branch="False" />
              </lines>
            </method>
            <method name="SendPropertyChanging" signature="()" line-rate="0" branch-rate="0" complexity="2">
              <lines>
                <line number="713" hits="0" branch="False" />
                <line number="714" hits="0" branch="True" condition-coverage="0% (0/2)">
                  <conditions>
                    <condition number="12" type="jump" coverage="0%" />
                  </conditions>
                </line>
                <line number="715" hits="0" branch="False" />
                <line number="716" hits="0" branch="False" />
                <line number="717" hits="0" branch="False" />
                <line number="718" hits="0" branch="False" />
              </lines>
            </method>
            <method name="SendPropertyChanged" signature="(System.String)" line-rate="0" branch-rate="0" complexity="2">
              <lines>
                <line number="721" hits="0" branch="False" />
                <line number="722" hits="0" branch="True" condition-coverage="0% (0/2)">
                  <conditions>
                    <condition number="12" type="jump" coverage="0%" />
                  </conditions>
                </line>
                <line number="723" hits="0" branch="False" />
                <line number="724" hits="0" branch="False" />
                <line number="725" hits="0" branch="False" />
                <line number="726" hits="0" branch="False" />
              </lines>
            </method>
            <method name=".ctor" signature="()" line-rate="0" branch-rate="1" complexity="1">
              <lines>
                <line number="603" hits="0" branch="False" />
                <line number="604" hits="0" branch="False" />
                <line number="606" hits="0" branch="False" />
              </lines>
            </method>
            <method name=".cctor" signature="()" line-rate="0" branch-rate="1" complexity="1">
              <lines>
                <line number="575" hits="0" branch="False" />
              </lines>
            </method>
          </methods>
          <lines>
            <line number="612" hits="0" branch="False" />
            <line number="613" hits="0" branch="False" />
            <line number="614" hits="0" branch="False" />
            <line number="616" hits="0" branch="False" />
            <line number="617" hits="0" branch="True" condition-coverage="0% (0/2)">
              <conditions>
                <condition number="15" type="jump" coverage="0%" />
              </conditions>
            </line>
            <line number="618" hits="0" branch="False" />
            <line number="620" hits="0" branch="False" />
            <line number="621" hits="0" branch="False" />
            <line number="622" hits="0" branch="False" />
            <line number="624" hits="0" branch="False" />
            <line number="625" hits="0" branch="False" />
            <line number="632" hits="0" branch="False" />
            <line number="633" hits="0" branch="False" />
            <line number="634" hits="0" branch="False" />
            <line number="636" hits="0" branch="False" />
            <line number="637" hits="0" branch="True" condition-coverage="0% (0/2)">
              <conditions>
                <condition number="15" type="jump" coverage="0%" />
              </conditions>
            </line>
            <line number="638" hits="0" branch="False" />
            <line number="640" hits="0" branch="False" />
            <line number="641" hits="0" branch="False" />
            <line number="642" hits="0" branch="False" />
            <line number="644" hits="0" branch="False" />
            <line number="645" hits="0" branch="False" />
            <line number="652" hits="0" branch="False" />
            <line number="653" hits="0" branch="False" />
            <line number="654" hits="0" branch="False" />
            <line number="656" hits="0" branch="False" />
            <line number="657" hits="0" branch="True" condition-coverage="0% (0/2)">
              <conditions>
                <condition number="15" type="jump" coverage="0%" />
              </conditions>
            </line>
            <line number="658" hits="0" branch="False" />
            <line number="660" hits="0" branch="False" />
            <line number="661" hits="0" branch="False" />
            <line number="662" hits="0" branch="False" />
            <line number="664" hits="0" branch="False" />
            <line number="665" hits="0" branch="False" />
            <line number="672" hits="0" branch="False" />
            <line number="673" hits="0" branch="False" />
            <line number="674" hits="0" branch="False" />
            <line number="676" hits="0" branch="False" />
            <line number="677" hits="0" branch="True" condition-coverage="0% (0/2)">
              <conditions>
                <condition number="15" type="jump" coverage="0%" />
              </conditions>
            </line>
            <line number="678" hits="0" branch="False" />
            <line number="680" hits="0" branch="False" />
            <line number="681" hits="0" branch="False" />
            <line number="682" hits="0" branch="False" />
            <line number="684" hits="0" branch="False" />
            <line number="685" hits="0" branch="False" />
            <line number="692" hits="0" branch="False" />
            <line number="693" hits="0" branch="False" />
            <line number="694" hits="0" branch="False" />
            <line number="696" hits="0" branch="False" />
            <line number="697" hits="0" branch="True" condition-coverage="0% (0/2)">
              <conditions>
                <condition number="15" type="jump" coverage="0%" />
              </conditions>
            </line>
            <line number="698" hits="0" branch="False" />
            <line number="700" hits="0" branch="False" />
            <line number="701" hits="0" branch="False" />
            <line number="702" hits="0" branch="False" />
            <line number="704" hits="0" branch="False" />
            <line number="705" hits="0" branch="False" />
            <line number="713" hits="0" branch="False" />
            <line number="714" hits="0" branch="True" condition-coverage="0% (0/2)">
              <conditions>
                <condition number="12" type="jump" coverage="0%" />
              </conditions>
            </line>
            <line number="715" hits="0" branch="False" />
            <line number="716" hits="0" branch="False" />
            <line number="717" hits="0" branch="False" />
            <line number="718" hits="0" branch="False" />
            <line number="721" hits="0" branch="False" />
            <line number="722" hits="0" branch="True" condition-coverage="0% (0/2)">
              <conditions>
                <condition number="12" type="jump" coverage="0%" />
              </conditions>
            </line>
            <line number="723" hits="0" branch="False" />
            <line number="724" hits="0" branch="False" />
            <line number="725" hits="0" branch="False" />
            <line number="726" hits="0" branch="False" />
            <line number="603" hits="0" branch="False" />
            <line number="604" hits="0" branch="False" />
            <line number="606" hits="0" branch="False" />
            <line number="575" hits="0" branch="False" />
          </lines>
        </class>
        <class name="Cafeteria2.Platillos" filename="Cafeteria2\CafeteriaConexion.designer.cs" line-rate="0" branch-rate="0" complexity="21">
          <methods>
            <method name="get_Id" signature="()" line-rate="0" branch-rate="1" complexity="1">
              <lines>
                <line number="770" hits="0" branch="False" />
                <line number="771" hits="0" branch="False" />
                <line number="772" hits="0" branch="False" />
              </lines>
            </method>
            <method name="set_Id" signature="(System.Int32)" line-rate="0" branch-rate="0" complexity="2">
              <lines>
                <line number="774" hits="0" branch="False" />
                <line number="775" hits="0" branch="True" condition-coverage="0% (0/2)">
                  <conditions>
                    <condition number="15" type="jump" coverage="0%" />
                  </conditions>
                </line>
                <line number="776" hits="0" branch="False" />
                <line number="778" hits="0" branch="False" />
                <line number="779" hits="0" branch="False" />
                <line number="780" hits="0" branch="False" />
                <line number="782" hits="0" branch="False" />
                <line number="783" hits="0" branch="False" />
              </lines>
            </method>
            <method name="get_Nombre" signature="()" line-rate="0" branch-rate="1" complexity="1">
              <lines>
                <line number="790" hits="0" branch="False" />
                <line number="791" hits="0" branch="False" />
                <line number="792" hits="0" branch="False" />
              </lines>
            </method>
            <method name="set_Nombre" signature="(System.String)" line-rate="0" branch-rate="0" complexity="2">
              <lines>
                <line number="794" hits="0" branch="False" />
                <line number="795" hits="0" branch="True" condition-coverage="0% (0/2)">
                  <conditions>
                    <condition number="15" type="jump" coverage="0%" />
                  </conditions>
                </line>
                <line number="796" hits="0" branch="False" />
                <line number="798" hits="0" branch="False" />
                <line number="799" hits="0" branch="False" />
                <line number="800" hits="0" branch="False" />
                <line number="802" hits="0" branch="False" />
                <line number="803" hits="0" branch="False" />
              </lines>
            </method>
            <method name="get_Precio" signature="()" line-rate="0" branch-rate="1" complexity="1">
              <lines>
                <line number="810" hits="0" branch="False" />
                <line number="811" hits="0" branch="False" />
                <line number="812" hits="0" branch="False" />
              </lines>
            </method>
            <method name="set_Precio" signature="(System.Decimal)" line-rate="0" branch-rate="0" complexity="2">
              <lines>
                <line number="814" hits="0" branch="False" />
                <line number="815" hits="0" branch="True" condition-coverage="0% (0/2)">
                  <conditions>
                    <condition number="15" type="jump" coverage="0%" />
                  </conditions>
                </line>
                <line number="816" hits="0" branch="False" />
                <line number="818" hits="0" branch="False" />
                <line number="819" hits="0" branch="False" />
                <line number="820" hits="0" branch="False" />
                <line number="822" hits="0" branch="False" />
                <line number="823" hits="0" branch="False" />
              </lines>
            </method>
            <method name="get_Descripcion" signature="()" line-rate="0" branch-rate="1" complexity="1">
              <lines>
                <line number="830" hits="0" branch="False" />
                <line number="831" hits="0" branch="False" />
                <line number="832" hits="0" branch="False" />
              </lines>
            </method>
            <method name="set_Descripcion" signature="(System.String)" line-rate="0" branch-rate="0" complexity="2">
              <lines>
                <line number="834" hits="0" branch="False" />
                <line number="835" hits="0" branch="True" condition-coverage="0% (0/2)">
                  <conditions>
                    <condition number="15" type="jump" coverage="0%" />
                  </conditions>
                </line>
                <line number="836" hits="0" branch="False" />
                <line number="838" hits="0" branch="False" />
                <line number="839" hits="0" branch="False" />
                <line number="840" hits="0" branch="False" />
                <line number="842" hits="0" branch="False" />
                <line number="843" hits="0" branch="False" />
              </lines>
            </method>
            <method name="get_Existencia" signature="()" line-rate="0" branch-rate="1" complexity="1">
              <lines>
                <line number="850" hits="0" branch="False" />
                <line number="851" hits="0" branch="False" />
                <line number="852" hits="0" branch="False" />
              </lines>
            </method>
            <method name="set_Existencia" signature="(System.Int32)" line-rate="0" branch-rate="0" complexity="2">
              <lines>
                <line number="854" hits="0" branch="False" />
                <line number="855" hits="0" branch="True" condition-coverage="0% (0/2)">
                  <conditions>
                    <condition number="15" type="jump" coverage="0%" />
                  </conditions>
                </line>
                <line number="856" hits="0" branch="False" />
                <line number="858" hits="0" branch="False" />
                <line number="859" hits="0" branch="False" />
                <line number="860" hits="0" branch="False" />
                <line number="862" hits="0" branch="False" />
                <line number="863" hits="0" branch="False" />
              </lines>
            </method>
            <method name="SendPropertyChanging" signature="()" line-rate="0" branch-rate="0" complexity="2">
              <lines>
                <line number="871" hits="0" branch="False" />
                <line number="872" hits="0" branch="True" condition-coverage="0% (0/2)">
                  <conditions>
                    <condition number="12" type="jump" coverage="0%" />
                  </conditions>
                </line>
                <line number="873" hits="0" branch="False" />
                <line number="874" hits="0" branch="False" />
                <line number="875" hits="0" branch="False" />
                <line number="876" hits="0" branch="False" />
              </lines>
            </method>
            <method name="SendPropertyChanged" signature="(System.String)" line-rate="0" branch-rate="0" complexity="2">
              <lines>
                <line number="879" hits="0" branch="False" />
                <line number="880" hits="0" branch="True" condition-coverage="0% (0/2)">
                  <conditions>
                    <condition number="12" type="jump" coverage="0%" />
                  </conditions>
                </line>
                <line number="881" hits="0" branch="False" />
                <line number="882" hits="0" branch="False" />
                <line number="883" hits="0" branch="False" />
                <line number="884" hits="0" branch="False" />
              </lines>
            </method>
            <method name=".ctor" signature="()" line-rate="0" branch-rate="1" complexity="1">
              <lines>
                <line number="761" hits="0" branch="False" />
                <line number="762" hits="0" branch="False" />
                <line number="764" hits="0" branch="False" />
              </lines>
            </method>
            <method name=".cctor" signature="()" line-rate="0" branch-rate="1" complexity="1">
              <lines>
                <line number="733" hits="0" branch="False" />
              </lines>
            </method>
          </methods>
          <lines>
            <line number="770" hits="0" branch="False" />
            <line number="771" hits="0" branch="False" />
            <line number="772" hits="0" branch="False" />
            <line number="774" hits="0" branch="False" />
            <line number="775" hits="0" branch="True" condition-coverage="0% (0/2)">
              <conditions>
                <condition number="15" type="jump" coverage="0%" />
              </conditions>
            </line>
            <line number="776" hits="0" branch="False" />
            <line number="778" hits="0" branch="False" />
            <line number="779" hits="0" branch="False" />
            <line number="780" hits="0" branch="False" />
            <line number="782" hits="0" branch="False" />
            <line number="783" hits="0" branch="False" />
            <line number="790" hits="0" branch="False" />
            <line number="791" hits="0" branch="False" />
            <line number="792" hits="0" branch="False" />
            <line number="794" hits="0" branch="False" />
            <line number="795" hits="0" branch="True" condition-coverage="0% (0/2)">
              <conditions>
                <condition number="15" type="jump" coverage="0%" />
              </conditions>
            </line>
            <line number="796" hits="0" branch="False" />
            <line number="798" hits="0" branch="False" />
            <line number="799" hits="0" branch="False" />
            <line number="800" hits="0" branch="False" />
            <line number="802" hits="0" branch="False" />
            <line number="803" hits="0" branch="False" />
            <line number="810" hits="0" branch="False" />
            <line number="811" hits="0" branch="False" />
            <line number="812" hits="0" branch="False" />
            <line number="814" hits="0" branch="False" />
            <line number="815" hits="0" branch="True" condition-coverage="0% (0/2)">
              <conditions>
                <condition number="15" type="jump" coverage="0%" />
              </conditions>
            </line>
            <line number="816" hits="0" branch="False" />
            <line number="818" hits="0" branch="False" />
            <line number="819" hits="0" branch="False" />
            <line number="820" hits="0" branch="False" />
            <line number="822" hits="0" branch="False" />
            <line number="823" hits="0" branch="False" />
            <line number="830" hits="0" branch="False" />
            <line number="831" hits="0" branch="False" />
            <line number="832" hits="0" branch="False" />
            <line number="834" hits="0" branch="False" />
            <line number="835" hits="0" branch="True" condition-coverage="0% (0/2)">
              <conditions>
                <condition number="15" type="jump" coverage="0%" />
              </conditions>
            </line>
            <line number="836" hits="0" branch="False" />
            <line number="838" hits="0" branch="False" />
            <line number="839" hits="0" branch="False" />
            <line number="840" hits="0" branch="False" />
            <line number="842" hits="0" branch="False" />
            <line number="843" hits="0" branch="False" />
            <line number="850" hits="0" branch="False" />
            <line number="851" hits="0" branch="False" />
            <line number="852" hits="0" branch="False" />
            <line number="854" hits="0" branch="False" />
            <line number="855" hits="0" branch="True" condition-coverage="0% (0/2)">
              <conditions>
                <condition number="15" type="jump" coverage="0%" />
              </conditions>
            </line>
            <line number="856" hits="0" branch="False" />
            <line number="858" hits="0" branch="False" />
            <line number="859" hits="0" branch="False" />
            <line number="860" hits="0" branch="False" />
            <line number="862" hits="0" branch="False" />
            <line number="863" hits="0" branch="False" />
            <line number="871" hits="0" branch="False" />
            <line number="872" hits="0" branch="True" condition-coverage="0% (0/2)">
              <conditions>
                <condition number="12" type="jump" coverage="0%" />
              </conditions>
            </line>
            <line number="873" hits="0" branch="False" />
            <line number="874" hits="0" branch="False" />
            <line number="875" hits="0" branch="False" />
            <line number="876" hits="0" branch="False" />
            <line number="879" hits="0" branch="False" />
            <line number="880" hits="0" branch="True" condition-coverage="0% (0/2)">
              <conditions>
                <condition number="12" type="jump" coverage="0%" />
              </conditions>
            </line>
            <line number="881" hits="0" branch="False" />
            <line number="882" hits="0" branch="False" />
            <line number="883" hits="0" branch="False" />
            <line number="884" hits="0" branch="False" />
            <line number="761" hits="0" branch="False" />
            <line number="762" hits="0" branch="False" />
            <line number="764" hits="0" branch="False" />
            <line number="733" hits="0" branch="False" />
          </lines>
        </class>
        <class name="Cafeteria2.WebApiApplication" filename="Cafeteria2\Global.asax.cs" line-rate="0" branch-rate="1" complexity="1">
          <methods>
            <method name="Application_Start" signature="()" line-rate="0" branch-rate="1" complexity="1">
              <lines>
                <line number="15" hits="0" branch="False" />
                <line number="16" hits="0" branch="False" />
                <line number="17" hits="0" branch="False" />
                <line number="18" hits="0" branch="False" />
                <line number="19" hits="0" branch="False" />
                <line number="20" hits="0" branch="False" />
                <line number="21" hits="0" branch="False" />
              </lines>
            </method>
          </methods>
          <lines>
            <line number="15" hits="0" branch="False" />
            <line number="16" hits="0" branch="False" />
            <line number="17" hits="0" branch="False" />
            <line number="18" hits="0" branch="False" />
            <line number="19" hits="0" branch="False" />
            <line number="20" hits="0" branch="False" />
            <line number="21" hits="0" branch="False" />
          </lines>
        </class>
        <class name="Cafeteria2.Controllers.BebidasController" filename="Cafeteria2\Controllers\BebidasController.cs" line-rate="0.5357" branch-rate="1" complexity="7">
          <methods>
            <method name="Get" signature="()" line-rate="0.5714" branch-rate="1" complexity="1">
              <lines>
                <line number="28" hits="1" branch="False" />
                <line number="30" hits="1" branch="False" />
                <line number="31" hits="1" branch="False" />
                <line number="33" hits="0" branch="False" />
                <line number="34" hits="0" branch="False" />
                <line number="36" hits="0" branch="False" />
                <line number="38" hits="1" branch="False" />
              </lines>
            </method>
            <method name="Get" signature="(System.Int32)" line-rate="1" branch-rate="1" complexity="1">
              <lines>
                <line number="42" hits="6" branch="False" />
                <line number="44" hits="6" branch="False" />
                <line number="45" hits="6" branch="False" />
                <line number="47" hits="1" branch="False" />
                <line number="48" hits="1" branch="False" />
                <line number="50" hits="1" branch="False" />
                <line number="52" hits="6" branch="False" />
              </lines>
            </method>
            <method name="Post" signature="(System.String)" line-rate="0" branch-rate="1" complexity="1">
              <lines>
                <line number="56" hits="0" branch="False" />
                <line number="57" hits="0" branch="False" />
              </lines>
[...]
                <line number="11" hits="0" branch="False" />
                <line number="12" hits="0" branch="False" />
                <line number="13" hits="0" branch="False" />
                <line number="14" hits="0" branch="False" />
              </lines>
            </method>
          </methods>
          <lines>
            <line number="16" hits="0" branch="False" />
            <line number="11" hits="0" branch="False" />
            <line number="12" hits="0" branch="False" />
            <line number="13" hits="0" branch="False" />
            <line number="14" hits="0" branch="False" />
          </lines>
        </class>
        <class name="Cafeteria2.Areas.HelpPage.ModelDescriptions.ModelNameHelper" filename="Cafeteria2\Areas\HelpPage\ModelDescriptions\ModelNameHelper.cs" line-rate="0" branch-rate="0" complexity="6">
          <methods>
            <method name="GetModelName" signature="(System.Type)" line-rate="0" branch-rate="0" complexity="6">
              <lines>
                <line number="12" hits="0" branch="False" />
                <line number="13" hits="0" branch="False" />
                <line number="14" hits="0" branch="True" condition-coverage="0% (0/4)">
                  <conditions>
                    <condition number="9" type="jump" coverage="0%" />
                    <condition number="30" type="jump" coverage="0%" />
                  </conditions>
                </line>
                <line number="15" hits="0" branch="False" />
                <line number="16" hits="0" branch="False" />
                <line number="19" hits="0" branch="False" />
                <line number="20" hits="0" branch="True" condition-coverage="0% (0/2)">
                  <conditions>
                    <condition number="62" type="jump" coverage="0%" />
                  </conditions>
                </line>
                <line number="21" hits="0" branch="False" />
                <line number="23" hits="0" branch="False" />
                <line number="24" hits="0" branch="False" />
                <line number="25" hits="0" branch="False" />
                <line number="28" hits="0" branch="False" />
                <line number="29" hits="0" branch="False" />
                <line number="30" hits="0" branch="False" />
                <line number="31" hits="0" branch="False" />
                <line number="33" hits="0" branch="False" />
                <line number="34" hits="0" branch="False" />
              </lines>
            </method>
          </methods>
          <lines>
            <line number="12" hits="0" branch="False" />
            <line number="13" hits="0" branch="False" />
            <line number="14" hits="0" branch="True" condition-coverage="0% (0/4)">
              <conditions>
                <condition number="9" type="jump" coverage="0%" />
                <condition number="30" type="jump" coverage="0%" />
              </conditions>
            </line>
            <line number="15" hits="0" branch="False" />
            <line number="16" hits="0" branch="False" />
            <line number="19" hits="0" branch="False" />
            <line number="20" hits="0" branch="True" condition-coverage="0% (0/2)">
              <conditions>
                <condition number="62" type="jump" coverage="0%" />
              </conditions>
            </line>
            <line number="21" hits="0" branch="False" />
            <line number="23" hits="0" branch="False" />
            <line number="24" hits="0" branch="False" />
            <line number="25" hits="0" branch="False" />
            <line number="28" hits="0" branch="False" />
            <line number="29" hits="0" branch="False" />
            <line number="30" hits="0" branch="False" />
            <line number="31" hits="0" branch="False" />
            <line number="33" hits="0" branch="False" />
            <line number="34" hits="0" branch="False" />
          </lines>
        </class>
        <class name="Cafeteria2.Areas.HelpPage.ModelDescriptions.ParameterAnnotation" filename="Cafeteria2\Areas\HelpPage\ModelDescriptions\ParameterAnnotation.cs" line-rate="0" branch-rate="1" complexity="2">
          <methods>
            <method name="get_AnnotationAttribute" signature="()" line-rate="0" branch-rate="1" complexity="1">
              <lines>
                <line number="7" hits="0" branch="False" />
              </lines>
            </method>
            <method name="get_Documentation" signature="()" line-rate="0" branch-rate="1" complexity="1">
              <lines>
                <line number="9" hits="0" branch="False" />
              </lines>
            </method>
          </methods>
          <lines>
            <line number="7" hits="0" branch="False" />
            <line number="9" hits="0" branch="False" />
          </lines>
        </class>
        <class name="Cafeteria2.Areas.HelpPage.ModelDescriptions.ParameterDescription" filename="Cafeteria2\Areas\HelpPage\ModelDescriptions\ParameterDescription.cs" line-rate="0" branch-rate="1" complexity="5">
          <methods>
            <method name="get_Annotations" signature="()" line-rate="0" branch-rate="1" complexity="1">
              <lines>
                <line number="13" hits="0" branch="False" />
              </lines>
            </method>
            <method name="get_Documentation" signature="()" line-rate="0" branch-rate="1" complexity="1">
              <lines>
                <line number="15" hits="0" branch="False" />
              </lines>
            </method>
            <method name="get_Name" signature="()" line-rate="0" branch-rate="1" complexity="1">
              <lines>
                <line number="17" hits="0" branch="False" />
              </lines>
            </method>
            <method name="get_TypeDescription" signature="()" line-rate="0" branch-rate="1" complexity="1">
              <lines>
                <line number="19" hits="0" branch="False" />
              </lines>
            </method>
            <method name=".ctor" signature="()" line-rate="0" branch-rate="1" complexity="1">
              <lines>
                <line number="8" hits="0" branch="False" />
                <line number="9" hits="0" branch="False" />
                <line number="10" hits="0" branch="False" />
                <line number="11" hits="0" branch="False" />
              </lines>
            </method>
          </methods>
          <lines>
            <line number="13" hits="0" branch="False" />
            <line number="15" hits="0" branch="False" />
            <line number="17" hits="0" branch="False" />
            <line number="19" hits="0" branch="False" />
            <line number="8" hits="0" branch="False" />
            <line number="9" hits="0" branch="False" />
            <line number="10" hits="0" branch="False" />
            <line number="11" hits="0" branch="False" />
          </lines>
        </class>
        <class name="Cafeteria2.Areas.HelpPage.Controllers.HelpController" filename="Cafeteria2\Areas\HelpPage\Controllers\HelpController.cs" line-rate="0" branch-rate="0" complexity="13">
          <methods>
            <method name="get_Configuration" signature="()" line-rate="0" branch-rate="1" complexity="1">
              <lines>
                <line number="26" hits="0" branch="False" />
              </lines>
            </method>
            <method name="Index" signature="()" line-rate="0" branch-rate="0" complexity="2">
              <lines>
                <line number="29" hits="0" branch="False" />
                <line number="30" hits="0" branch="True" condition-coverage="0% (0/2)">
                  <conditions>
                    <condition number="6" type="jump" coverage="0%" />
                  </conditions>
                </line>
                <line number="31" hits="0" branch="False" />
                <line number="32" hits="0" branch="False" />
              </lines>
            </method>
            <method name="Api" signature="(System.String)" line-rate="0" branch-rate="0" complexity="4">
              <lines>
                <line number="35" hits="0" branch="False" />
                <line number="36" hits="0" branch="True" condition-coverage="0% (0/2)">
                  <conditions>
                    <condition number="12" type="jump" coverage="0%" />
                  </conditions>
                </line>
                <line number="37" hits="0" branch="False" />
                <line number="38" hits="0" branch="False" />
                <line number="39" hits="0" branch="True" condition-coverage="0% (0/2)">
                  <conditions>
                    <condition number="34" type="jump" coverage="0%" />
                  </conditions>
                </line>
                <line number="40" hits="0" branch="False" />
                <line number="41" hits="0" branch="False" />
                <line number="43" hits="0" branch="False" />
                <line number="45" hits="0" branch="False" />
                <line number="46" hits="0" branch="False" />
              </lines>
            </method>
            <method name="ResourceModel" signature="(System.String)" line-rate="0" branch-rate="0" complexity="4">
              <lines>
                <line number="49" hits="0" branch="False" />
                <line number="50" hits="0" branch="True" condition-coverage="0% (0/2)">
                  <conditions>
                    <condition number="12" type="jump" coverage="0%" />
                  </conditions>
                </line>
                <line number="51" hits="0" branch="False" />
                <line number="52" hits="0" branch="False" />
                <line number="54" hits="0" branch="True" condition-coverage="0% (0/2)">
                  <conditions>
                    <condition number="43" type="jump" coverage="0%" />
                  </conditions>
                </line>
                <line number="55" hits="0" branch="False" />
                <line number="56" hits="0" branch="False" />
                <line number="58" hits="0" branch="False" />
                <line number="60" hits="0" branch="False" />
                <line number="61" hits="0" branch="False" />
              </lines>
            </method>
            <method name=".ctor" signature="()" line-rate="0" branch-rate="1" complexity="1">
              <lines>
                <line number="17" hits="0" branch="False" />
                <line number="18" hits="0" branch="False" />
                <line number="19" hits="0" branch="False" />
              </lines>
            </method>
            <method name=".ctor" signature="(System.Web.Http.HttpConfiguration)" line-rate="0" branch-rate="1" complexity="1">
              <lines>
                <line number="21" hits="0" branch="False" />
                <line number="22" hits="0" branch="False" />
                <line number="23" hits="0" branch="False" />
                <line number="24" hits="0" branch="False" />
              </lines>
            </method>
          </methods>
          <lines>
            <line number="26" hits="0" branch="False" />
            <line number="29" hits="0" branch="False" />
            <line number="30" hits="0" branch="True" condition-coverage="0% (0/2)">
              <conditions>
                <condition number="6" type="jump" coverage="0%" />
              </conditions>
            </line>
            <line number="31" hits="0" branch="False" />
            <line number="32" hits="0" branch="False" />
            <line number="35" hits="0" branch="False" />
            <line number="36" hits="0" branch="True" condition-coverage="0% (0/2)">
              <conditions>
                <condition number="12" type="jump" coverage="0%" />
              </conditions>
            </line>
            <line number="37" hits="0" branch="False" />
            <line number="38" hits="0" branch="False" />
            <line number="39" hits="0" branch="True" condition-coverage="0% (0/2)">
              <conditions>
                <condition number="34" type="jump" coverage="0%" />
              </conditions>
            </line>
            <line number="40" hits="0" branch="False" />
            <line number="41" hits="0" branch="False" />
            <line number="43" hits="0" branch="False" />
            <line number="45" hits="0" branch="False" />
            <line number="46" hits="0" branch="False" />
            <line number="49" hits="0" branch="False" />
            <line number="50" hits="0" branch="True" condition-coverage="0% (0/2)">
              <conditions>
                <condition number="12" type="jump" coverage="0%" />
              </conditions>
            </line>
            <line number="51" hits="0" branch="False" />
            <line number="52" hits="0" branch="False" />
            <line number="54" hits="0" branch="True" condition-coverage="0% (0/2)">
              <conditions>
                <condition number="43" type="jump" coverage="0%" />
              </conditions>
            </line>
            <line number="55" hits="0" branch="False" />
            <line number="56" hits="0" branch="False" />
            <line number="58" hits="0" branch="False" />
            <line number="60" hits="0" branch="False" />
            <line number="61" hits="0" branch="False" />
            <line number="17" hits="0" branch="False" />
            <line number="18" hits="0" branch="False" />
            <line number="19" hits="0" branch="False" />
            <line number="21" hits="0" branch="False" />
            <line number="22" hits="0" branch="False" />
            <line number="23" hits="0" branch="False" />
            <line number="24" hits="0" branch="False" />
          </lines>
        </class>
      </classes>
    </package>
    <package name="CafeteriaControllerTest" line-rate="0.9729000000000001" branch-rate="1" complexity="7">
      <classes>
        <class name="CafeteriaControllerTest.BebidasControllerTest" filename="CafeteriaControllerTest\BebidasControllerTest.cs" line-rate="0.9729000000000001" branch-rate="1" complexity="7">
          <methods>
            <method name="Setup" signature="()" line-rate="1" branch-rate="1" complexity="1">
              <lines>
                <line number="23" hits="8" branch="False" />
                <line number="25" hits="8" branch="False" />
                <line number="26" hits="8" branch="False" />
              </lines>
            </method>
            <method name="BebidasController_Crear_DebeController" signature="()" line-rate="0.6666" branch-rate="1" complexity="1">
              <lines>
                <line number="30" hits="1" branch="False" />
                <line number="33" hits="1" branch="False" />
                <line number="34" hits="0" branch="False" />
              </lines>
            </method>
            <method name="BebidasController_GetAll_DebeTraerTegistros" signature="()" line-rate="1" branch-rate="1" complexity="1">
              <lines>
                <line number="39" hits="1" branch="False" />
                <line number="42" hits="1" branch="False" />
                <line number="43" hits="1" branch="False" />
                <line number="45" hits="1" branch="False" />
                <line number="46" hits="1" branch="False" />
                <line number="47" hits="1" branch="False" />
                <line number="48" hits="1" branch="False" />
                <line number="51" hits="1" branch="False" />
                <line number="55" hits="1" branch="False" />
                <line number="56" hits="1" branch="False" />
                <line number="57" hits="1" branch="False" />
              </lines>
            </method>
            <method name="BebidasController_GetById_Ok" signature="(System.Int32)" line-rate="1" branch-rate="1" complexity="1">
              <lines>
                <line number="62" hits="5" branch="False" />
                <line number="64" hits="5" branch="False" />
                <line number="65" hits="5" branch="False" />
                <line number="66" hits="5" branch="False" />
                <line number="67" hits="5" branch="False" />
                <line number="71" hits="5" branch="False" />
                <line number="75" hits="5" branch="False" />
                <line number="76" hits="5" branch="False" />
              </lines>
            </method>
            <method name="BebidasController_GetAllById_DebeLanzarError" signature="()" line-rate="1" branch-rate="1" complexity="1">
              <lines>
                <line number="80" hits="1" branch="False" />
                <line number="82" hits="1" branch="False" />
                <line number="83" hits="1" branch="False" />
                <line number="84" hits="1" branch="False" />
                <line number="85" hits="1" branch="False" />
                <line number="89" hits="1" branch="False" />
                <line number="93" hits="1" branch="False" />
                <line number="94" hits="1" branch="False" />
              </lines>
            </method>
            <method name="TearDown" signature="()" line-rate="1" branch-rate="1" complexity="1">
              <lines>
                <line number="98" hits="8" branch="False" />
                <line number="99" hits="8" branch="False" />
                <line number="100" hits="8" branch="False" />
              </lines>
            </method>
            <method name=".ctor" signature="()" line-rate="1" branch-rate="1" complexity="1">
              <lines>
                <line number="19" hits="1" branch="False" />
              </lines>
            </method>
          </methods>
          <lines>
            <line number="23" hits="8" branch="False" />
            <line number="25" hits="8" branch="False" />
            <line number="26" hits="8" branch="False" />
            <line number="30" hits="1" branch="False" />
            <line number="33" hits="1" branch="False" />
            <line number="34" hits="0" branch="False" />
            <line number="39" hits="1" branch="False" />
            <line number="42" hits="1" branch="False" />
            <line number="43" hits="1" branch="False" />
            <line number="45" hits="1" branch="False" />
            <line number="46" hits="1" branch="False" />
            <line number="47" hits="1" branch="False" />
            <line number="48" hits="1" branch="False" />
            <line number="51" hits="1" branch="False" />
            <line number="55" hits="1" branch="False" />
            <line number="56" hits="1" branch="False" />
            <line number="57" hits="1" branch="False" />
            <line number="62" hits="5" branch="False" />
            <line number="64" hits="5" branch="False" />
            <line number="65" hits="5" branch="False" />
            <line number="66" hits="5" branch="False" />
            <line number="67" hits="5" branch="False" />
            <line number="71" hits="5" branch="False" />
            <line number="75" hits="5" branch="False" />
            <line number="76" hits="5" branch="False" />
            <line number="80" hits="1" branch="False" />
            <line number="82" hits="1" branch="False" />
            <line number="83" hits="1" branch="False" />
            <line number="84" hits="1" branch="False" />
            <line number="85" hits="1" branch="False" />
            <line number="89" hits="1" branch="False" />
            <line number="93" hits="1" branch="False" />
            <line number="94" hits="1" branch="False" />
            <line number="98" hits="8" branch="False" />
            <line number="99" hits="8" branch="False" />
            <line number="100" hits="8" branch="False" />
            <line number="19" hits="1" branch="False" />
          </lines>
        </class>
      </classes>
    </package>
  </packages>
</coverage>