TpTrace Verbose: 0 : 23012, 1, 2023/08/29, 17:20:22.437, 168743743112, vstest.console.dll, Version: 17.5.0-release-20221220-01 Current process architecture: X64
TpTrace Verbose: 0 : 23012, 1, 2023/08/29, 17:20:22.439, 168743765875, vstest.console.dll, Runtime location: C:\Program Files\dotnet\shared\Microsoft.NETCore.App\7.0.5
TpTrace Verbose: 0 : 23012, 1, 2023/08/29, 17:20:22.443, 168743809723, vstest.console.dll, ArtifactProcessingPostProcessModeProcessorExecutor.Initialize: ArtifactProcessingMode.Collect
TpTrace Verbose: 0 : 23012, 1, 2023/08/29, 17:20:22.443, 168743811340, vstest.console.dll, TestSessionCorrelationIdProcessorModeProcessorExecutor.Initialize: TestSessionCorrelationId '24036_ea0826d2-43c9-432b-b4db-ad32a3b84e1f'
TpTrace Information: 0 : 23012, 1, 2023/08/29, 17:20:22.454, 168743922399, vstest.console.dll, FilePatternParser: The given file C:\Users\allpi\source\repos\Cafeteria2\CafeteriaControllerTest\bin\Debug\net48\fine-code-coverage\build-output\CafeteriaControllerTest.dll is a full path.
TpTrace Verbose: 0 : 23012, 1, 2023/08/29, 17:20:22.462, 168743999670, vstest.console.dll, TestPluginCache.DiscoverTestExtensions: finding test extensions in assemblies ends with: RuntimeProvider.dll TPluginInfo: Microsoft.VisualStudio.TestPlatform.Common.ExtensionFramework.Utilities.TestRuntimePluginInformation TExtension: Microsoft.VisualStudio.TestPlatform.ObjectModel.Host.ITestRuntimeProvider
TpTrace Verbose: 0 : 23012, 1, 2023/08/29, 17:20:22.464, 168744019370, vstest.console.dll, TestPluginCache.GetExtensionPaths: Filtered extension paths: 
TpTrace Verbose: 0 : 23012, 1, 2023/08/29, 17:20:22.464, 168744020905, vstest.console.dll, TestPluginCache.GetExtensionPaths: Added default extension paths: C:\Program Files\dotnet\sdk\7.0.203\Extensions\Microsoft.Diagnostics.NETCore.Client.dll
C:\Program Files\dotnet\sdk\7.0.203\Extensions\Microsoft.TestPlatform.Extensions.BlameDataCollector.dll
C:\Program Files\dotnet\sdk\7.0.203\Extensions\Microsoft.TestPlatform.Extensions.EventLogCollector.dll
C:\Program Files\dotnet\sdk\7.0.203\Extensions\Microsoft.TestPlatform.TestHostRuntimeProvider.dll
C:\Program Files\dotnet\sdk\7.0.203\Extensions\Microsoft.VisualStudio.TestPlatform.Extensions.Html.TestLogger.dll
C:\Program Files\dotnet\sdk\7.0.203\Extensions\Microsoft.VisualStudio.TestPlatform.Extensions.Trx.TestLogger.dll
TpTrace Verbose: 0 : 23012, 1, 2023/08/29, 17:20:22.464, 168744021262, vstest.console.dll, TestPluginCache.GetExtensionPaths: Added unfilterableExtensionPaths: 
TpTrace Information: 0 : 23012, 1, 2023/08/29, 17:20:22.465, 168744029415, vstest.console.dll, AssemblyResolver.ctor: Creating AssemblyResolver with searchDirectories C:\Program Files\dotnet\sdk\7.0.203\Extensions,C:\Program Files\dotnet\sdk\7.0.203
TpTrace Verbose: 0 : 23012, 1, 2023/08/29, 17:20:22.467, 168744048961, vstest.console.dll, TestPluginCache.DiscoverTestExtensions: Discovering the extensions using extension path.
TpTrace Verbose: 0 : 23012, 1, 2023/08/29, 17:20:22.467, 168744050950, vstest.console.dll, TestPluginCache.GetExtensionPaths: Filtered extension paths: 
TpTrace Verbose: 0 : 23012, 1, 2023/08/29, 17:20:22.467, 168744051308, vstest.console.dll, TestPluginCache.GetExtensionPaths: Added default extension paths: C:\Program Files\dotnet\sdk\7.0.203\Extensions\Microsoft.Diagnostics.NETCore.Client.dll
C:\Program Files\dotnet\sdk\7.0.203\Extensions\Microsoft.TestPlatform.Extensions.BlameDataCollector.dll
C:\Program Files\dotnet\sdk\7.0.203\Extensions\Microsoft.TestPlatform.Extensions.EventLogCollector.dll
C:\Program Files\dotnet\sdk\7.0.203\Extensions\Microsoft.TestPlatform.TestHostRuntimeProvider.dll
C:\Program Files\dotnet\sdk\7.0.203\Extensions\Microsoft.VisualStudio.TestPlatform.Extensions.Html.TestLogger.dll
C:\Program Files\dotnet\sdk\7.0.203\Extensions\Microsoft.VisualStudio.TestPlatform.Extensions.Trx.TestLogger.dll
TpTrace Verbose: 0 : 23012, 1, 2023/08/29, 17:20:22.467, 168744051619, vstest.console.dll, TestPluginCache.GetExtensionPaths: Added unfilterableExtensionPaths: 
TpTrace Verbose: 0 : 23012, 1, 2023/08/29, 17:20:22.468, 168744052706, vstest.console.dll, TestPluginCache.DiscoverTestExtensions: Discovering the extensions using allExtensionPaths: C:\Program Files\dotnet\sdk\7.0.203\Extensions\Microsoft.Diagnostics.NETCore.Client.dll
C:\Program Files\dotnet\sdk\7.0.203\Extensions\Microsoft.TestPlatform.Extensions.BlameDataCollector.dll
C:\Program Files\dotnet\sdk\7.0.203\Extensions\Microsoft.TestPlatform.Extensions.EventLogCollector.dll
C:\Program Files\dotnet\sdk\7.0.203\Extensions\Microsoft.TestPlatform.TestHostRuntimeProvider.dll
C:\Program Files\dotnet\sdk\7.0.203\Extensions\Microsoft.VisualStudio.TestPlatform.Extensions.Html.TestLogger.dll
C:\Program Files\dotnet\sdk\7.0.203\Extensions\Microsoft.VisualStudio.TestPlatform.Extensions.Trx.TestLogger.dll
TpTrace Information: 0 : 23012, 1, 2023/08/29, 17:20:22.468, 168744054956, vstest.console.dll, AssemblyResolver.AddSearchDirectories: Adding more searchDirectories C:\Program Files\dotnet\sdk\7.0.203\Extensions,C:\Program Files\dotnet\sdk\7.0.203
TpTrace Information: 0 : 23012, 1, 2023/08/29, 17:20:22.468, 168744055711, vstest.console.dll, AssemblyResolver.AddSearchDirectories: Adding more searchDirectories C:\Program Files\dotnet\sdk\7.0.203\Extensions,C:\Program Files\dotnet\sdk\7.0.203
TpTrace Information: 0 : 23012, 1, 2023/08/29, 17:20:22.468, 168744056004, vstest.console.dll, AssemblyResolver.AddSearchDirectories: Adding more searchDirectories C:\Program Files\dotnet\sdk\7.0.203\Extensions,C:\Program Files\dotnet\sdk\7.0.203
TpTrace Information: 0 : 23012, 1, 2023/08/29, 17:20:22.468, 168744056296, vstest.console.dll, AssemblyResolver.AddSearchDirectories: Adding more searchDirectories C:\Program Files\dotnet\sdk\7.0.203\Extensions,C:\Program Files\dotnet\sdk\7.0.203
TpTrace Information: 0 : 23012, 1, 2023/08/29, 17:20:22.468, 168744056516, vstest.console.dll, AssemblyResolver.AddSearchDirectories: Adding more searchDirectories C:\Program Files\dotnet\sdk\7.0.203\Extensions,C:\Program Files\dotnet\sdk\7.0.203
TpTrace Information: 0 : 23012, 1, 2023/08/29, 17:20:22.468, 168744056737, vstest.console.dll, AssemblyResolver.AddSearchDirectories: Adding more searchDirectories C:\Program Files\dotnet\sdk\7.0.203\Extensions,C:\Program Files\dotnet\sdk\7.0.203
TpTrace Information: 0 : 23012, 1, 2023/08/29, 17:20:22.468, 168744061447, vstest.console.dll, AssemblyResolver.OnResolve: Microsoft.Diagnostics.NETCore.Client: Resolving assembly.
TpTrace Information: 0 : 23012, 1, 2023/08/29, 17:20:22.468, 168744062407, vstest.console.dll, AssemblyResolver.OnResolve: Microsoft.Diagnostics.NETCore.Client: Searching in: 'C:\Program Files\dotnet\sdk\7.0.203\Extensions'.
TpTrace Information: 0 : 23012, 1, 2023/08/29, 17:20:22.481, 168744188125, vstest.console.dll, AssemblyResolver.OnResolve: Microsoft.Diagnostics.NETCore.Client: Loading assembly 'C:\Program Files\dotnet\sdk\7.0.203\Extensions\Microsoft.Diagnostics.NETCore.Client.dll'.
TpTrace Information: 0 : 23012, 1, 2023/08/29, 17:20:22.482, 168744195467, vstest.console.dll, AssemblyResolver.OnResolve: Resolved assembly: Microsoft.Diagnostics.NETCore.Client, from path: C:\Program Files\dotnet\sdk\7.0.203\Extensions\Microsoft.Diagnostics.NETCore.Client.dll
TpTrace Verbose: 0 : 23012, 1, 2023/08/29, 17:20:22.483, 168744209751, vstest.console.dll, MetadataReaderExtensionsHelper: Discovering extensions inside assembly 'Microsoft.Diagnostics.NETCore.Client, Version=0.2.6.42401, Culture=neutral, PublicKeyToken=31bf3856ad364e35' file path 'C:\Program Files\dotnet\sdk\7.0.203\Extensions\Microsoft.Diagnostics.NETCore.Client.dll'
TpTrace Information: 0 : 23012, 1, 2023/08/29, 17:20:22.490, 168744279207, vstest.console.dll, AssemblyResolver.OnResolve: Microsoft.Bcl.AsyncInterfaces: Resolving assembly.
TpTrace Information: 0 : 23012, 1, 2023/08/29, 17:20:22.490, 168744280753, vstest.console.dll, AssemblyResolver.OnResolve: Microsoft.Bcl.AsyncInterfaces: Searching in: 'C:\Program Files\dotnet\sdk\7.0.203\Extensions'.
TpTrace Information: 0 : 23012, 1, 2023/08/29, 17:20:22.490, 168744281594, vstest.console.dll, AssemblyResolver.OnResolve: Microsoft.Bcl.AsyncInterfaces: Assembly path does not exist: 'C:\Program Files\dotnet\sdk\7.0.203\Extensions\Microsoft.Bcl.AsyncInterfaces.dll', returning.
TpTrace Information: 0 : 23012, 1, 2023/08/29, 17:20:22.490, 168744282552, vstest.console.dll, AssemblyResolver.OnResolve: Microsoft.Bcl.AsyncInterfaces: Assembly path does not exist: 'C:\Program Files\dotnet\sdk\7.0.203\Extensions\Microsoft.Bcl.AsyncInterfaces.exe', returning.
TpTrace Information: 0 : 23012, 1, 2023/08/29, 17:20:22.491, 168744282845, vstest.console.dll, AssemblyResolver.OnResolve: Microsoft.Bcl.AsyncInterfaces: Searching in: 'C:\Program Files\dotnet\sdk\7.0.203'.
TpTrace Information: 0 : 23012, 1, 2023/08/29, 17:20:22.491, 168744283375, vstest.console.dll, AssemblyResolver.OnResolve: Microsoft.Bcl.AsyncInterfaces: Assembly path does not exist: 'C:\Program Files\dotnet\sdk\7.0.203\Microsoft.Bcl.AsyncInterfaces.dll', returning.
TpTrace Information: 0 : 23012, 1, 2023/08/29, 17:20:22.491, 168744283790, vstest.console.dll, AssemblyResolver.OnResolve: Microsoft.Bcl.AsyncInterfaces: Assembly path does not exist: 'C:\Program Files\dotnet\sdk\7.0.203\Microsoft.Bcl.AsyncInterfaces.exe', returning.
TpTrace Information: 0 : 23012, 1, 2023/08/29, 17:20:22.491, 168744284013, vstest.console.dll, AssemblyResolver.OnResolve: Microsoft.Bcl.AsyncInterfaces: Failed to load assembly.
TpTrace Verbose: 0 : 23012, 1, 2023/08/29, 17:20:22.491, 168744284376, vstest.console.dll, CurrentDomainAssemblyResolve: Resolving assembly 'Microsoft.Bcl.AsyncInterfaces'.
TpTrace Information: 0 : 23012, 1, 2023/08/29, 17:20:22.491, 168744285203, vstest.console.dll, AssemblyResolver.OnResolve: Microsoft.Bcl.AsyncInterfaces: Resolving assembly.
TpTrace Information: 0 : 23012, 1, 2023/08/29, 17:20:22.491, 168744285559, vstest.console.dll, AssemblyResolver.OnResolve: Microsoft.Bcl.AsyncInterfaces: Resolved from cache.
TpTrace Verbose: 0 : 23012, 1, 2023/08/29, 17:20:22.491, 168744285772, vstest.console.dll, CurrentDomainAssemblyResolve: Resolving assembly 'Microsoft.Bcl.AsyncInterfaces'.
TpTrace Verbose: 0 : 23012, 1, 2023/08/29, 17:20:22.491, 168744286102, vstest.console.dll, CurrentDomainAssemblyResolve: Failed to resolve assembly 'Microsoft.Bcl.AsyncInterfaces'.
TpTrace Verbose: 0 : 23012, 1, 2023/08/29, 17:20:22.492, 168744300086, vstest.console.dll, CurrentDomainAssemblyResolve: Failed to resolve assembly 'Microsoft.Bcl.AsyncInterfaces'.
TpTrace Warning: 0 : 23012, 1, 2023/08/29, 17:20:22.501, 168744392388, vstest.console.dll, TestPluginDiscoverer: Failed to get types from assembly 'Microsoft.Diagnostics.NETCore.Client, Version=0.2.6.42401, Culture=neutral, PublicKeyToken=31bf3856ad364e35'. Error: System.Reflection.ReflectionTypeLoadException: Unable to load one or more of the requested types.
Could not load file or assembly 'Microsoft.Bcl.AsyncInterfaces, Version=1.0.0.0, Culture=neutral, PublicKeyToken=cc7b13ffcd2ddd51'. El sistema no puede encontrar el archivo especificado.
   at System.Reflection.RuntimeModule.GetTypes(RuntimeModule module)
   at System.Reflection.Assembly.GetTypes()
   at Microsoft.VisualStudio.TestPlatform.Common.ExtensionFramework.TestPluginDiscoverer.GetTestExtensionsFromAssembly[TPluginInfo,TExtension](Assembly assembly, Dictionary`2 pluginInfos, String filePath)
System.IO.FileNotFoundException: Could not load file or assembly 'Microsoft.Bcl.AsyncInterfaces, Version=1.0.0.0, Culture=neutral, PublicKeyToken=cc7b13ffcd2ddd51'. El sistema no puede encontrar el archivo especificado.
File name: 'Microsoft.Bcl.AsyncInterfaces, Version=1.0.0.0, Culture=neutral, PublicKeyToken=cc7b13ffcd2ddd51'
 ---> System.IO.FileNotFoundException: Could not load file or assembly 'Microsoft.Bcl.AsyncInterfaces, Culture=neutral, PublicKeyToken=null'. El sistema no puede encontrar el archivo especificado.
File name: 'Microsoft.Bcl.AsyncInterfaces, Culture=neutral, PublicKeyToken=null'
   at System.Reflection.RuntimeAssembly.InternalLoad(AssemblyName assemblyName, StackCrawlMark& stackMark, AssemblyLoadContext assemblyLoadContext, RuntimeAssembly requestingAssembly, Boolean throwOnFileNotFound)
   at System.Reflection.Assembly.Load(AssemblyName assemblyRef)
   at Microsoft.VisualStudio.TestPlatform.Common.ExtensionFramework.TestPluginCache.CurrentDomainAssemblyResolve(Object sender, AssemblyResolveEventArgs args)
   at System.Runtime.Loader.AssemblyLoadContext.GetFirstResolvedAssemblyFromResolvingEvent(AssemblyName assemblyName)
   at System.Runtime.Loader.AssemblyLoadContext.ResolveUsingEvent(AssemblyName assemblyName)
   at System.Runtime.Loader.AssemblyLoadContext.ResolveUsingResolvingEvent(IntPtr gchManagedAssemblyLoadContext, AssemblyName assemblyName)
TpTrace Warning: 0 : 23012, 1, 2023/08/29, 17:20:22.502, 168744396867, vstest.console.dll, LoaderExceptions: System.IO.FileNotFoundException: Could not load file or assembly 'Microsoft.Bcl.AsyncInterfaces, Version=1.0.0.0, Culture=neutral, PublicKeyToken=cc7b13ffcd2ddd51'. El sistema no puede encontrar el archivo especificado.
File name: 'Microsoft.Bcl.AsyncInterfaces, Version=1.0.0.0, Culture=neutral, PublicKeyToken=cc7b13ffcd2ddd51'
 ---> System.IO.FileNotFoundException: Could not load file or assembly 'Microsoft.Bcl.AsyncInterfaces, Culture=neutral, PublicKeyToken=null'. El sistema no puede encontrar el archivo especificado.
File name: 'Microsoft.Bcl.AsyncInterfaces, Culture=neutral, PublicKeyToken=null'
   at System.Reflection.RuntimeAssembly.InternalLoad(AssemblyName assemblyName, StackCrawlMark& stackMark, AssemblyLoadContext assemblyLoadContext, RuntimeAssembly requestingAssembly, Boolean throwOnFileNotFound)
   at System.Reflection.Assembly.Load(AssemblyName assemblyRef)
   at Microsoft.VisualStudio.TestPlatform.Common.ExtensionFramework.TestPluginCache.CurrentDomainAssemblyResolve(Object sender, AssemblyResolveEventArgs args)
   at System.Runtime.Loader.AssemblyLoadContext.GetFirstResolvedAssemblyFromResolvingEvent(AssemblyName assemblyName)
   at System.Runtime.Loader.AssemblyLoadContext.ResolveUsingEvent(AssemblyName assemblyName)
   at System.Runtime.Loader.AssemblyLoadContext.ResolveUsingResolvingEvent(IntPtr gchManagedAssemblyLoadContext, AssemblyName assemblyName)
TpTrace Information: 0 : 23012, 1, 2023/08/29, 17:20:22.502, 168744398782, vstest.console.dll, AssemblyResolver.OnResolve: Microsoft.TestPlatform.Extensions.BlameDataCollector: Resolving assembly.
TpTrace Information: 0 : 23012, 1, 2023/08/29, 17:20:22.502, 168744399343, vstest.console.dll, AssemblyResolver.OnResolve: Microsoft.TestPlatform.Extensions.BlameDataCollector: Searching in: 'C:\Program Files\dotnet\sdk\7.0.203\Extensions'.
TpTrace Information: 0 : 23012, 1, 2023/08/29, 17:20:22.503, 168744402601, vstest.console.dll, AssemblyResolver.OnResolve: Microsoft.TestPlatform.Extensions.BlameDataCollector: Loading assembly 'C:\Program Files\dotnet\sdk\7.0.203\Extensions\Microsoft.TestPlatform.Extensions.BlameDataCollector.dll'.
TpTrace Information: 0 : 23012, 1, 2023/08/29, 17:20:22.503, 168744407162, vstest.console.dll, AssemblyResolver.OnResolve: Resolved assembly: Microsoft.TestPlatform.Extensions.BlameDataCollector, from path: C:\Program Files\dotnet\sdk\7.0.203\Extensions\Microsoft.TestPlatform.Extensions.BlameDataCollector.dll
TpTrace Verbose: 0 : 23012, 1, 2023/08/29, 17:20:22.503, 168744408137, vstest.console.dll, MetadataReaderExtensionsHelper: Discovering extensions inside assembly 'Microsoft.TestPlatform.Extensions.BlameDataCollector, Version=15.0.0.0, Culture=neutral, PublicKeyToken=b03f5f7f11d50a3a' file path 'C:\Program Files\dotnet\sdk\7.0.203\Extensions\Microsoft.TestPlatform.Extensions.BlameDataCollector.dll'
TpTrace Information: 0 : 23012, 1, 2023/08/29, 17:20:22.505, 168744424554, vstest.console.dll, AssemblyResolver.OnResolve: Microsoft.TestPlatform.Extensions.EventLogCollector: Resolving assembly.
TpTrace Information: 0 : 23012, 1, 2023/08/29, 17:20:22.505, 168744425520, vstest.console.dll, AssemblyResolver.OnResolve: Microsoft.TestPlatform.Extensions.EventLogCollector: Searching in: 'C:\Program Files\dotnet\sdk\7.0.203\Extensions'.
TpTrace Information: 0 : 23012, 1, 2023/08/29, 17:20:22.505, 168744428047, vstest.console.dll, AssemblyResolver.OnResolve: Microsoft.TestPlatform.Extensions.EventLogCollector: Loading assembly 'C:\Program Files\dotnet\sdk\7.0.203\Extensions\Microsoft.TestPlatform.Extensions.EventLogCollector.dll'.
TpTrace Information: 0 : 23012, 1, 2023/08/29, 17:20:22.505, 168744432322, vstest.console.dll, AssemblyResolver.OnResolve: Resolved assembly: Microsoft.TestPlatform.Extensions.EventLogCollector, from path: C:\Program Files\dotnet\sdk\7.0.203\Extensions\Microsoft.TestPlatform.Extensions.EventLogCollector.dll
TpTrace Verbose: 0 : 23012, 1, 2023/08/29, 17:20:22.506, 168744432992, vstest.console.dll, MetadataReaderExtensionsHelper: Discovering extensions inside assembly 'Microsoft.TestPlatform.Extensions.EventLogCollector, Version=15.0.0.0, Culture=neutral, PublicKeyToken=b03f5f7f11d50a3a' file path 'C:\Program Files\dotnet\sdk\7.0.203\Extensions\Microsoft.TestPlatform.Extensions.EventLogCollector.dll'
TpTrace Information: 0 : 23012, 1, 2023/08/29, 17:20:22.509, 168744470484, vstest.console.dll, AssemblyResolver.OnResolve: Microsoft.TestPlatform.TestHostRuntimeProvider: Resolving assembly.
TpTrace Information: 0 : 23012, 1, 2023/08/29, 17:20:22.509, 168744471700, vstest.console.dll, AssemblyResolver.OnResolve: Microsoft.TestPlatform.TestHostRuntimeProvider: Searching in: 'C:\Program Files\dotnet\sdk\7.0.203\Extensions'.
TpTrace Information: 0 : 23012, 1, 2023/08/29, 17:20:22.510, 168744474489, vstest.console.dll, AssemblyResolver.OnResolve: Microsoft.TestPlatform.TestHostRuntimeProvider: Loading assembly 'C:\Program Files\dotnet\sdk\7.0.203\Extensions\Microsoft.TestPlatform.TestHostRuntimeProvider.dll'.
TpTrace Information: 0 : 23012, 1, 2023/08/29, 17:20:22.510, 168744478527, vstest.console.dll, AssemblyResolver.OnResolve: Resolved assembly: Microsoft.TestPlatform.TestHostRuntimeProvider, from path: C:\Program Files\dotnet\sdk\7.0.203\Extensions\Microsoft.TestPlatform.TestHostRuntimeProvider.dll
TpTrace Verbose: 0 : 23012, 1, 2023/08/29, 17:20:22.510, 168744479368, vstest.console.dll, MetadataReaderExtensionsHelper: Discovering extensions inside assembly 'Microsoft.TestPlatform.TestHostRuntimeProvider, Version=15.0.0.0, Culture=neutral, PublicKeyToken=b03f5f7f11d50a3a' file path 'C:\Program Files\dotnet\sdk\7.0.203\Extensions\Microsoft.TestPlatform.TestHostRuntimeProvider.dll'
TpTrace Information: 0 : 23012, 1, 2023/08/29, 17:20:22.512, 168744498364, vstest.console.dll, GetTestExtensionFromType: Register extension with identifier data 'HostProvider://DefaultTestHost' and type 'Microsoft.VisualStudio.TestPlatform.CrossPlatEngine.Hosting.DefaultTestHostManager, Microsoft.TestPlatform.TestHostRuntimeProvider, Version=15.0.0.0, Culture=neutral, PublicKeyToken=b03f5f7f11d50a3a' inside file 'C:\Program Files\dotnet\sdk\7.0.203\Extensions\Microsoft.TestPlatform.TestHostRuntimeProvider.dll'
TpTrace Information: 0 : 23012, 1, 2023/08/29, 17:20:22.512, 168744501623, vstest.console.dll, GetTestExtensionFromType: Register extension with identifier data 'HostProvider://DotnetTestHost' and type 'Microsoft.VisualStudio.TestPlatform.CrossPlatEngine.Hosting.DotnetTestHostManager, Microsoft.TestPlatform.TestHostRuntimeProvider, Version=15.0.0.0, Culture=neutral, PublicKeyToken=b03f5f7f11d50a3a' inside file 'C:\Program Files\dotnet\sdk\7.0.203\Extensions\Microsoft.TestPlatform.TestHostRuntimeProvider.dll'
TpTrace Information: 0 : 23012, 1, 2023/08/29, 17:20:22.513, 168744502564, vstest.console.dll, AssemblyResolver.OnResolve: Microsoft.VisualStudio.TestPlatform.Extensions.Html.TestLogger: Resolving assembly.
TpTrace Information: 0 : 23012, 1, 2023/08/29, 17:20:22.513, 168744502999, vstest.console.dll, AssemblyResolver.OnResolve: Microsoft.VisualStudio.TestPlatform.Extensions.Html.TestLogger: Searching in: 'C:\Program Files\dotnet\sdk\7.0.203\Extensions'.
TpTrace Information: 0 : 23012, 1, 2023/08/29, 17:20:22.513, 168744505619, vstest.console.dll, AssemblyResolver.OnResolve: Microsoft.VisualStudio.TestPlatform.Extensions.Html.TestLogger: Loading assembly 'C:\Program Files\dotnet\sdk\7.0.203\Extensions\Microsoft.VisualStudio.TestPlatform.Extensions.Html.TestLogger.dll'.
TpTrace Information: 0 : 23012, 1, 2023/08/29, 17:20:22.513, 168744509725, vstest.console.dll, AssemblyResolver.OnResolve: Resolved assembly: Microsoft.VisualStudio.TestPlatform.Extensions.Html.TestLogger, from path: C:\Program Files\dotnet\sdk\7.0.203\Extensions\Microsoft.VisualStudio.TestPlatform.Extensions.Html.TestLogger.dll
TpTrace Verbose: 0 : 23012, 1, 2023/08/29, 17:20:22.513, 168744510603, vstest.console.dll, MetadataReaderExtensionsHelper: Discovering extensions inside assembly 'Microsoft.VisualStudio.TestPlatform.Extensions.Html.TestLogger, Version=15.0.0.0, Culture=neutral, PublicKeyToken=b03f5f7f11d50a3a' file path 'C:\Program Files\dotnet\sdk\7.0.203\Extensions\Microsoft.VisualStudio.TestPlatform.Extensions.Html.TestLogger.dll'
TpTrace Information: 0 : 23012, 1, 2023/08/29, 17:20:22.514, 168744520498, vstest.console.dll, AssemblyResolver.OnResolve: Microsoft.VisualStudio.TestPlatform.Extensions.Trx.TestLogger: Resolving assembly.
TpTrace Information: 0 : 23012, 1, 2023/08/29, 17:20:22.514, 168744521440, vstest.console.dll, AssemblyResolver.OnResolve: Microsoft.VisualStudio.TestPlatform.Extensions.Trx.TestLogger: Searching in: 'C:\Program Files\dotnet\sdk\7.0.203\Extensions'.
TpTrace Information: 0 : 23012, 1, 2023/08/29, 17:20:22.515, 168744524095, vstest.console.dll, AssemblyResolver.OnResolve: Microsoft.VisualStudio.TestPlatform.Extensions.Trx.TestLogger: Loading assembly 'C:\Program Files\dotnet\sdk\7.0.203\Extensions\Microsoft.VisualStudio.TestPlatform.Extensions.Trx.TestLogger.dll'.
TpTrace Information: 0 : 23012, 1, 2023/08/29, 17:20:22.515, 168744529535, vstest.console.dll, AssemblyResolver.OnResolve: Resolved assembly: Microsoft.VisualStudio.TestPlatform.Extensions.Trx.TestLogger, from path: C:\Program Files\dotnet\sdk\7.0.203\Extensions\Microsoft.VisualStudio.TestPlatform.Extensions.Trx.TestLogger.dll
TpTrace Verbose: 0 : 23012, 1, 2023/08/29, 17:20:22.515, 168744530439, vstest.console.dll, MetadataReaderExtensionsHelper: Discovering extensions inside assembly 'Microsoft.VisualStudio.TestPlatform.Extensions.Trx.TestLogger, Version=15.0.0.0, Culture=neutral, PublicKeyToken=b03f5f7f11d50a3a' file path 'C:\Program Files\dotnet\sdk\7.0.203\Extensions\Microsoft.VisualStudio.TestPlatform.Extensions.Trx.TestLogger.dll'
TpTrace Verbose: 0 : 23012, 1, 2023/08/29, 17:20:22.516, 168744541794, vstest.console.dll, TestPluginCache: Discovered the extensions using extension path ''.
TpTrace Verbose: 0 : 23012, 1, 2023/08/29, 17:20:22.517, 168744542625, vstest.console.dll, TestPluginCache: Discoverers are ''.
TpTrace Verbose: 0 : 23012, 1, 2023/08/29, 17:20:22.517, 168744542854, vstest.console.dll, TestPluginCache: Executors are ''.
TpTrace Verbose: 0 : 23012, 1, 2023/08/29, 17:20:22.517, 168744543063, vstest.console.dll, TestPluginCache: Executors2 are ''.
TpTrace Verbose: 0 : 23012, 1, 2023/08/29, 17:20:22.517, 168744543257, vstest.console.dll, TestPluginCache: Setting providers are ''.
TpTrace Verbose: 0 : 23012, 1, 2023/08/29, 17:20:22.517, 168744543453, vstest.console.dll, TestPluginCache: Loggers are ''.
TpTrace Verbose: 0 : 23012, 1, 2023/08/29, 17:20:22.517, 168744544925, vstest.console.dll, TestPluginCache: TestHosts are 'HostProvider://DefaultTestHost,HostProvider://DotnetTestHost'.
TpTrace Verbose: 0 : 23012, 1, 2023/08/29, 17:20:22.517, 168744545167, vstest.console.dll, TestPluginCache: DataCollectors are ''.
TpTrace Information: 0 : 23012, 1, 2023/08/29, 17:20:22.533, 168744706228, vstest.console.dll, RunTestsArgumentProcessor:Execute: Test run is starting.
TpTrace Verbose: 0 : 23012, 1, 2023/08/29, 17:20:22.533, 168744707460, vstest.console.dll, RunTestsArgumentProcessor:Execute: Queuing Test run.
TpTrace Information: 0 : 23012, 1, 2023/08/29, 17:20:22.533, 168744710172, vstest.console.dll, TestRequestManager.RunTests: run tests started.
TpTrace Information: 0 : 23012, 1, 2023/08/29, 17:20:22.535, 168744725362, vstest.console.dll, AssemblyMetadataProvider.GetFrameworkName: Determined framework:'.NETFramework,Version=v4.8' for source: 'C:\Users\allpi\source\repos\Cafeteria2\CafeteriaControllerTest\bin\Debug\net48\fine-code-coverage\build-output\CafeteriaControllerTest.dll'
TpTrace Information: 0 : 23012, 1, 2023/08/29, 17:20:22.535, 168744727432, vstest.console.dll, Determined framework for all sources: .NETFramework,Version=v4.8
TpTrace Verbose: 0 : 23012, 1, 2023/08/29, 17:20:22.535, 168744731857, vstest.console.dll, TestRequestManager.UpdateRunSettingsIfRequired: Default architecture: X64 IsDefaultTargetArchitecture: True, Current process architecture: X64 OperatingSystem: Windows.
TpTrace Information: 0 : 23012, 1, 2023/08/29, 17:20:22.538, 168744753760, vstest.console.dll, AssemblyMetadataProvider.GetArchitecture: Determined architecture:AnyCPU info for assembly: C:\Users\allpi\source\repos\Cafeteria2\CafeteriaControllerTest\bin\Debug\net48\fine-code-coverage\build-output\CafeteriaControllerTest.dll
TpTrace Information: 0 : 23012, 1, 2023/08/29, 17:20:22.538, 168744754611, vstest.console.dll, Determined platform for source 'C:\Users\allpi\source\repos\Cafeteria2\CafeteriaControllerTest\bin\Debug\net48\fine-code-coverage\build-output\CafeteriaControllerTest.dll' was AnyCPU and it will use the default plaform X64.
TpTrace Information: 0 : 23012, 1, 2023/08/29, 17:20:22.538, 168744754881, vstest.console.dll, None of the sources provided any runnable platform, using the default platform: X64
TpTrace Information: 0 : 23012, 1, 2023/08/29, 17:20:22.538, 168744759228, vstest.console.dll, Platform was updated to 'X64'.
TpTrace Information: 0 : 23012, 1, 2023/08/29, 17:20:22.543, 168744808773, vstest.console.dll, InferRunSettingsHelper.IsTestSettingsEnabled: Unable to navigate to RunSettings/MSTest. Current node: RunSettings
TpTrace Information: 0 : 23012, 1, 2023/08/29, 17:20:22.544, 168744818064, vstest.console.dll, AssemblyResolver.OnResolve: Microsoft.VisualStudio.TestPlatform.Fakes: Resolving assembly.
TpTrace Information: 0 : 23012, 1, 2023/08/29, 17:20:22.544, 168744819227, vstest.console.dll, AssemblyResolver.OnResolve: Microsoft.VisualStudio.TestPlatform.Fakes: Searching in: 'C:\Program Files\dotnet\sdk\7.0.203\Extensions'.
TpTrace Information: 0 : 23012, 1, 2023/08/29, 17:20:22.544, 168744820179, vstest.console.dll, AssemblyResolver.OnResolve: Microsoft.VisualStudio.TestPlatform.Fakes: Assembly path does not exist: 'C:\Program Files\dotnet\sdk\7.0.203\Extensions\Microsoft.VisualStudio.TestPlatform.Fakes.dll', returning.
TpTrace Information: 0 : 23012, 1, 2023/08/29, 17:20:22.544, 168744820604, vstest.console.dll, AssemblyResolver.OnResolve: Microsoft.VisualStudio.TestPlatform.Fakes: Assembly path does not exist: 'C:\Program Files\dotnet\sdk\7.0.203\Extensions\Microsoft.VisualStudio.TestPlatform.Fakes.exe', returning.
TpTrace Information: 0 : 23012, 1, 2023/08/29, 17:20:22.544, 168744820817, vstest.console.dll, AssemblyResolver.OnResolve: Microsoft.VisualStudio.TestPlatform.Fakes: Searching in: 'C:\Program Files\dotnet\sdk\7.0.203'.
TpTrace Information: 0 : 23012, 1, 2023/08/29, 17:20:22.544, 168744821328, vstest.console.dll, AssemblyResolver.OnResolve: Microsoft.VisualStudio.TestPlatform.Fakes: Assembly path does not exist: 'C:\Program Files\dotnet\sdk\7.0.203\Microsoft.VisualStudio.TestPlatform.Fakes.dll', returning.
TpTrace Information: 0 : 23012, 1, 2023/08/29, 17:20:22.544, 168744821699, vstest.console.dll, AssemblyResolver.OnResolve: Microsoft.VisualStudio.TestPlatform.Fakes: Assembly path does not exist: 'C:\Program Files\dotnet\sdk\7.0.203\Microsoft.VisualStudio.TestPlatform.Fakes.exe', returning.
TpTrace Information: 0 : 23012, 1, 2023/08/29, 17:20:22.544, 168744821911, vstest.console.dll, AssemblyResolver.OnResolve: Microsoft.VisualStudio.TestPlatform.Fakes: Failed to load assembly.
TpTrace Information: 0 : 23012, 1, 2023/08/29, 17:20:22.545, 168744824858, vstest.console.dll, Failed to load assembly Microsoft.VisualStudio.TestPlatform.Fakes, Version=17.0.0.0, Culture=neutral. Reason:System.IO.FileNotFoundException: Could not load file or assembly 'Microsoft.VisualStudio.TestPlatform.Fakes, Version=17.0.0.0, Culture=neutral, PublicKeyToken=null'. El sistema no puede encontrar el archivo especificado.
File name: 'Microsoft.VisualStudio.TestPlatform.Fakes, Version=17.0.0.0, Culture=neutral, PublicKeyToken=null'
   at System.Reflection.RuntimeAssembly.InternalLoad(AssemblyName assemblyName, StackCrawlMark& stackMark, AssemblyLoadContext assemblyLoadContext, RuntimeAssembly requestingAssembly, Boolean throwOnFileNotFound)
   at System.Reflection.Assembly.Load(AssemblyName assemblyRef)
   at Microsoft.VisualStudio.TestPlatform.Common.Utilities.FakesUtilities.LoadTestPlatformAssembly()
TpTrace Verbose: 0 : 23012, 1, 2023/08/29, 17:20:22.550, 168744877897, vstest.console.dll, TestPluginCache.DiscoverTestExtensions: finding test extensions in assemblies ends with: TestLogger.dll TPluginInfo: Microsoft.VisualStudio.TestPlatform.Common.ExtensionFramework.Utilities.TestLoggerPluginInformation TExtension: Microsoft.VisualStudio.TestPlatform.ObjectModel.Client.ITestLogger
TpTrace Verbose: 0 : 23012, 1, 2023/08/29, 17:20:22.550, 168744880014, vstest.console.dll, TestPluginCache.GetExtensionPaths: Filtered extension paths: 
TpTrace Verbose: 0 : 23012, 1, 2023/08/29, 17:20:22.550, 168744880463, vstest.console.dll, TestPluginCache.GetExtensionPaths: Added default extension paths: C:\Program Files\dotnet\sdk\7.0.203\Extensions\Microsoft.Diagnostics.NETCore.Client.dll
C:\Program Files\dotnet\sdk\7.0.203\Extensions\Microsoft.TestPlatform.Extensions.BlameDataCollector.dll
C:\Program Files\dotnet\sdk\7.0.203\Extensions\Microsoft.TestPlatform.Extensions.EventLogCollector.dll
C:\Program Files\dotnet\sdk\7.0.203\Extensions\Microsoft.TestPlatform.TestHostRuntimeProvider.dll
C:\Program Files\dotnet\sdk\7.0.203\Extensions\Microsoft.VisualStudio.TestPlatform.Extensions.Html.TestLogger.dll
C:\Program Files\dotnet\sdk\7.0.203\Extensions\Microsoft.VisualStudio.TestPlatform.Extensions.Trx.TestLogger.dll
TpTrace Verbose: 0 : 23012, 1, 2023/08/29, 17:20:22.550, 168744880818, vstest.console.dll, TestPluginCache.GetExtensionPaths: Added unfilterableExtensionPaths: 
TpTrace Information: 0 : 23012, 1, 2023/08/29, 17:20:22.550, 168744882156, vstest.console.dll, AssemblyResolver.AddSearchDirectories: Adding more searchDirectories C:\Program Files\dotnet\sdk\7.0.203\Extensions,C:\Program Files\dotnet\sdk\7.0.203
TpTrace Verbose: 0 : 23012, 1, 2023/08/29, 17:20:22.550, 168744882519, vstest.console.dll, TestPluginCache.DiscoverTestExtensions: Discovering the extensions using extension path.
TpTrace Verbose: 0 : 23012, 1, 2023/08/29, 17:20:22.551, 168744882859, vstest.console.dll, TestPluginCache.GetExtensionPaths: Filtered extension paths: 
TpTrace Verbose: 0 : 23012, 1, 2023/08/29, 17:20:22.551, 168744883276, vstest.console.dll, TestPluginCache.GetExtensionPaths: Added default extension paths: C:\Program Files\dotnet\sdk\7.0.203\Extensions\Microsoft.Diagnostics.NETCore.Client.dll
C:\Program Files\dotnet\sdk\7.0.203\Extensions\Microsoft.TestPlatform.Extensions.BlameDataCollector.dll
C:\Program Files\dotnet\sdk\7.0.203\Extensions\Microsoft.TestPlatform.Extensions.EventLogCollector.dll
C:\Program Files\dotnet\sdk\7.0.203\Extensions\Microsoft.TestPlatform.TestHostRuntimeProvider.dll
C:\Program Files\dotnet\sdk\7.0.203\Extensions\Microsoft.VisualStudio.TestPlatform.Extensions.Html.TestLogger.dll
C:\Program Files\dotnet\sdk\7.0.203\Extensions\Microsoft.VisualStudio.TestPlatform.Extensions.Trx.TestLogger.dll
TpTrace Verbose: 0 : 23012, 1, 2023/08/29, 17:20:22.551, 168744883504, vstest.console.dll, TestPluginCache.GetExtensionPaths: Added unfilterableExtensionPaths: 
TpTrace Verbose: 0 : 23012, 1, 2023/08/29, 17:20:22.551, 168744883787, vstest.console.dll, TestPluginCache.DiscoverTestExtensions: Discovering the extensions using allExtensionPaths: C:\Program Files\dotnet\sdk\7.0.203\Extensions\Microsoft.Diagnostics.NETCore.Client.dll
C:\Program Files\dotnet\sdk\7.0.203\Extensions\Microsoft.TestPlatform.Extensions.BlameDataCollector.dll
C:\Program Files\dotnet\sdk\7.0.203\Extensions\Microsoft.TestPlatform.Extensions.EventLogCollector.dll
C:\Program Files\dotnet\sdk\7.0.203\Extensions\Microsoft.TestPlatform.TestHostRuntimeProvider.dll
C:\Program Files\dotnet\sdk\7.0.203\Extensions\Microsoft.VisualStudio.TestPlatform.Extensions.Html.TestLogger.dll
C:\Program Files\dotnet\sdk\7.0.203\Extensions\Microsoft.VisualStudio.TestPlatform.Extensions.Trx.TestLogger.dll
TpTrace Information: 0 : 23012, 1, 2023/08/29, 17:20:22.551, 168744884847, vstest.console.dll, AssemblyResolver.AddSearchDirectories: Adding more searchDirectories C:\Program Files\dotnet\sdk\7.0.203\Extensions,C:\Program Files\dotnet\sdk\7.0.203
TpTrace Information: 0 : 23012, 1, 2023/08/29, 17:20:22.551, 168744885121, vstest.console.dll, AssemblyResolver.AddSearchDirectories: Adding more searchDirectories C:\Program Files\dotnet\sdk\7.0.203\Extensions,C:\Program Files\dotnet\sdk\7.0.203
TpTrace Information: 0 : 23012, 1, 2023/08/29, 17:20:22.551, 168744885348, vstest.console.dll, AssemblyResolver.AddSearchDirectories: Adding more searchDirectories C:\Program Files\dotnet\sdk\7.0.203\Extensions,C:\Program Files\dotnet\sdk\7.0.203
TpTrace Information: 0 : 23012, 1, 2023/08/29, 17:20:22.551, 168744885565, vstest.console.dll, AssemblyResolver.AddSearchDirectories: Adding more searchDirectories C:\Program Files\dotnet\sdk\7.0.203\Extensions,C:\Program Files\dotnet\sdk\7.0.203
TpTrace Information: 0 : 23012, 1, 2023/08/29, 17:20:22.551, 168744885834, vstest.console.dll, AssemblyResolver.AddSearchDirectories: Adding more searchDirectories C:\Program Files\dotnet\sdk\7.0.203\Extensions,C:\Program Files\dotnet\sdk\7.0.203
TpTrace Information: 0 : 23012, 1, 2023/08/29, 17:20:22.551, 168744886053, vstest.console.dll, AssemblyResolver.AddSearchDirectories: Adding more searchDirectories C:\Program Files\dotnet\sdk\7.0.203\Extensions,C:\Program Files\dotnet\sdk\7.0.203
TpTrace Verbose: 0 : 23012, 1, 2023/08/29, 17:20:22.551, 168744887302, vstest.console.dll, MetadataReaderExtensionsHelper: Discovering extensions inside assembly 'Microsoft.Diagnostics.NETCore.Client, Version=0.2.6.42401, Culture=neutral, PublicKeyToken=31bf3856ad364e35' file path 'C:\Program Files\dotnet\sdk\7.0.203\Extensions\Microsoft.Diagnostics.NETCore.Client.dll'
TpTrace Information: 0 : 23012, 1, 2023/08/29, 17:20:22.552, 168744895183, vstest.console.dll, AssemblyResolver.OnResolve: Microsoft.Bcl.AsyncInterfaces: Resolving assembly.
TpTrace Information: 0 : 23012, 1, 2023/08/29, 17:20:22.552, 168744895995, vstest.console.dll, AssemblyResolver.OnResolve: Microsoft.Bcl.AsyncInterfaces: Resolved from cache.
TpTrace Verbose: 0 : 23012, 1, 2023/08/29, 17:20:22.552, 168744896254, vstest.console.dll, CurrentDomainAssemblyResolve: Resolving assembly 'Microsoft.Bcl.AsyncInterfaces'.
TpTrace Information: 0 : 23012, 1, 2023/08/29, 17:20:22.552, 168744896673, vstest.console.dll, AssemblyResolver.OnResolve: Microsoft.Bcl.AsyncInterfaces: Resolving assembly.
TpTrace Information: 0 : 23012, 1, 2023/08/29, 17:20:22.552, 168744896879, vstest.console.dll, AssemblyResolver.OnResolve: Microsoft.Bcl.AsyncInterfaces: Resolved from cache.
TpTrace Verbose: 0 : 23012, 1, 2023/08/29, 17:20:22.552, 168744897130, vstest.console.dll, CurrentDomainAssemblyResolve: Resolving assembly 'Microsoft.Bcl.AsyncInterfaces'.
TpTrace Verbose: 0 : 23012, 1, 2023/08/29, 17:20:22.552, 168744897333, vstest.console.dll, CurrentDomainAssemblyResolve: Failed to resolve assembly 'Microsoft.Bcl.AsyncInterfaces'.
TpTrace Verbose: 0 : 23012, 1, 2023/08/29, 17:20:22.552, 168744899057, vstest.console.dll, CurrentDomainAssemblyResolve: Failed to resolve assembly 'Microsoft.Bcl.AsyncInterfaces'.
TpTrace Warning: 0 : 23012, 1, 2023/08/29, 17:20:22.553, 168744902638, vstest.console.dll, TestPluginDiscoverer: Failed to get types from assembly 'Microsoft.Diagnostics.NETCore.Client, Version=0.2.6.42401, Culture=neutral, PublicKeyToken=31bf3856ad364e35'. Error: System.Reflection.ReflectionTypeLoadException: Unable to load one or more of the requested types.
Could not load file or assembly 'Microsoft.Bcl.AsyncInterfaces, Version=1.0.0.0, Culture=neutral, PublicKeyToken=cc7b13ffcd2ddd51'. El sistema no puede encontrar el archivo especificado.
   at System.Reflection.RuntimeModule.GetTypes(RuntimeModule module)
   at System.Reflection.Assembly.GetTypes()
   at Microsoft.VisualStudio.TestPlatform.Common.ExtensionFramework.TestPluginDiscoverer.GetTestExtensionsFromAssembly[TPluginInfo,TExtension](Assembly assembly, Dictionary`2 pluginInfos, String filePath)
System.IO.FileNotFoundException: Could not load file or assembly 'Microsoft.Bcl.AsyncInterfaces, Version=1.0.0.0, Culture=neutral, PublicKeyToken=cc7b13ffcd2ddd51'. El sistema no puede encontrar el archivo especificado.
File name: 'Microsoft.Bcl.AsyncInterfaces, Version=1.0.0.0, Culture=neutral, PublicKeyToken=cc7b13ffcd2ddd51'
 ---> System.IO.FileNotFoundException: Could not load file or assembly 'Microsoft.Bcl.AsyncInterfaces, Culture=neutral, PublicKeyToken=null'. El sistema no puede encontrar el archivo especificado.
File name: 'Microsoft.Bcl.AsyncInterfaces, Culture=neutral, PublicKeyToken=null'
   at System.Reflection.RuntimeAssembly.InternalLoad(AssemblyName assemblyName, StackCrawlMark& stackMark, AssemblyLoadContext assemblyLoadContext, RuntimeAssembly requestingAssembly, Boolean throwOnFileNotFound)
   at System.Reflection.Assembly.Load(AssemblyName assemblyRef)
   at Microsoft.VisualStudio.TestPlatform.Common.ExtensionFramework.TestPluginCache.CurrentDomainAssemblyResolve(Object sender, AssemblyResolveEventArgs args)
   at System.Runtime.Loader.AssemblyLoadContext.GetFirstResolvedAssemblyFromResolvingEvent(AssemblyName assemblyName)
   at System.Runtime.Loader.AssemblyLoadContext.ResolveUsingEvent(AssemblyName assemblyName)
   at System.Runtime.Loader.AssemblyLoadContext.ResolveUsingResolvingEvent(IntPtr gchManagedAssemblyLoadContext, AssemblyName assemblyName)
TpTrace Warning: 0 : 23012, 1, 2023/08/29, 17:20:22.553, 168744904001, vstest.console.dll, LoaderExceptions: System.IO.FileNotFoundException: Could not load file or assembly 'Microsoft.Bcl.AsyncInterfaces, Version=1.0.0.0, Culture=neutral, PublicKeyToken=cc7b13ffcd2ddd51'. El sistema no puede encontrar el archivo especificado.
File name: 'Microsoft.Bcl.AsyncInterfaces, Version=1.0.0.0, Culture=neutral, PublicKeyToken=cc7b13ffcd2ddd51'
 ---> System.IO.FileNotFoundException: Could not load file or assembly 'Microsoft.Bcl.AsyncInterfaces, Culture=neutral, PublicKeyToken=null'. El sistema no puede encontrar el archivo especificado.
File name: 'Microsoft.Bcl.AsyncInterfaces, Culture=neutral, PublicKeyToken=null'
   at System.Reflection.RuntimeAssembly.InternalLoad(AssemblyName assemblyName, StackCrawlMark& stackMark, AssemblyLoadContext assemblyLoadContext, RuntimeAssembly requestingAssembly, Boolean throwOnFileNotFound)
   at System.Reflection.Assembly.Load(AssemblyName assemblyRef)
   at Microsoft.VisualStudio.TestPlatform.Common.ExtensionFramework.TestPluginCache.CurrentDomainAssemblyResolve(Object sender, AssemblyResolveEventArgs args)
   at System.Runtime.Loader.AssemblyLoadContext.GetFirstResolvedAssemblyFromResolvingEvent(AssemblyName assemblyName)
   at System.Runtime.Loader.AssemblyLoadContext.ResolveUsingEvent(AssemblyName assemblyName)
   at System.Runtime.Loader.AssemblyLoadContext.ResolveUsingResolvingEvent(IntPtr gchManagedAssemblyLoadContext, AssemblyName assemblyName)
TpTrace Verbose: 0 : 23012, 1, 2023/08/29, 17:20:22.553, 168744904686, vstest.console.dll, MetadataReaderExtensionsHelper: Discovering extensions inside assembly 'Microsoft.TestPlatform.Extensions.BlameDataCollector, Version=15.0.0.0, Culture=neutral, PublicKeyToken=b03f5f7f11d50a3a' file path 'C:\Program Files\dotnet\sdk\7.0.203\Extensions\Microsoft.TestPlatform.Extensions.BlameDataCollector.dll'
TpTrace Information: 0 : 23012, 1, 2023/08/29, 17:20:22.553, 168744909723, vstest.console.dll, GetTestExtensionFromType: Register extension with identifier data 'logger://Microsoft/TestPlatform/Extensions/Blame/v1' and type 'Microsoft.TestPlatform.Extensions.BlameDataCollector.BlameLogger, Microsoft.TestPlatform.Extensions.BlameDataCollector, Version=15.0.0.0, Culture=neutral, PublicKeyToken=b03f5f7f11d50a3a' inside file 'C:\Program Files\dotnet\sdk\7.0.203\Extensions\Microsoft.TestPlatform.Extensions.BlameDataCollector.dll'
TpTrace Verbose: 0 : 23012, 1, 2023/08/29, 17:20:22.553, 168744910440, vstest.console.dll, MetadataReaderExtensionsHelper: Discovering extensions inside assembly 'Microsoft.TestPlatform.Extensions.EventLogCollector, Version=15.0.0.0, Culture=neutral, PublicKeyToken=b03f5f7f11d50a3a' file path 'C:\Program Files\dotnet\sdk\7.0.203\Extensions\Microsoft.TestPlatform.Extensions.EventLogCollector.dll'
TpTrace Verbose: 0 : 23012, 1, 2023/08/29, 17:20:22.554, 168744913193, vstest.console.dll, MetadataReaderExtensionsHelper: Discovering extensions inside assembly 'Microsoft.TestPlatform.TestHostRuntimeProvider, Version=15.0.0.0, Culture=neutral, PublicKeyToken=b03f5f7f11d50a3a' file path 'C:\Program Files\dotnet\sdk\7.0.203\Extensions\Microsoft.TestPlatform.TestHostRuntimeProvider.dll'
TpTrace Verbose: 0 : 23012, 1, 2023/08/29, 17:20:22.554, 168744916558, vstest.console.dll, MetadataReaderExtensionsHelper: Discovering extensions inside assembly 'Microsoft.VisualStudio.TestPlatform.Extensions.Html.TestLogger, Version=15.0.0.0, Culture=neutral, PublicKeyToken=b03f5f7f11d50a3a' file path 'C:\Program Files\dotnet\sdk\7.0.203\Extensions\Microsoft.VisualStudio.TestPlatform.Extensions.Html.TestLogger.dll'
TpTrace Information: 0 : 23012, 1, 2023/08/29, 17:20:22.555, 168744923685, vstest.console.dll, GetTestExtensionFromType: Register extension with identifier data 'logger://Microsoft/TestPlatform/HtmlLogger/v1' and type 'Microsoft.VisualStudio.TestPlatform.Extensions.HtmlLogger.HtmlLogger, Microsoft.VisualStudio.TestPlatform.Extensions.Html.TestLogger, Version=15.0.0.0, Culture=neutral, PublicKeyToken=b03f5f7f11d50a3a' inside file 'C:\Program Files\dotnet\sdk\7.0.203\Extensions\Microsoft.VisualStudio.TestPlatform.Extensions.Html.TestLogger.dll'
TpTrace Verbose: 0 : 23012, 1, 2023/08/29, 17:20:22.555, 168744924606, vstest.console.dll, MetadataReaderExtensionsHelper: Discovering extensions inside assembly 'Microsoft.VisualStudio.TestPlatform.Extensions.Trx.TestLogger, Version=15.0.0.0, Culture=neutral, PublicKeyToken=b03f5f7f11d50a3a' file path 'C:\Program Files\dotnet\sdk\7.0.203\Extensions\Microsoft.VisualStudio.TestPlatform.Extensions.Trx.TestLogger.dll'
TpTrace Information: 0 : 23012, 1, 2023/08/29, 17:20:22.555, 168744928838, vstest.console.dll, GetTestExtensionFromType: Register extension with identifier data 'logger://Microsoft/TestPlatform/TrxLogger/v1' and type 'Microsoft.VisualStudio.TestPlatform.Extensions.TrxLogger.TrxLogger, Microsoft.VisualStudio.TestPlatform.Extensions.Trx.TestLogger, Version=15.0.0.0, Culture=neutral, PublicKeyToken=b03f5f7f11d50a3a' inside file 'C:\Program Files\dotnet\sdk\7.0.203\Extensions\Microsoft.VisualStudio.TestPlatform.Extensions.Trx.TestLogger.dll'
TpTrace Verbose: 0 : 23012, 1, 2023/08/29, 17:20:22.555, 168744929914, vstest.console.dll, TestPluginCache: Discovered the extensions using extension path ''.
TpTrace Verbose: 0 : 23012, 1, 2023/08/29, 17:20:22.555, 168744930286, vstest.console.dll, TestPluginCache: Discoverers are ''.
TpTrace Verbose: 0 : 23012, 1, 2023/08/29, 17:20:22.555, 168744930493, vstest.console.dll, TestPluginCache: Executors are ''.
TpTrace Verbose: 0 : 23012, 1, 2023/08/29, 17:20:22.555, 168744930697, vstest.console.dll, TestPluginCache: Executors2 are ''.
TpTrace Verbose: 0 : 23012, 1, 2023/08/29, 17:20:22.555, 168744930890, vstest.console.dll, TestPluginCache: Setting providers are ''.
TpTrace Verbose: 0 : 23012, 1, 2023/08/29, 17:20:22.555, 168744931555, vstest.console.dll, TestPluginCache: Loggers are 'logger://Microsoft/TestPlatform/Extensions/Blame/v1,logger://Microsoft/TestPlatform/HtmlLogger/v1,logger://Microsoft/TestPlatform/TrxLogger/v1'.
TpTrace Verbose: 0 : 23012, 1, 2023/08/29, 17:20:22.555, 168744931884, vstest.console.dll, TestPluginCache: TestHosts are 'HostProvider://DefaultTestHost,HostProvider://DotnetTestHost'.
TpTrace Verbose: 0 : 23012, 1, 2023/08/29, 17:20:22.555, 168744932130, vstest.console.dll, TestPluginCache: DataCollectors are ''.
TpTrace Information: 0 : 23012, 1, 2023/08/29, 17:20:22.557, 168744945988, vstest.console.dll, TestPluginManager.CreateTestExtension: Attempting to load test extension: Microsoft.TestPlatform.Extensions.BlameDataCollector.BlameLogger
TpTrace Verbose: 0 : 23012, 1, 2023/08/29, 17:20:22.568, 168745059924, vstest.console.dll, TestEngine: Initializing Parallel Execution as MaxCpuCount is set to: 1
TpTrace Information: 0 : 23012, 1, 2023/08/29, 17:20:22.571, 168745085264, vstest.console.dll, TestPluginManager.CreateTestExtension: Attempting to load test extension: Microsoft.VisualStudio.TestPlatform.CrossPlatEngine.Hosting.DefaultTestHostManager
TpTrace Information: 0 : 23012, 1, 2023/08/29, 17:20:22.573, 168745109663, vstest.console.dll, InferRunSettingsHelper.IsTestSettingsEnabled: Unable to navigate to RunSettings/MSTest. Current node: RunSettings
TpTrace Verbose: 0 : 23012, 1, 2023/08/29, 17:20:22.579, 168745170627, vstest.console.dll, TestEngine.GetExecutionManager: Chosen execution manager 'Microsoft.VisualStudio.TestPlatform.CrossPlatEngine.Client.Parallel.ParallelProxyExecutionManager, Microsoft.TestPlatform.CrossPlatEngine, Version=15.0.0.0, Culture=neutral, PublicKeyToken=b03f5f7f11d50a3a' ParallelLevel '1'.
TpTrace Verbose: 0 : 23012, 1, 2023/08/29, 17:20:22.580, 168745172706, vstest.console.dll, TestRunRequest.ExecuteAsync: Creating test run request.
TpTrace Verbose: 0 : 23012, 1, 2023/08/29, 17:20:22.580, 168745177808, vstest.console.dll, TestRunRequest.ExecuteAsync: Starting.
TpTrace Information: 0 : 23012, 1, 2023/08/29, 17:20:22.580, 168745181831, vstest.console.dll, TestRunRequest.ExecuteAsync: Starting run with settings:TestRunCriteria:
   KeepAlive=False,FrequencyOfRunStatsChangeEvent=10,RunStatsChangeEventTimeout=00:00:01.5000000,TestCaseFilter=,TestExecutorLauncher=
   Settingsxml=<RunSettings>
  <RunConfiguration>
    <ResultsDirectory>C:\Users\allpi\source\repos\Cafeteria2\CafeteriaControllerTest\bin\Debug\net48\fine-code-coverage\coverage-tool-output</ResultsDirectory>
    <TargetPlatform>X64</TargetPlatform>
    <TargetFrameworkVersion>.NETFramework,Version=v4.8</TargetFrameworkVersion>
    <DesignMode>False</DesignMode>
    <CollectSourceInformation>False</CollectSourceInformation>
  </RunConfiguration>
  <LoggerRunSettings>
    <Loggers>
      <Logger friendlyName="blame" enabled="True" />
      <Logger friendlyName="Console" uri="logger://microsoft/TestPlatform/ConsoleLogger/v1" assemblyQualifiedName="Microsoft.VisualStudio.TestPlatform.CommandLine.Internal.ConsoleLogger, vstest.console, Version=15.0.0.0, Culture=neutral, PublicKeyToken=b03f5f7f11d50a3a" codeBase="C:\Program Files\dotnet\sdk\7.0.203\vstest.console.dll" enabled="True" />
    </Loggers>
  </LoggerRunSettings>
  <DataCollectionRunSettings>
    <DataCollectors>
      <DataCollector friendlyName="blame" enabled="True">
        <Configuration>
          <ResultsDirectory>C:\Users\allpi\source\repos\Cafeteria2\CafeteriaControllerTest\bin\Debug\net48\fine-code-coverage\coverage-tool-output</ResultsDirectory>
        </Configuration>
      </DataCollector>
    </DataCollectors>
  </DataCollectionRunSettings>
</RunSettings>

TpTrace Verbose: 0 : 23012, 1, 2023/08/29, 17:20:22.580, 168745182439, vstest.console.dll, TestRunRequest.ExecuteAsync: Wait for the first run request is over.
TpTrace Verbose: 0 : 23012, 1, 2023/08/29, 17:20:22.581, 168745185949, vstest.console.dll, MulticastDelegateUtilities.SafeInvoke: TestRun.TestRunStart: Invoking callbacks was skipped because there are no subscribers.
TpTrace Verbose: 0 : 23012, 4, 2023/08/29, 17:20:22.581, 168745189815, vstest.console.dll, MulticastDelegateUtilities.SafeInvoke: InternalTestLoggerEvents.SendTestRunStart: Invoking callback 1/1 for Microsoft.VisualStudio.TestPlatform.CommandLine.Internal.ConsoleLogger., took 0 ms.
TpTrace Verbose: 0 : 23012, 1, 2023/08/29, 17:20:22.582, 168745200700, vstest.console.dll, ParallelProxyExecutionManager: Start execution. Total sources: 1
TpTrace Verbose: 0 : 23012, 1, 2023/08/29, 17:20:22.584, 168745220247, vstest.console.dll, TestRequestSender is acting as server.
TpTrace Verbose: 0 : 23012, 1, 2023/08/29, 17:20:22.586, 168745236169, vstest.console.dll, DataCollectionRequestSender.InitializeCommunication : Initialize communication. 
TpTrace Information: 0 : 23012, 1, 2023/08/29, 17:20:22.591, 168745285687, vstest.console.dll, Listening on Endpoint : 127.0.0.1:52437
TpTrace Verbose: 0 : 23012, 1, 2023/08/29, 17:20:22.601, 168745389302, vstest.console.dll, DotnetDataCollectionLauncher: Adding  --runtimeconfig "C:\Program Files\dotnet\sdk\7.0.203\datacollector.runtimeconfig.json" in args
TpTrace Verbose: 0 : 23012, 1, 2023/08/29, 17:20:22.601, 168745390720, vstest.console.dll, DotnetDataCollectionLauncher: Adding  --depsfile "C:\Program Files\dotnet\sdk\7.0.203\datacollector.deps.json" in args
TpTrace Verbose: 0 : 23012, 1, 2023/08/29, 17:20:22.601, 168745392414, vstest.console.dll, DotnetDataCollectionLauncher: Full path of dotnet.exe is C:\Program Files\dotnet\dotnet.exe
TpTrace Information: 0 : 23012, 1, 2023/08/29, 17:20:22.611, 168745488741, vstest.console.dll, ProxyDataCollectionManager.Initialize: Launched datacollector processId: 26724 port: 52437
TpTrace Information: 0 : 23012, 1, 2023/08/29, 17:20:22.611, 168745490744, vstest.console.dll, ProxyDataCollectionManager.Initialize: waiting for connection with timeout: 90 seconds
TpTrace Verbose: 0 : 23012, 1, 2023/08/29, 17:20:22.611, 168745491304, vstest.console.dll, DataCollectionRequestSender.WaitForRequestHandlerConnection : Waiting for connection with timeout: 90000
TpTrace Information: 0 : 23012, 7, 2023/08/29, 17:20:22.815, 168747528108, vstest.console.dll, Using the buffer size of 16384 bytes
TpTrace Verbose: 0 : 23012, 1, 2023/08/29, 17:20:22.815, 168747528515, vstest.console.dll, SocketCommunicationManager.WaitForClientConnection took: 203 ms, with 90000 ms timeout, and finished with True.
TpTrace Information: 0 : 23012, 7, 2023/08/29, 17:20:22.815, 168747529806, vstest.console.dll, Accepted Client request and set the flag
TpTrace Verbose: 0 : 23012, 1, 2023/08/29, 17:20:22.815, 168747531524, vstest.console.dll, ProxyDataCollectionManager.InvokeDataCollectionServiceAction: Starting.
TpTrace Information: 0 : 23012, 1, 2023/08/29, 17:20:22.815, 168747532357, vstest.console.dll, ProxyDataCollectionManager.BeforeTestRunStart: Get environment variable and port for datacollector processId: 26724 port: 52437
TpTrace Verbose: 0 : 23012, 1, 2023/08/29, 17:20:22.816, 168747533378, vstest.console.dll, DataCollectionRequestSender.SendBeforeTestRunStartAndGetResult: Send BeforeTestRunStart message with settingsXml <RunSettings><RunConfiguration><ResultsDirectory>C:\Users\allpi\source\repos\Cafeteria2\CafeteriaControllerTest\bin\Debug\net48\fine-code-coverage\coverage-tool-output</ResultsDirectory><TargetPlatform>X64</TargetPlatform><TargetFrameworkVersion>.NETFramework,Version=v4.8</TargetFrameworkVersion><DesignMode>False</DesignMode><CollectSourceInformation>False</CollectSourceInformation><TestAdaptersPaths>C:\Program Files\dotnet\sdk\7.0.203\Extensions</TestAdaptersPaths></RunConfiguration><LoggerRunSettings><Loggers><Logger friendlyName="blame" enabled="True" /><Logger friendlyName="Console" uri="logger://microsoft/TestPlatform/ConsoleLogger/v1" assemblyQualifiedName="Microsoft.VisualStudio.TestPlatform.CommandLine.Internal.ConsoleLogger, vstest.console, Version=15.0.0.0, Culture=neutral, PublicKeyToken=b03f5f7f11d50a3a" codeBase="C:\Program Files\dotnet\sdk\7.0.203\vstest.console.dll" enabled="True" /></Loggers></LoggerRunSettings><DataCollectionRunSettings><DataCollectors><DataCollector friendlyName="blame" enabled="True"><Configuration><ResultsDirectory>C:\Users\allpi\source\repos\Cafeteria2\CafeteriaControllerTest\bin\Debug\net48\fine-code-coverage\coverage-tool-output</ResultsDirectory></Configuration></DataCollector></DataCollectors></DataCollectionRunSettings></RunSettings> and sources System.Collections.Generic.List`1[System.String]: 
TpTrace Verbose: 0 : 23012, 1, 2023/08/29, 17:20:22.924, 168748614023, vstest.console.dll, DataCollectionRequestSender.SendBeforeTestRunStartAndGetResult: Received message: (DataCollection.SendMessage) -> {"MessageType":"DataCollection.SendMessage","Payload":{"FriendlyName":null,"Uri":null,"TestCaseId":"00000000-0000-0000-0000-000000000000","Message":"Logging DataCollector Diagnostics in file: C:\\Users\\allpi\\source\\repos\\Cafeteria2\\CafeteriaControllerTest\\bin\\Debug\\net48\\fine-code-coverage\\coverage-tool-output\\diagnostics.datacollector.23-08-29_17-20-22_60137_1.log","Level":0}}
TpTrace Verbose: 0 : 23012, 1, 2023/08/29, 17:20:23.038, 168749753892, vstest.console.dll, DataCollectionRequestSender.SendBeforeTestRunStartAndGetResult: Received message: (DataCollection.BeforeTestRunStartResult) -> {"MessageType":"DataCollection.BeforeTestRunStartResult","Payload":{"EnvironmentVariables":{},"DataCollectionEventsPort":52439}}
TpTrace Information: 0 : 23012, 1, 2023/08/29, 17:20:23.045, 168749823257, vstest.console.dll, ProxyDataCollectionManager.BeforeTestRunStart: SendBeforeTestRunStartAndGetResult successful, env variable from datacollector:   and testhost port: 52439
TpTrace Information: 0 : 23012, 1, 2023/08/29, 17:20:23.045, 168749824781, vstest.console.dll, ProxyDataCollectionManager.InvokeDataCollectionServiceAction: Completed.
TpTrace Verbose: 0 : 23012, 1, 2023/08/29, 17:20:23.045, 168749826670, vstest.console.dll, ProxyParallelExecutionManager: No sources available for execution.
TpTrace Verbose: 0 : 23012, 7, 2023/08/29, 17:20:23.045, 168749826614, vstest.console.dll, ParallelProxyExecutionManager: Execution started. Started clients: 1
TpTrace Information: 0 : 23012, 1, 2023/08/29, 17:20:23.045, 168749827474, vstest.console.dll, TestRunRequest.ExecuteAsync: Started.
TpTrace Verbose: 0 : 23012, 1, 2023/08/29, 17:20:23.045, 168749829290, vstest.console.dll, TestRunRequest.WaitForCompletion: Waiting with timeout -1.
TpTrace Verbose: 0 : 23012, 7, 2023/08/29, 17:20:23.045, 168749830948, vstest.console.dll, TestRunRequest:SendTestRunMessage: Starting.
TpTrace Verbose: 0 : 23012, 7, 2023/08/29, 17:20:23.046, 168749833225, vstest.console.dll, MulticastDelegateUtilities.SafeInvoke: TestRun.LogMessages: Invoking callback 1/1 for Microsoft.VisualStudio.TestPlatform.CommandLine.TestRunResultAggregator., took 0 ms.
TpTrace Information: 0 : 23012, 7, 2023/08/29, 17:20:23.046, 168749833733, vstest.console.dll, TestRunRequest:SendTestRunMessage: Completed.
TpTrace Verbose: 0 : 23012, 7, 2023/08/29, 17:20:23.046, 168749835825, vstest.console.dll, ProxyExecutionManager: Test host is always Lazy initialize.
TpTrace Verbose: 0 : 23012, 4, 2023/08/29, 17:20:23.046, 168749837051, vstest.console.dll, MulticastDelegateUtilities.SafeInvoke: InternalTestLoggerEvents.SendTestRunMessage: Invoking callback 1/1 for Microsoft.VisualStudio.TestPlatform.CommandLine.Internal.ConsoleLogger., took 0 ms.
TpTrace Verbose: 0 : 23012, 7, 2023/08/29, 17:20:23.046, 168749838819, vstest.console.dll, TestRequestSender.InitializeCommunication: initialize communication. 
TpTrace Information: 0 : 23012, 7, 2023/08/29, 17:20:23.047, 168749844935, vstest.console.dll, SocketServer.Start: Listening on endpoint : 127.0.0.1:52440
TpTrace Verbose: 0 : 23012, 7, 2023/08/29, 17:20:23.048, 168749857421, vstest.console.dll, DefaultTestHostmanager.GetTestHostProcessStartInfo: Trying to use testhost.net48.exe from C:\Program Files\dotnet\sdk\7.0.203\Extensions\..\TestHostNetFramework\testhost.net48.exe
TpTrace Verbose: 0 : 23012, 7, 2023/08/29, 17:20:23.048, 168749861183, vstest.console.dll, Launching default test Host Process C:\Program Files\dotnet\sdk\7.0.203\Extensions\..\TestHostNetFramework\testhost.net48.exe with arguments  --port 52440 --endpoint 127.0.0.1:052440 --role client --parentprocessid 23012 --diag "C:\Users\allpi\source\repos\Cafeteria2\CafeteriaControllerTest\bin\Debug\net48\fine-code-coverage\coverage-tool-output\diagnostics.host.23-08-29_17-20-23_04770_7.log" --tracelevel 4 --datacollectionport 52439 --telemetryoptedin false
TpTrace Verbose: 0 : 23012, 7, 2023/08/29, 17:20:23.048, 168749861666, vstest.console.dll, DefaultTestHostManager: Starting process 'C:\Program Files\dotnet\sdk\7.0.203\Extensions\..\TestHostNetFramework\testhost.net48.exe' with command line ' --port 52440 --endpoint 127.0.0.1:052440 --role client --parentprocessid 23012 --diag "C:\Users\allpi\source\repos\Cafeteria2\CafeteriaControllerTest\bin\Debug\net48\fine-code-coverage\coverage-tool-output\diagnostics.host.23-08-29_17-20-23_04770_7.log" --tracelevel 4 --datacollectionport 52439 --telemetryoptedin false'
TpTrace Verbose: 0 : 23012, 7, 2023/08/29, 17:20:23.059, 168749971527, vstest.console.dll, MulticastDelegateUtilities.SafeInvoke: HostProviderEvents.OnHostLaunched: Invoking callback 1/2 for Microsoft.VisualStudio.TestPlatform.CrossPlatEngine.Client.ProxyExecutionManagerWithDataCollection., took 3 ms.
TpTrace Verbose: 0 : 23012, 7, 2023/08/29, 17:20:23.060, 168749978758, vstest.console.dll, Test Runtime launched
TpTrace Verbose: 0 : 23012, 7, 2023/08/29, 17:20:23.060, 168749980908, vstest.console.dll, MulticastDelegateUtilities.SafeInvoke: HostProviderEvents.OnHostLaunched: Invoking callback 2/2 for Microsoft.VisualStudio.TestPlatform.CrossPlatEngine.Client.ProxyOperationManager., took 0 ms.
TpTrace Verbose: 0 : 23012, 7, 2023/08/29, 17:20:23.061, 168749986171, vstest.console.dll, TestRequestSender.WaitForRequestHandlerConnection: waiting for connection with timeout: 90000.
TpTrace Verbose: 0 : 23012, 7, 2023/08/29, 17:20:23.281, 168752187889, vstest.console.dll, TestRequestSender.WaitForRequestHandlerConnection: waiting took 220 ms, with timeout 90000 ms, and result 0, which is success.
TpTrace Verbose: 0 : 23012, 12, 2023/08/29, 17:20:23.281, 168752190737, vstest.console.dll, MulticastDelegateUtilities.SafeInvoke: SocketServer: ClientConnected: Invoking callback 1/1 for Microsoft.VisualStudio.TestPlatform.CommunicationUtilities.TestRequestSender., took 0 ms.
TpTrace Verbose: 0 : 23012, 12, 2023/08/29, 17:20:23.282, 168752192660, vstest.console.dll, SocketServer.OnClientConnected: Client connected for endPoint: 127.0.0.1:52440, starting MessageLoopAsync:
TpTrace Verbose: 0 : 23012, 12, 2023/08/29, 17:20:23.282, 168752198764, vstest.console.dll, TcpClientExtensions.MessageLoopAsync: Polling on remoteEndPoint: 127.0.0.1:52441 localEndPoint: 127.0.0.1:52440
TpTrace Verbose: 0 : 23012, 7, 2023/08/29, 17:20:23.282, 168752202421, vstest.console.dll, TestRequestSender.CheckVersionWithTestHost: Sending check version message: {"MessageType":"ProtocolVersion","Payload":7}
TpTrace Verbose: 0 : 23012, 12, 2023/08/29, 17:20:23.336, 168752736879, vstest.console.dll, TcpClientExtensions.MessageLoopAsync: NotifyDataAvailable remoteEndPoint: 127.0.0.1:52441 localEndPoint: 127.0.0.1:52440
TpTrace Verbose: 0 : 23012, 12, 2023/08/29, 17:20:23.336, 168752739740, vstest.console.dll, TestRequestSender.CheckVersionWithTestHost: onMessageReceived received message: (ProtocolVersion) -> {"MessageType":"ProtocolVersion","Payload":7}
TpTrace Verbose: 0 : 23012, 12, 2023/08/29, 17:20:23.337, 168752748346, vstest.console.dll, MulticastDelegateUtilities.SafeInvoke: LengthPrefixCommunicationChannel: MessageReceived: Invoking callback 1/1 for Microsoft.VisualStudio.TestPlatform.CommunicationUtilities.TestRequestSender+<>c__DisplayClass29_0., took 0 ms.
TpTrace Verbose: 0 : 23012, 12, 2023/08/29, 17:20:23.337, 168752749554, vstest.console.dll, TcpClientExtensions.MessageLoopAsync: Polling on remoteEndPoint: 127.0.0.1:52441 localEndPoint: 127.0.0.1:52440
TpTrace Verbose: 0 : 23012, 7, 2023/08/29, 17:20:23.337, 168752749751, vstest.console.dll, TestPluginCache.GetExtensionPaths: Filtered extension paths: 
TpTrace Verbose: 0 : 23012, 7, 2023/08/29, 17:20:23.337, 168752750871, vstest.console.dll, TestPluginCache.GetExtensionPaths: Added default extension paths: C:\Program Files\dotnet\sdk\7.0.203\Extensions\Microsoft.Diagnostics.NETCore.Client.dll
C:\Program Files\dotnet\sdk\7.0.203\Extensions\Microsoft.TestPlatform.Extensions.BlameDataCollector.dll
C:\Program Files\dotnet\sdk\7.0.203\Extensions\Microsoft.TestPlatform.Extensions.EventLogCollector.dll
C:\Program Files\dotnet\sdk\7.0.203\Extensions\Microsoft.TestPlatform.TestHostRuntimeProvider.dll
C:\Program Files\dotnet\sdk\7.0.203\Extensions\Microsoft.VisualStudio.TestPlatform.Extensions.Html.TestLogger.dll
C:\Program Files\dotnet\sdk\7.0.203\Extensions\Microsoft.VisualStudio.TestPlatform.Extensions.Trx.TestLogger.dll
TpTrace Verbose: 0 : 23012, 7, 2023/08/29, 17:20:23.337, 168752751365, vstest.console.dll, TestPluginCache.GetExtensionPaths: Added unfilterableExtensionPaths: 
TpTrace Verbose: 0 : 23012, 7, 2023/08/29, 17:20:23.344, 168752814953, vstest.console.dll, TestRequestSender.InitializeExecution: Sending initialize execution with message: {"Version":7,"MessageType":"TestExecution.Initialize","Payload":["C:\\Program Files\\dotnet\\sdk\\7.0.203\\Extensions\\Microsoft.Diagnostics.NETCore.Client.dll","C:\\Program Files\\dotnet\\sdk\\7.0.203\\Extensions\\Microsoft.TestPlatform.Extensions.BlameDataCollector.dll","C:\\Program Files\\dotnet\\sdk\\7.0.203\\Extensions\\Microsoft.TestPlatform.Extensions.EventLogCollector.dll","C:\\Program Files\\dotnet\\sdk\\7.0.203\\Extensions\\Microsoft.TestPlatform.TestHostRuntimeProvider.dll","C:\\Program Files\\dotnet\\sdk\\7.0.203\\Extensions\\Microsoft.VisualStudio.TestPlatform.Extensions.Html.TestLogger.dll","C:\\Program Files\\dotnet\\sdk\\7.0.203\\Extensions\\Microsoft.VisualStudio.TestPlatform.Extensions.Trx.TestLogger.dll","C:\\Users\\allpi\\source\\repos\\Cafeteria2\\CafeteriaControllerTest\\bin\\Debug\\net48\\fine-code-coverage\\build-output\\NUnit3.TestAdapter.dll"]}
TpTrace Warning: 0 : 23012, 7, 2023/08/29, 17:20:23.344, 168752822131, vstest.console.dll, InferRunSettingsHelper.MakeRunsettingsCompatible: Removing the following settings: TargetPlatform from RunSettings file. To use those settings please move to latest version of Microsoft.NET.Test.Sdk
TpTrace Verbose: 0 : 23012, 7, 2023/08/29, 17:20:23.356, 168752938911, vstest.console.dll, TestRequestSender.StartTestRun: Sending test run with message: {"Version":7,"MessageType":"TestExecution.StartWithSources","Payload":{"AdapterSourceMap":{"_none_":["C:\\Users\\allpi\\source\\repos\\Cafeteria2\\CafeteriaControllerTest\\bin\\Debug\\net48\\fine-code-coverage\\build-output\\CafeteriaControllerTest.dll"]},"RunSettings":"<RunSettings>\r\n  <RunConfiguration>\r\n    <ResultsDirectory>C:\\Users\\allpi\\source\\repos\\Cafeteria2\\CafeteriaControllerTest\\bin\\Debug\\net48\\fine-code-coverage\\coverage-tool-output</ResultsDirectory>\r\n    <TargetFrameworkVersion>.NETFramework,Version=v4.8</TargetFrameworkVersion>\r\n    <DesignMode>False</DesignMode>\r\n    <CollectSourceInformation>False</CollectSourceInformation>\r\n  </RunConfiguration>\r\n  <LoggerRunSettings>\r\n    <Loggers>\r\n      <Logger friendlyName=\"blame\" enabled=\"True\" />\r\n      <Logger friendlyName=\"Console\" uri=\"logger://microsoft/TestPlatform/ConsoleLogger/v1\" assemblyQualifiedName=\"Microsoft.VisualStudio.TestPlatform.CommandLine.Internal.ConsoleLogger, vstest.console, Version=15.0.0.0, Culture=neutral, PublicKeyToken=b03f5f7f11d50a3a\" codeBase=\"C:\\Program Files\\dotnet\\sdk\\7.0.203\\vstest.console.dll\" enabled=\"True\" />\r\n    </Loggers>\r\n  </LoggerRunSettings>\r\n  <DataCollectionRunSettings>\r\n    <DataCollectors>\r\n      <DataCollector friendlyName=\"blame\" enabled=\"True\">\r\n        <Configuration>\r\n          <ResultsDirectory>C:\\Users\\allpi\\source\\repos\\Cafeteria2\\CafeteriaControllerTest\\bin\\Debug\\net48\\fine-code-coverage\\coverage-tool-output</ResultsDirectory>\r\n        </Configuration>\r\n      </DataCollector>\r\n    </DataCollectors>\r\n  </DataCollectionRunSettings>\r\n</RunSettings>","TestExecutionContext":{"FrequencyOfRunStatsChangeEvent":10,"RunStatsChangeEventTimeout":"00:00:01.5000000","InIsolation":false,"KeepAlive":false,"AreTestCaseLevelEventsRequired":false,"IsDebug":false,"TestCaseFilter":null,"FilterOptions":null},"Package":null}}
TpTrace Verbose: 0 : 23012, 12, 2023/08/29, 17:20:23.366, 168753033721, vstest.console.dll, TcpClientExtensions.MessageLoopAsync: NotifyDataAvailable remoteEndPoint: 127.0.0.1:52441 localEndPoint: 127.0.0.1:52440
TpTrace Verbose: 0 : 23012, 12, 2023/08/29, 17:20:23.367, 168753043143, vstest.console.dll, TestRequestSender.OnExecutionMessageReceived: Received message: {"Version":7,"MessageType":"TestSession.Message","Payload":{"MessageLevel":0,"Message":"Registrando diagnstico de TestHost en el archivo: C:\\Users\\allpi\\source\\repos\\Cafeteria2\\CafeteriaControllerTest\\bin\\Debug\\net48\\fine-code-coverage\\coverage-tool-output\\diagnostics.host.23-08-29_17-20-23_04770_7.log"}}
TpTrace Verbose: 0 : 23012, 12, 2023/08/29, 17:20:23.372, 168753092643, vstest.console.dll, TestRunRequest:SendTestRunMessage: Starting.
TpTrace Verbose: 0 : 23012, 12, 2023/08/29, 17:20:23.372, 168753095253, vstest.console.dll, MulticastDelegateUtilities.SafeInvoke: TestRun.LogMessages: Invoking callback 1/1 for Microsoft.VisualStudio.TestPlatform.CommandLine.TestRunResultAggregator., took 0 ms.
TpTrace Information: 0 : 23012, 12, 2023/08/29, 17:20:23.372, 168753096085, vstest.console.dll, TestRunRequest:SendTestRunMessage: Completed.
TpTrace Verbose: 0 : 23012, 4, 2023/08/29, 17:20:23.372, 168753096058, vstest.console.dll, MulticastDelegateUtilities.SafeInvoke: InternalTestLoggerEvents.SendTestRunMessage: Invoking callback 1/1 for Microsoft.VisualStudio.TestPlatform.CommandLine.Internal.ConsoleLogger., took 0 ms.
TpTrace Verbose: 0 : 23012, 12, 2023/08/29, 17:20:23.372, 168753096881, vstest.console.dll, MulticastDelegateUtilities.SafeInvoke: LengthPrefixCommunicationChannel: MessageReceived: Invoking callback 1/1 for Microsoft.VisualStudio.TestPlatform.CommunicationUtilities.TestRequestSender+<>c__DisplayClass34_0., took 5 ms.
TpTrace Verbose: 0 : 23012, 12, 2023/08/29, 17:20:23.372, 168753098658, vstest.console.dll, TcpClientExtensions.MessageLoopAsync: Polling on remoteEndPoint: 127.0.0.1:52441 localEndPoint: 127.0.0.1:52440
TpTrace Verbose: 0 : 23012, 12, 2023/08/29, 17:20:23.880, 168758178328, vstest.console.dll, TcpClientExtensions.MessageLoopAsync: NotifyDataAvailable remoteEndPoint: 127.0.0.1:52441 localEndPoint: 127.0.0.1:52440
TpTrace Verbose: 0 : 23012, 12, 2023/08/29, 17:20:23.880, 168758180321, vstest.console.dll, TestRequestSender.OnExecutionMessageReceived: Received message: {"Version":7,"MessageType":"TestSession.Message","Payload":{"MessageLevel":0,"Message":"NUnit Adapter 3.16.1.0: Test execution started"}}
TpTrace Verbose: 0 : 23012, 12, 2023/08/29, 17:20:23.881, 168758183414, vstest.console.dll, TestRunRequest:SendTestRunMessage: Starting.
TpTrace Verbose: 0 : 23012, 12, 2023/08/29, 17:20:23.881, 168758184267, vstest.console.dll, MulticastDelegateUtilities.SafeInvoke: TestRun.LogMessages: Invoking callback 1/1 for Microsoft.VisualStudio.TestPlatform.CommandLine.TestRunResultAggregator., took 0 ms.
TpTrace Information: 0 : 23012, 12, 2023/08/29, 17:20:23.881, 168758184539, vstest.console.dll, TestRunRequest:SendTestRunMessage: Completed.
TpTrace Verbose: 0 : 23012, 12, 2023/08/29, 17:20:23.881, 168758184768, vstest.console.dll, MulticastDelegateUtilities.SafeInvoke: LengthPrefixCommunicationChannel: MessageReceived: Invoking callback 1/1 for Microsoft.VisualStudio.TestPlatform.CommunicationUtilities.TestRequestSender+<>c__DisplayClass34_0., took 0 ms.
TpTrace Verbose: 0 : 23012, 12, 2023/08/29, 17:20:23.881, 168758185021, vstest.console.dll, TcpClientExtensions.MessageLoopAsync: Polling on remoteEndPoint: 127.0.0.1:52441 localEndPoint: 127.0.0.1:52440
TpTrace Verbose: 0 : 23012, 4, 2023/08/29, 17:20:23.881, 168758185057, vstest.console.dll, MulticastDelegateUtilities.SafeInvoke: InternalTestLoggerEvents.SendTestRunMessage: Invoking callback 1/1 for Microsoft.VisualStudio.TestPlatform.CommandLine.Internal.ConsoleLogger., took 0 ms.
TpTrace Verbose: 0 : 23012, 12, 2023/08/29, 17:20:23.932, 168758694000, vstest.console.dll, TcpClientExtensions.MessageLoopAsync: NotifyDataAvailable remoteEndPoint: 127.0.0.1:52441 localEndPoint: 127.0.0.1:52440
TpTrace Verbose: 0 : 23012, 12, 2023/08/29, 17:20:23.932, 168758696866, vstest.console.dll, TestRequestSender.OnExecutionMessageReceived: Received message: {"Version":7,"MessageType":"TestSession.Message","Payload":{"MessageLevel":0,"Message":"Running all tests in C:\\Users\\allpi\\source\\repos\\Cafeteria2\\CafeteriaControllerTest\\bin\\Debug\\net48\\fine-code-coverage\\build-output\\CafeteriaControllerTest.dll"}}
TpTrace Verbose: 0 : 23012, 12, 2023/08/29, 17:20:23.932, 168758698650, vstest.console.dll, TestRunRequest:SendTestRunMessage: Starting.
TpTrace Verbose: 0 : 23012, 12, 2023/08/29, 17:20:23.932, 168758699302, vstest.console.dll, MulticastDelegateUtilities.SafeInvoke: TestRun.LogMessages: Invoking callback 1/1 for Microsoft.VisualStudio.TestPlatform.CommandLine.TestRunResultAggregator., took 0 ms.
TpTrace Information: 0 : 23012, 12, 2023/08/29, 17:20:23.932, 168758699624, vstest.console.dll, TestRunRequest:SendTestRunMessage: Completed.
TpTrace Verbose: 0 : 23012, 12, 2023/08/29, 17:20:23.932, 168758699846, vstest.console.dll, MulticastDelegateUtilities.SafeInvoke: LengthPrefixCommunicationChannel: MessageReceived: Invoking callback 1/1 for Microsoft.VisualStudio.TestPlatform.CommunicationUtilities.TestRequestSender+<>c__DisplayClass34_0., took 0 ms.
TpTrace Verbose: 0 : 23012, 4, 2023/08/29, 17:20:23.932, 168758699864, vstest.console.dll, MulticastDelegateUtilities.SafeInvoke: InternalTestLoggerEvents.SendTestRunMessage: Invoking callback 1/1 for Microsoft.VisualStudio.TestPlatform.CommandLine.Internal.ConsoleLogger., took 0 ms.
TpTrace Verbose: 0 : 23012, 12, 2023/08/29, 17:20:23.932, 168758700254, vstest.console.dll, TcpClientExtensions.MessageLoopAsync: Polling on remoteEndPoint: 127.0.0.1:52441 localEndPoint: 127.0.0.1:52440
TpTrace Verbose: 0 : 23012, 12, 2023/08/29, 17:20:24.494, 168764315715, vstest.console.dll, TcpClientExtensions.MessageLoopAsync: NotifyDataAvailable remoteEndPoint: 127.0.0.1:52441 localEndPoint: 127.0.0.1:52440
TpTrace Verbose: 0 : 23012, 12, 2023/08/29, 17:20:24.494, 168764317707, vstest.console.dll, TestRequestSender.OnExecutionMessageReceived: Received message: {"Version":7,"MessageType":"TestSession.Message","Payload":{"MessageLevel":0,"Message":"   NUnit3TestExecutor converted 8 of 8 NUnit test cases"}}
TpTrace Verbose: 0 : 23012, 12, 2023/08/29, 17:20:24.494, 168764319144, vstest.console.dll, TestRunRequest:SendTestRunMessage: Starting.
TpTrace Verbose: 0 : 23012, 12, 2023/08/29, 17:20:24.494, 168764319703, vstest.console.dll, MulticastDelegateUtilities.SafeInvoke: TestRun.LogMessages: Invoking callback 1/1 for Microsoft.VisualStudio.TestPlatform.CommandLine.TestRunResultAggregator., took 0 ms.
TpTrace Information: 0 : 23012, 12, 2023/08/29, 17:20:24.494, 168764319966, vstest.console.dll, TestRunRequest:SendTestRunMessage: Completed.
TpTrace Verbose: 0 : 23012, 12, 2023/08/29, 17:20:24.494, 168764320188, vstest.console.dll, MulticastDelegateUtilities.SafeInvoke: LengthPrefixCommunicationChannel: MessageReceived: Invoking callback 1/1 for Microsoft.VisualStudio.TestPlatform.CommunicationUtilities.TestRequestSender+<>c__DisplayClass34_0., took 0 ms.
TpTrace Verbose: 0 : 23012, 12, 2023/08/29, 17:20:24.494, 168764320529, vstest.console.dll, TcpClientExtensions.MessageLoopAsync: Polling on remoteEndPoint: 127.0.0.1:52441 localEndPoint: 127.0.0.1:52440
TpTrace Verbose: 0 : 23012, 4, 2023/08/29, 17:20:24.494, 168764320862, vstest.console.dll, MulticastDelegateUtilities.SafeInvoke: InternalTestLoggerEvents.SendTestRunMessage: Invoking callback 1/1 for Microsoft.VisualStudio.TestPlatform.CommandLine.Internal.ConsoleLogger., took 0 ms.
TpTrace Verbose: 0 : 23012, 12, 2023/08/29, 17:20:25.218, 168771552748, vstest.console.dll, TcpClientExtensions.MessageLoopAsync: NotifyDataAvailable remoteEndPoint: 127.0.0.1:52441 localEndPoint: 127.0.0.1:52440
TpTrace Verbose: 0 : 23012, 12, 2023/08/29, 17:20:25.218, 168771554855, vstest.console.dll, TestRequestSender.OnExecutionMessageReceived: Received message: {"Version":7,"MessageType":"TestExecution.StatsChange","Payload":{"NewTestResults":[],"TestRunStatistics":{"ExecutedTests":0,"Stats":{}},"ActiveTests":[{"Id":"1e3406d1-c06b-bc41-c2d4-09c5882f3e2f","FullyQualifiedName":"CafeteriaControllerTest.BebidasControllerTest.BebidasController_Crear_DebeController","DisplayName":"BebidasController_Crear_DebeController","ExecutorUri":"executor://NUnit3TestExecutor","Source":"C:\\Users\\allpi\\source\\repos\\Cafeteria2\\CafeteriaControllerTest\\bin\\Debug\\net48\\fine-code-coverage\\build-output\\CafeteriaControllerTest.dll","CodeFilePath":null,"LineNumber":0,"Properties":[]}]}}
TpTrace Verbose: 0 : 23012, 12, 2023/08/29, 17:20:25.234, 168771714696, vstest.console.dll, TestRunRequest:SendTestRunStatsChange: Starting.
TpTrace Verbose: 0 : 23012, 12, 2023/08/29, 17:20:25.234, 168771716752, vstest.console.dll, InProgress is BebidasController_Crear_DebeController
TpTrace Verbose: 0 : 23012, 12, 2023/08/29, 17:20:25.234, 168771717906, vstest.console.dll, MulticastDelegateUtilities.SafeInvoke: TestRun.RunStatsChanged: Invoking callbacks was skipped because there are no subscribers.
TpTrace Information: 0 : 23012, 12, 2023/08/29, 17:20:25.234, 168771718180, vstest.console.dll, TestRunRequest:SendTestRunStatsChange: Completed.
TpTrace Verbose: 0 : 23012, 12, 2023/08/29, 17:20:25.234, 168771718444, vstest.console.dll, MulticastDelegateUtilities.SafeInvoke: LengthPrefixCommunicationChannel: MessageReceived: Invoking callback 1/1 for Microsoft.VisualStudio.TestPlatform.CommunicationUtilities.TestRequestSender+<>c__DisplayClass34_0., took 16 ms.
TpTrace Verbose: 0 : 23012, 12, 2023/08/29, 17:20:25.234, 168771718704, vstest.console.dll, TcpClientExtensions.MessageLoopAsync: Polling on remoteEndPoint: 127.0.0.1:52441 localEndPoint: 127.0.0.1:52440
TpTrace Verbose: 0 : 23012, 12, 2023/08/29, 17:20:25.448, 168773856933, vstest.console.dll, TcpClientExtensions.MessageLoopAsync: NotifyDataAvailable remoteEndPoint: 127.0.0.1:52441 localEndPoint: 127.0.0.1:52440
TpTrace Verbose: 0 : 23012, 12, 2023/08/29, 17:20:25.448, 168773858680, vstest.console.dll, TestRequestSender.OnExecutionMessageReceived: Received message: {"Version":7,"MessageType":"TestSession.Message","Payload":{"MessageLevel":0,"Message":"NUnit Adapter 3.16.1.0: Test execution complete"}}
TpTrace Verbose: 0 : 23012, 12, 2023/08/29, 17:20:25.448, 168773859873, vstest.console.dll, TestRunRequest:SendTestRunMessage: Starting.
TpTrace Verbose: 0 : 23012, 4, 2023/08/29, 17:20:25.448, 168773860910, vstest.console.dll, MulticastDelegateUtilities.SafeInvoke: InternalTestLoggerEvents.SendTestRunMessage: Invoking callback 1/1 for Microsoft.VisualStudio.TestPlatform.CommandLine.Internal.ConsoleLogger., took 0 ms.
TpTrace Verbose: 0 : 23012, 12, 2023/08/29, 17:20:25.448, 168773860826, vstest.console.dll, MulticastDelegateUtilities.SafeInvoke: TestRun.LogMessages: Invoking callback 1/1 for Microsoft.VisualStudio.TestPlatform.CommandLine.TestRunResultAggregator., took 0 ms.
TpTrace Information: 0 : 23012, 12, 2023/08/29, 17:20:25.448, 168773862410, vstest.console.dll, TestRunRequest:SendTestRunMessage: Completed.
TpTrace Verbose: 0 : 23012, 12, 2023/08/29, 17:20:25.449, 168773862715, vstest.console.dll, MulticastDelegateUtilities.SafeInvoke: LengthPrefixCommunicationChannel: MessageReceived: Invoking callback 1/1 for Microsoft.VisualStudio.TestPlatform.CommunicationUtilities.TestRequestSender+<>c__DisplayClass34_0., took 0 ms.
TpTrace Verbose: 0 : 23012, 12, 2023/08/29, 17:20:25.449, 168773862983, vstest.console.dll, TcpClientExtensions.MessageLoopAsync: Polling on remoteEndPoint: 127.0.0.1:52441 localEndPoint: 127.0.0.1:52440
TpTrace Verbose: 0 : 23012, 12, 2023/08/29, 17:20:25.492, 168774294819, vstest.console.dll, TcpClientExtensions.MessageLoopAsync: NotifyDataAvailable remoteEndPoint: 127.0.0.1:52441 localEndPoint: 127.0.0.1:52440
TpTrace Verbose: 0 : 23012, 12, 2023/08/29, 17:20:25.492, 168774298890, vstest.console.dll, TestRequestSender.OnExecutionMessageReceived: Received message: {"Version":7,"MessageType":"TestExecution.Completed","Payload":{"TestRunCompleteArgs":{"TestRunStatistics":{"ExecutedTests":8,"Stats":{"Failed":1,"Passed":7}},"IsCanceled":false,"IsAborted":false,"Error":null,"AttachmentSets":[],"InvokedDataCollectors":[],"ElapsedTimeInRunningTests":"00:00:01.6238613","Metrics":{},"DiscoveredExtensions":{"TestDiscoverers":["NUnit.VisualStudio.TestAdapter.NUnit3TestDiscoverer, NUnit3.TestAdapter, Version=3.16.1.0, Culture=neutral, PublicKeyToken=4cb40d35494691ac"],"TestExecutors":["executor://NUnit3TestExecutor"],"TestExecutors2":[],"TestSettingsProviders":[]}},"LastRunTests":{"NewTestResults":[{"TestCase":{"Id":"1e3406d1-c06b-bc41-c2d4-09c5882f3e2f","FullyQualifiedName":"CafeteriaControllerTest.BebidasControllerTest.BebidasController_Crear_DebeController","DisplayName":"BebidasController_Crear_DebeController","ExecutorUri":"executor://NUnit3TestExecutor","Source":"C:\\Users\\allpi\\source\\repos\\Cafeteria2\\CafeteriaControllerTest\\bin\\Debug\\net48\\fine-code-coverage\\build-output\\CafeteriaControllerTest.dll","CodeFilePath":null,"LineNumber":0,"Properties":[]},"Attachments":[],"Outcome":2,"ErrorMessage":"  Expected: not null\r\n  But was:  null\r\n","ErrorStackTrace":"   en CafeteriaControllerTest.BebidasControllerTest.BebidasController_Crear_DebeController() en C:\\Users\\allpi\\source\\repos\\Cafeteria2\\CafeteriaControllerTest\\BebidasControllerTest.cs:lnea 33\r\n","DisplayName":"BebidasController_Crear_DebeController","Messages":[],"ComputerName":"FRODO-VICTUS","Duration":"00:00:00.6360000","StartTime":"2023-08-29T23:20:24+00:00","EndTime":"2023-08-29T23:20:25+00:00","Properties":[]},{"TestCase":{"Id":"a163318c-1e9d-3d74-8a51-dadb904e4045","FullyQualifiedName":"CafeteriaControllerTest.BebidasControllerTest.BebidasController_GetAll_DebeTraerTegistros","DisplayName":"BebidasController_GetAll_DebeTraerTegistros","ExecutorUri":"executor://NUnit3TestExecutor","Source":"C:\\Users\\allpi\\source\\repos\\Cafeteria2\\CafeteriaControllerTest\\bin\\Debug\\net48\\fine-code-coverage\\build-output\\CafeteriaControllerTest.dll","CodeFilePath":null,"LineNumber":0,"Properties":[]},"Attachments":[],"Outcome":1,"ErrorMessage":null,"ErrorStackTrace":null,"DisplayName":"BebidasController_GetAll_DebeTraerTegistros","Messages":[],"ComputerName":"FRODO-VICTUS","Duration":"00:00:00.0640000","StartTime":"2023-08-29T23:20:25+00:00","EndTime":"2023-08-29T23:20:25+00:00","Properties":[]},{"TestCase":{"Id":"a40c1064-402f-1a4d-2ef5-1256e6da087b","FullyQualifiedName":"CafeteriaControllerTest.BebidasControllerTest.BebidasController_GetAllById_DebeLanzarError","DisplayName":"BebidasController_GetAllById_DebeLanzarError","ExecutorUri":"executor://NUnit3TestExecutor","Source":"C:\\Users\\allpi\\source\\repos\\Cafeteria2\\CafeteriaControllerTest\\bin\\Debug\\net48\\fine-code-coverage\\build-output\\CafeteriaControllerTest.dll","CodeFilePath":null,"LineNumber":0,"Properties":[]},"Attachments":[],"Outcome":1,"ErrorMessage":null,"ErrorStackTrace":null,"DisplayName":"BebidasController_GetAllById_DebeLanzarError","Messages":[],"ComputerName":"FRODO-VICTUS","Duration":"00:00:00.0170000","StartTime":"2023-08-29T23:20:25+00:00","EndTime":"2023-08-29T23:20:25+00:00","Properties":[]},{"TestCase":{"Id":"9d10684a-d289-5902-961e-c039916f248d","FullyQualifiedName":"CafeteriaControllerTest.BebidasControllerTest.BebidasController_GetById_Ok(1)","DisplayName":"BebidasController_GetById_Ok(1)","ExecutorUri":"executor://NUnit3TestExecutor","Source":"C:\\Users\\allpi\\source\\repos\\Cafeteria2\\CafeteriaControllerTest\\bin\\Debug\\net48\\fine-code-coverage\\build-output\\CafeteriaControllerTest.dll","CodeFilePath":null,"LineNumber":0,"Properties":[]},"Attachments":[],"Outcome":1,"ErrorMessage":null,"ErrorStackTrace":null,"DisplayName":"BebidasController_GetById_Ok(1)","Messages":[],"ComputerName":"FRODO-VICTUS","Duration":"00:00:00.0740000","StartTime":"2023-08-29T23:20:25+00:00","EndTime":"2023-08-29T23:20:25+00:00","Properties":[]},{"TestCase":{"Id":"3bc4dbcc-8497-7000-264e-2bff50686112","FullyQualifiedName":"CafeteriaControllerTest.BebidasControllerTest.BebidasController_GetById_Ok(2)","DisplayName":"BebidasController_GetById_Ok(2)","ExecutorUri":"executor://NUnit3TestExecutor","Source":"C:\\Users\\allpi\\source\\repos\\Cafeteria2\\CafeteriaControllerTest\\bin\\Debug\\net48\\fine-code-coverage\\build-output\\CafeteriaControllerTest.dll","CodeFilePath":null,"LineNumber":0,"Properties":[]},"Attachments":[],"Outcome":1,"ErrorMessage":null,"ErrorStackTrace":null,"DisplayName":"BebidasController_GetById_Ok(2)","Messages":[],"ComputerName":"FRODO-VICTUS","Duration":"00:00:00.0030000","StartTime":"2023-08-29T23:20:25+00:00","EndTime":"2023-08-29T23:20:25+00:00","Properties":[]},{"TestCase":{"Id":"79c43e4f-9e7a-a279-6efe-8d51f7f84370","FullyQualifiedName":"CafeteriaControllerTest.BebidasControllerTest.BebidasController_GetById_Ok(3)","DisplayName":"BebidasController_GetById_Ok(3)","ExecutorUri":"executor://NUnit3TestExecutor","Source":"C:\\Users\\allpi\\source\\repos\\Cafeteria2\\CafeteriaControllerTest\\bin\\Debug\\net48\\fine-code-coverage\\build-output\\CafeteriaControllerTest.dll","CodeFilePath":null,"LineNumber":0,"Properties":[]},"Attachments":[],"Outcome":1,"ErrorMessage":null,"ErrorStackTrace":null,"DisplayName":"BebidasController_GetById_Ok(3)","Messages":[],"ComputerName":"FRODO-VICTUS","Duration":"00:00:00.0000001","StartTime":"2023-08-29T23:20:25+00:00","EndTime":"2023-08-29T23:20:25+00:00","Properties":[]},{"TestCase":{"Id":"bae706c0-3933-dd5e-55de-f6f1a5995d55","FullyQualifiedName":"CafeteriaControllerTest.BebidasControllerTest.BebidasController_GetById_Ok(4)","DisplayName":"BebidasController_GetById_Ok(4)","ExecutorUri":"executor://NUnit3TestExecutor","Source":"C:\\Users\\allpi\\source\\repos\\Cafeteria2\\CafeteriaControllerTest\\bin\\Debug\\net48\\fine-code-coverage\\build-output\\CafeteriaControllerTest.dll","CodeFilePath":null,"LineNumber":0,"Properties":[]},"Attachments":[],"Outcome":1,"ErrorMessage":null,"ErrorStackTrace":null,"DisplayName":"BebidasController_GetById_Ok(4)","Messages":[],"ComputerName":"FRODO-VICTUS","Duration":"00:00:00.0000001","StartTime":"2023-08-29T23:20:25+00:00","EndTime":"2023-08-29T23:20:25+00:00","Properties":[]},{"TestCase":{"Id":"c043cac2-37a8-2502-244c-44de500d7c14","FullyQualifiedName":"CafeteriaControllerTest.BebidasControllerTest.BebidasController_GetById_Ok(5)","DisplayName":"BebidasController_GetById_Ok(5)","ExecutorUri":"executor://NUnit3TestExecutor","Source":"C:\\Users\\allpi\\source\\repos\\Cafeteria2\\CafeteriaControllerTest\\bin\\Debug\\net48\\fine-code-coverage\\build-output\\CafeteriaControllerTest.dll","CodeFilePath":null,"LineNumber":0,"Properties":[]},"Attachments":[],"Outcome":1,"ErrorMessage":null,"ErrorStackTrace":null,"DisplayName":"BebidasController_GetById_Ok(5)","Messages":[],"ComputerName":"FRODO-VICTUS","Duration":"00:00:00.0000001","StartTime":"2023-08-29T23:20:25+00:00","EndTime":"2023-08-29T23:20:25+00:00","Properties":[]}],"TestRunStatistics":{"ExecutedTests":8,"Stats":{"Failed":1,"Passed":7}},"ActiveTests":[]},"RunAttachments":[],"ExecutorUris":["executor://nunit3testexecutor/"]}}
TpTrace Verbose: 0 : 23012, 12, 2023/08/29, 17:20:25.492, 168774300542, vstest.console.dll, TestRequestSender.EndSession: Sending end session.
TpTrace Verbose: 0 : 23012, 12, 2023/08/29, 17:20:25.492, 168774302495, vstest.console.dll, ProxyOperationManager.Close: waiting for test host to exit for 100 ms
TpTrace Warning: 0 : 23012, 11, 2023/08/29, 17:20:25.502, 168774393903, vstest.console.dll, TestHostManagerCallbacks.ErrorReceivedCallback Test host standard error line: 
TpTrace Verbose: 0 : 23012, 11, 2023/08/29, 17:20:25.511, 168774486613, vstest.console.dll, TestHostProvider.ExitCallBack: Host exited starting callback.
TpTrace Information: 0 : 23012, 11, 2023/08/29, 17:20:25.511, 168774488606, vstest.console.dll, TestHostManagerCallbacks.ExitCallBack: Testhost processId: 5512 exited with exitcode: 0 error: ''
TpTrace Verbose: 0 : 23012, 11, 2023/08/29, 17:20:25.511, 168774489326, vstest.console.dll, CrossPlatEngine.TestHostManagerHostExited: calling on client process exit callback.
TpTrace Information: 0 : 23012, 11, 2023/08/29, 17:20:25.511, 168774489868, vstest.console.dll, TestRequestSender.OnClientProcessExit: Test host process exited. Standard error: 
TpTrace Information: 0 : 23012, 11, 2023/08/29, 17:20:25.511, 168774490217, vstest.console.dll, SocketServer.Stop: Stop server endPoint: 127.0.0.1:52440
TpTrace Information: 0 : 23012, 11, 2023/08/29, 17:20:25.511, 168774490444, vstest.console.dll, SocketServer.Stop: Cancellation requested. Stopping message loop.
TpTrace Information: 0 : 23012, 12, 2023/08/29, 17:20:25.511, 168774491492, vstest.console.dll, SocketServer.Stop: Stop server endPoint: 127.0.0.1:52440
TpTrace Information: 0 : 23012, 12, 2023/08/29, 17:20:25.511, 168774492390, vstest.console.dll, SocketServer.Stop: Cancellation requested. Stopping message loop.
TpTrace Verbose: 0 : 23012, 11, 2023/08/29, 17:20:25.511, 168774491523, vstest.console.dll, MulticastDelegateUtilities.SafeInvoke: HostProviderEvents.OnHostExited: Invoking callback 1/1 for Microsoft.VisualStudio.TestPlatform.CrossPlatEngine.Client.ProxyOperationManager., took 0 ms.
TpTrace Information: 0 : 23012, 12, 2023/08/29, 17:20:25.512, 168774492894, vstest.console.dll, Closing the connection
TpTrace Verbose: 0 : 23012, 12, 2023/08/29, 17:20:25.512, 168774496615, vstest.console.dll, ProxyDataCollectionManager.InvokeDataCollectionServiceAction: Starting.
TpTrace Information: 0 : 23012, 12, 2023/08/29, 17:20:25.512, 168774497167, vstest.console.dll, ProxyDataCollectionManager.AfterTestRunEnd: Get attachment set and invoked data collectors processId: 26724 port: 52437
TpTrace Verbose: 0 : 23012, 12, 2023/08/29, 17:20:25.512, 168774497574, vstest.console.dll, DataCollectionRequestSender.SendAfterTestRunStartAndGetResult: Send AfterTestRunEnd message with isCancelled: False
TpTrace Verbose: 0 : 23012, 12, 2023/08/29, 17:20:25.521, 168774586829, vstest.console.dll, DataCollectionRequestSender.SendAfterTestRunStartAndGetResult: Received message: (DataCollection.AfterTestRunEndResult) -> {"MessageType":"DataCollection.AfterTestRunEndResult","Payload":{"AttachmentSets":[],"InvokedDataCollectors":[{"Uri":"datacollector://Microsoft/TestPlatform/Extensions/Blame/v1","FriendlyName":"Blame","AssemblyQualifiedName":"Microsoft.TestPlatform.Extensions.BlameDataCollector.BlameCollector, Microsoft.TestPlatform.Extensions.BlameDataCollector, Version=15.0.0.0, Culture=neutral, PublicKeyToken=b03f5f7f11d50a3a","FilePath":"C:\\Program Files\\dotnet\\sdk\\7.0.203\\Extensions\\Microsoft.TestPlatform.Extensions.BlameDataCollector.dll","HasAttachmentProcessor":false}],"Metrics":{}}}
TpTrace Warning: 0 : 23012, 9, 2023/08/29, 17:20:25.526, 168774641701, vstest.console.dll, DataCollectionLauncher.ErrorReceivedCallback datacollector standard error line: 
TpTrace Information: 0 : 23012, 12, 2023/08/29, 17:20:25.529, 168774669949, vstest.console.dll, ProxyDataCollectionManager.InvokeDataCollectionServiceAction: Completed.
TpTrace Information: 0 : 23012, 9, 2023/08/29, 17:20:25.536, 168774739585, vstest.console.dll, DataCollectionLauncher.ExitCallBack: Data collector exited with exitcode: 0 error: ''
TpTrace Verbose: 0 : 23012, 12, 2023/08/29, 17:20:25.594, 168775321375, vstest.console.dll, TestRunRequest:SendTestRunStatsChange: Starting.
TpTrace Verbose: 0 : 23012, 12, 2023/08/29, 17:20:25.595, 168775325110, vstest.console.dll, MulticastDelegateUtilities.SafeInvoke: TestRun.RunStatsChanged: Invoking callbacks was skipped because there are no subscribers.
TpTrace Information: 0 : 23012, 12, 2023/08/29, 17:20:25.595, 168775325619, vstest.console.dll, TestRunRequest:SendTestRunStatsChange: Completed.
TpTrace Verbose: 0 : 23012, 12, 2023/08/29, 17:20:25.595, 168775330978, vstest.console.dll, ParallelProxyExecutionManager: HandlePartialRunComplete: Total completed clients = 1, Run complete = True, Run canceled: False.
TpTrace Verbose: 0 : 23012, 4, 2023/08/29, 17:20:25.598, 168775352874, vstest.console.dll, MulticastDelegateUtilities.SafeInvoke: InternalTestLoggerEvents.SendTestResult: Invoking callback 1/1 for Microsoft.VisualStudio.TestPlatform.CommandLine.Internal.ConsoleLogger., took 2 ms.
TpTrace Verbose: 0 : 23012, 4, 2023/08/29, 17:20:25.598, 168775358936, vstest.console.dll, MulticastDelegateUtilities.SafeInvoke: InternalTestLoggerEvents.SendTestResult: Invoking callback 1/1 for Microsoft.VisualStudio.TestPlatform.CommandLine.Internal.ConsoleLogger., took 0 ms.
TpTrace Verbose: 0 : 23012, 4, 2023/08/29, 17:20:25.598, 168775360797, vstest.console.dll, MulticastDelegateUtilities.SafeInvoke: InternalTestLoggerEvents.SendTestResult: Invoking callback 1/1 for Microsoft.VisualStudio.TestPlatform.CommandLine.Internal.ConsoleLogger., took 0 ms.
TpTrace Verbose: 0 : 23012, 4, 2023/08/29, 17:20:25.598, 168775361490, vstest.console.dll, MulticastDelegateUtilities.SafeInvoke: InternalTestLoggerEvents.SendTestResult: Invoking callback 1/1 for Microsoft.VisualStudio.TestPlatform.CommandLine.Internal.ConsoleLogger., took 0 ms.
TpTrace Verbose: 0 : 23012, 4, 2023/08/29, 17:20:25.598, 168775362065, vstest.console.dll, MulticastDelegateUtilities.SafeInvoke: InternalTestLoggerEvents.SendTestResult: Invoking callback 1/1 for Microsoft.VisualStudio.TestPlatform.CommandLine.Internal.ConsoleLogger., took 0 ms.
TpTrace Verbose: 0 : 23012, 4, 2023/08/29, 17:20:25.598, 168775362388, vstest.console.dll, MulticastDelegateUtilities.SafeInvoke: InternalTestLoggerEvents.SendTestResult: Invoking callback 1/1 for Microsoft.VisualStudio.TestPlatform.CommandLine.Internal.ConsoleLogger., took 0 ms.
TpTrace Verbose: 0 : 23012, 4, 2023/08/29, 17:20:25.599, 168775362997, vstest.console.dll, MulticastDelegateUtilities.SafeInvoke: InternalTestLoggerEvents.SendTestResult: Invoking callback 1/1 for Microsoft.VisualStudio.TestPlatform.CommandLine.Internal.ConsoleLogger., took 0 ms.
TpTrace Verbose: 0 : 23012, 4, 2023/08/29, 17:20:25.599, 168775363274, vstest.console.dll, MulticastDelegateUtilities.SafeInvoke: InternalTestLoggerEvents.SendTestResult: Invoking callback 1/1 for Microsoft.VisualStudio.TestPlatform.CommandLine.Internal.ConsoleLogger., took 0 ms.
TpTrace Verbose: 0 : 23012, 4, 2023/08/29, 17:20:25.607, 168775452131, vstest.console.dll, MulticastDelegateUtilities.SafeInvoke: InternalTestLoggerEvents.SendTestRunComplete: Invoking callback 1/2 for Microsoft.TestPlatform.Extensions.BlameDataCollector.BlameLogger., took 0 ms.
TpTrace Verbose: 0 : 23012, 4, 2023/08/29, 17:20:25.618, 168775561237, vstest.console.dll, MulticastDelegateUtilities.SafeInvoke: InternalTestLoggerEvents.SendTestRunComplete: Invoking callback 2/2 for Microsoft.VisualStudio.TestPlatform.CommandLine.Internal.ConsoleLogger., took 10 ms.
TpTrace Verbose: 0 : 23012, 12, 2023/08/29, 17:20:25.619, 168775566283, vstest.console.dll, TestRunRequest:TestRunComplete: Starting. IsAborted:False IsCanceled:False.
TpTrace Verbose: 0 : 23012, 12, 2023/08/29, 17:20:25.620, 168775582471, vstest.console.dll, TestLoggerManager.HandleTestRunComplete: Ignoring as the object is disposed.
TpTrace Verbose: 0 : 23012, 12, 2023/08/29, 17:20:25.621, 168775585945, vstest.console.dll, MulticastDelegateUtilities.SafeInvoke: TestRun.TestRunComplete: Invoking callback 1/2 for Microsoft.VisualStudio.TestPlatform.CommandLine.TestRunResultAggregator., took 0 ms.
TpTrace Verbose: 0 : 23012, 12, 2023/08/29, 17:20:25.621, 168775587602, vstest.console.dll, MulticastDelegateUtilities.SafeInvoke: TestRun.TestRunComplete: Invoking callback 2/2 for Microsoft.VisualStudio.TestPlatform.CommandLine.Processors.RunTestsArgumentExecutor+TestRunRequestEventsRegistrar., took 0 ms.
TpTrace Information: 0 : 23012, 12, 2023/08/29, 17:20:25.621, 168775588700, vstest.console.dll, TestRunRequest:TestRunComplete: Completed.
TpTrace Verbose: 0 : 23012, 12, 2023/08/29, 17:20:25.621, 168775589069, vstest.console.dll, TestRequestSender.SetOperationComplete: Setting operation complete.
TpTrace Information: 0 : 23012, 12, 2023/08/29, 17:20:25.621, 168775589325, vstest.console.dll, SocketServer.Stop: Stop server endPoint: 127.0.0.1:52440
TpTrace Information: 0 : 23012, 12, 2023/08/29, 17:20:25.621, 168775589526, vstest.console.dll, SocketServer.Stop: Cancellation requested. Stopping message loop.
TpTrace Verbose: 0 : 23012, 12, 2023/08/29, 17:20:25.621, 168775589814, vstest.console.dll, MulticastDelegateUtilities.SafeInvoke: LengthPrefixCommunicationChannel: MessageReceived: Invoking callback 1/1 for Microsoft.VisualStudio.TestPlatform.CommunicationUtilities.TestRequestSender+<>c__DisplayClass34_0., took 129 ms.
TpTrace Information: 0 : 23012, 12, 2023/08/29, 17:20:25.621, 168775590392, vstest.console.dll, SocketServer.PrivateStop: Stopping server endPoint: 127.0.0.1:52440 error: 
TpTrace Verbose: 0 : 23012, 1, 2023/08/29, 17:20:25.621, 168775590704, vstest.console.dll, TestRunRequest.Dispose: Starting.
TpTrace Information: 0 : 23012, 1, 2023/08/29, 17:20:25.621, 168775592057, vstest.console.dll, TestRunRequest.Dispose: Completed.
TpTrace Information: 0 : 23012, 1, 2023/08/29, 17:20:25.622, 168775592805, vstest.console.dll, TestRequestManager.RunTests: run tests completed.
TpTrace Verbose: 0 : 23012, 12, 2023/08/29, 17:20:25.622, 168775594608, vstest.console.dll, LengthPrefixCommunicationChannel.Dispose: Dispose reader and writer.
TpTrace Information: 0 : 23012, 1, 2023/08/29, 17:20:25.622, 168775594983, vstest.console.dll, RunTestsArgumentProcessor:Execute: Test run is completed.
TpTrace Information: 0 : 23012, 12, 2023/08/29, 17:20:25.622, 168775595401, vstest.console.dll, SocketServer.Stop: Raise disconnected event endPoint: 127.0.0.1:52440 error: 
TpTrace Verbose: 0 : 23012, 12, 2023/08/29, 17:20:25.622, 168775596413, vstest.console.dll, TestRequestSender: OnTestRunAbort: Operation is already complete. Skip error message.
TpTrace Verbose: 0 : 23012, 12, 2023/08/29, 17:20:25.622, 168775596783, vstest.console.dll, MulticastDelegateUtilities.SafeInvoke: SocketServer: ClientDisconnected: Invoking callback 1/1 for Microsoft.VisualStudio.TestPlatform.CommunicationUtilities.TestRequestSender., took 0 ms.
TpTrace Verbose: 0 : 23012, 12, 2023/08/29, 17:20:25.622, 168775597022, vstest.console.dll, TcpClientExtensions.MessageLoopAsync: exiting MessageLoopAsync remoteEndPoint: 127.0.0.1:52441 localEndPoint: 127.0.0.1:52440
TpTrace Verbose: 0 : 23012, 1, 2023/08/29, 17:20:25.622, 168775599067, vstest.console.dll, Executor.Execute: Exiting with exit code of 1
