TpTrace Verbose: 0 : 5512, 1, 2023/08/29, 17:20:23.232, 168751700429, testhost.net48.exe, Version: 17.5.0-release-20221220-01 Current process architecture: X64
TpTrace Verbose: 0 : 5512, 1, 2023/08/29, 17:20:23.235, 168751731433, testhost.net48.exe, Runtime location: C:\Windows\Microsoft.NET\Framework64\v4.0.30319
TpTrace Information: 0 : 5512, 1, 2023/08/29, 17:20:23.237, 168751763575, testhost.net48.exe, DefaultEngineInvoker.Invoke: Testhost process started with args :[--port, 52440],[--endpoint, 127.0.0.1:052440],[--role, client],[--parentprocessid, 23012],[--diag, C:\Users\allpi\source\repos\Cafeteria2\CafeteriaControllerTest\bin\Debug\net48\fine-code-coverage\coverage-tool-output\diagnostics.host.23-08-29_17-20-23_04770_7.log],[--tracelevel, 4],[--datacollectionport, 52439],[--telemetryoptedin, false]
TpTrace Information: 0 : 5512, 1, 2023/08/29, 17:20:23.242, 168751799698, testhost.net48.exe, DefaultEngineInvoker: Using Application Configuration: '<?xml version="1.0" encoding="utf-8"?>
<configuration>
  <startup useLegacyV2RuntimeActivationPolicy="true">
    <supportedRuntime version="v4.0" sku=".NETFramework,Version=v4.0" />
  </startup>
  <runtime>
    <legacyUnhandledExceptionPolicy enabled="1" />
    <legacyCorruptedStateExceptionsPolicy enabled="true" />
    <!-- To get stacktrace information for portable and embedded pdbs when net472 installed on machine.
          More details https://github.com/dotnet/designs/blob/master/accepted/diagnostics/debugging-with-symbols-and-sources.md#stack-traces -->
    <AppContextSwitchOverrides value="Switch.System.Diagnostics.IgnorePortablePDBsInStackTraces=false" />
    <assemblyBinding xmlns="urn:schemas-microsoft-com:asm.v1">
      <probing privatePath="Extensions" />
      <!-- Test adapters compiled against version 11-14, need to be redirected to version 15. -->
      <dependentAssembly>
        <assemblyIdentity name="Microsoft.VisualStudio.TestPlatform.ObjectModel" publicKeyToken="b03f5f7f11d50a3a" culture="neutral" />
        <bindingRedirect oldVersion="11.0.0.0-14.0.0.0" newVersion="15.0.0.0" />
      </dependentAssembly>
      <dependentAssembly>
        <assemblyIdentity name="Microsoft.VisualStudio.TestWindow.Interfaces" publicKeyToken="b03f5f7f11d50a3a" culture="neutral" />
        <bindingRedirect oldVersion="11.0.0.0-16.0.0.0" newVersion="17.0.0.0" />
      </dependentAssembly>
      <dependentAssembly>
        <assemblyIdentity name="Microsoft.VisualStudio.QualityTools.UnitTestFramework" publicKeyToken="b03f5f7f11d50a3a" culture="neutral" />
        <bindingRedirect oldVersion="10.1.0.0" newVersion="10.0.0.0" />
      </dependentAssembly>
      <dependentAssembly>
        <assemblyIdentity name="Microsoft.VisualStudio.QualityTools.Resource" publicKeyToken="b03f5f7f11d50a3a" culture="neutral" />
        <bindingRedirect oldVersion="10.0.0.0-16.0.0.0" newVersion="17.0.0.0" />
      </dependentAssembly>
      <dependentAssembly>
        <assemblyIdentity name="Microsoft.VisualStudio.QualityTools.ControllerObject" publicKeyToken="b03f5f7f11d50a3a" culture="neutral" />
        <bindingRedirect oldVersion="10.0.0.0-16.0.0.0" newVersion="17.0.0.0" />
      </dependentAssembly>
      <dependentAssembly>
        <assemblyIdentity name="Microsoft.VisualStudio.QualityTools.ExecutionCommon" publicKeyToken="b03f5f7f11d50a3a" culture="neutral" />
        <bindingRedirect oldVersion="10.0.0.0-16.0.0.0" newVersion="17.0.0.0" />
      </dependentAssembly>
      <dependentAssembly>
        <assemblyIdentity name="Microsoft.VisualStudio.QualityTools.Common" publicKeyToken="b03f5f7f11d50a3a" culture="neutral" />
        <bindingRedirect oldVersion="10.0.0.0-16.0.0.0" newVersion="17.0.0.0" />
      </dependentAssembly>
      <dependentAssembly>
        <assemblyIdentity name="Microsoft.VisualStudio.QualityTools.Tips.UnitTest.ObjectModel" publicKeyToken="b03f5f7f11d50a3a" culture="neutral" />
        <bindingRedirect oldVersion="10.0.0.0-16.0.0.0" newVersion="17.0.0.0" />
      </dependentAssembly>
      <dependentAssembly>
        <!-- Microsoft.Extensions.DependencyModel depends on version 9.0.0, and newer versions of that nuget don't support all the frameworks we need anymore. -->
        <assemblyIdentity name="Newtonsoft.Json" publicKeyToken="30ad4fe6b2a6aeed" culture="neutral" />
        <bindingRedirect oldVersion="9.0.0.0-13.0.0.0" newVersion="13.0.0.0" />
      </dependentAssembly>
    </assemblyBinding>
  </runtime>
  <system.diagnostics>
    <switches>
      <add name="TpTraceLevel" value="0" />
    </switches>
  </system.diagnostics>
  <appSettings>
    <!--<add key="ExecutionThreadApartmentState" value ="MTA"/>-->
    <!--<add key="TraceLogMaxFileSizeInKb" value ="10240"/>-->
    <!-- MsTest Adapter Specific AppSettings -->
    <!-- This flag is added to support test execution for net35 tests through TMI adapter. -->
    <add key="TestProjectRetargetTo35Allowed" value="true" />
  </appSettings>
</configuration>'
TpTrace Information: 0 : 5512, 1, 2023/08/29, 17:20:23.242, 168751801916, testhost.net48.exe, DefaultEngineInvoker.SetParentProcessExitCallback: Monitoring parent process with id: '23012'
TpTrace Information: 0 : 5512, 1, 2023/08/29, 17:20:23.257, 168751954436, testhost.net48.exe, DefaultEngineInvoker.GetConnectionInfo: Initialize communication on endpoint address: '127.0.0.1:052440'
TpTrace Information: 0 : 5512, 1, 2023/08/29, 17:20:23.273, 168752115897, testhost.net48.exe, SocketClient.Start: connecting to server endpoint: 127.0.0.1:052440
TpTrace Information: 0 : 5512, 1, 2023/08/29, 17:20:23.279, 168752172866, testhost.net48.exe, DefaultEngineInvoker.ConnectToDatacollector: Connecting to datacollector, port: 52439
TpTrace Information: 0 : 5512, 7, 2023/08/29, 17:20:23.287, 168752247086, testhost.net48.exe, SocketClient.OnServerConnected: connected to server endpoint: 127.0.0.1:052440
TpTrace Information: 0 : 5512, 1, 2023/08/29, 17:20:23.289, 168752271519, testhost.net48.exe, Trying to connect to server on socket : 127.0.0.1:52439 
TpTrace Verbose: 0 : 5512, 1, 2023/08/29, 17:20:23.290, 168752283545, testhost.net48.exe, SocketCommunicationManager : SetupClientAsync : Attempting to connect to the server.
TpTrace Information: 0 : 5512, 8, 2023/08/29, 17:20:23.294, 168752321667, testhost.net48.exe, Connected to the server successfully 
TpTrace Information: 0 : 5512, 8, 2023/08/29, 17:20:23.294, 168752323172, testhost.net48.exe, Using the buffer size of 16384 bytes
TpTrace Verbose: 0 : 5512, 1, 2023/08/29, 17:20:23.295, 168752334080, testhost.net48.exe, SocketCommunicationManager.WaitForServerConnection took: 0 ms, with 90000 ms timeout, and finished with True.
TpTrace Information: 0 : 5512, 1, 2023/08/29, 17:20:23.296, 168752335250, testhost.net48.exe, DefaultEngineInvoker.Invoke: Start Request Processing.
TpTrace Verbose: 0 : 5512, 7, 2023/08/29, 17:20:23.297, 168752349583, testhost.net48.exe, MulticastDelegateUtilities.SafeInvoke: SocketClient: ServerConnected: Invoking callback 1/1 for Microsoft.VisualStudio.TestPlatform.CommunicationUtilities.TestRequestHandler., took 3 ms.
TpTrace Information: 0 : 5512, 10, 2023/08/29, 17:20:23.297, 168752350734, testhost.net48.exe, DefaultEngineInvoker.StartProcessingAsync: Connected to vstest.console, Starting process requests.
TpTrace Verbose: 0 : 5512, 7, 2023/08/29, 17:20:23.297, 168752351130, testhost.net48.exe, Connected to server, and starting MessageLoopAsync
TpTrace Verbose: 0 : 5512, 7, 2023/08/29, 17:20:23.301, 168752391205, testhost.net48.exe, TcpClientExtensions.MessageLoopAsync: Polling on remoteEndPoint: 127.0.0.1:52440 localEndPoint: 127.0.0.1:52441
TpTrace Verbose: 0 : 5512, 7, 2023/08/29, 17:20:23.301, 168752392604, testhost.net48.exe, TcpClientExtensions.MessageLoopAsync: NotifyDataAvailable remoteEndPoint: 127.0.0.1:52440 localEndPoint: 127.0.0.1:52441
TpTrace Information: 0 : 5512, 7, 2023/08/29, 17:20:23.311, 168752495180, testhost.net48.exe, TestRequestHandler.OnMessageReceived: received message: (ProtocolVersion) -> {"MessageType":"ProtocolVersion","Payload":7}
TpTrace Verbose: 0 : 5512, 7, 2023/08/29, 17:20:23.365, 168753030653, testhost.net48.exe, TestRequestHandler.SendData: sending data from testhost: {"Version":7,"MessageType":"TestSession.Message","Payload":{"MessageLevel":0,"Message":"Registrando diagnóstico de TestHost en el archivo: C:\\Users\\allpi\\source\\repos\\Cafeteria2\\CafeteriaControllerTest\\bin\\Debug\\net48\\fine-code-coverage\\coverage-tool-output\\diagnostics.host.23-08-29_17-20-23_04770_7.log"}}
TpTrace Verbose: 0 : 5512, 7, 2023/08/29, 17:20:23.365, 168753033391, testhost.net48.exe, MulticastDelegateUtilities.SafeInvoke: LengthPrefixCommunicationChannel: MessageReceived: Invoking callback 1/1 for Microsoft.VisualStudio.TestPlatform.CommunicationUtilities.TestRequestHandler., took 63 ms.
TpTrace Verbose: 0 : 5512, 7, 2023/08/29, 17:20:23.365, 168753033952, testhost.net48.exe, TcpClientExtensions.MessageLoopAsync: Polling on remoteEndPoint: 127.0.0.1:52440 localEndPoint: 127.0.0.1:52441
TpTrace Verbose: 0 : 5512, 7, 2023/08/29, 17:20:23.365, 168753034381, testhost.net48.exe, TcpClientExtensions.MessageLoopAsync: NotifyDataAvailable remoteEndPoint: 127.0.0.1:52440 localEndPoint: 127.0.0.1:52441
TpTrace Information: 0 : 5512, 7, 2023/08/29, 17:20:23.365, 168753035123, testhost.net48.exe, TestRequestHandler.OnMessageReceived: received message: (TestExecution.Initialize) -> {"Version":7,"MessageType":"TestExecution.Initialize","Payload":["C:\\Program Files\\dotnet\\sdk\\7.0.203\\Extensions\\Microsoft.Diagnostics.NETCore.Client.dll","C:\\Program Files\\dotnet\\sdk\\7.0.203\\Extensions\\Microsoft.TestPlatform.Extensions.BlameDataCollector.dll","C:\\Program Files\\dotnet\\sdk\\7.0.203\\Extensions\\Microsoft.TestPlatform.Extensions.EventLogCollector.dll","C:\\Program Files\\dotnet\\sdk\\7.0.203\\Extensions\\Microsoft.TestPlatform.TestHostRuntimeProvider.dll","C:\\Program Files\\dotnet\\sdk\\7.0.203\\Extensions\\Microsoft.VisualStudio.TestPlatform.Extensions.Html.TestLogger.dll","C:\\Program Files\\dotnet\\sdk\\7.0.203\\Extensions\\Microsoft.VisualStudio.TestPlatform.Extensions.Trx.TestLogger.dll","C:\\Users\\allpi\\source\\repos\\Cafeteria2\\CafeteriaControllerTest\\bin\\Debug\\net48\\fine-code-coverage\\build-output\\NUnit3.TestAdapter.dll"]}
TpTrace Verbose: 0 : 5512, 7, 2023/08/29, 17:20:23.372, 168753104331, testhost.net48.exe, MulticastDelegateUtilities.SafeInvoke: LengthPrefixCommunicationChannel: MessageReceived: Invoking callback 1/1 for Microsoft.VisualStudio.TestPlatform.CommunicationUtilities.TestRequestHandler., took 6 ms.
TpTrace Verbose: 0 : 5512, 7, 2023/08/29, 17:20:23.373, 168753105406, testhost.net48.exe, TcpClientExtensions.MessageLoopAsync: Polling on remoteEndPoint: 127.0.0.1:52440 localEndPoint: 127.0.0.1:52441
TpTrace Verbose: 0 : 5512, 7, 2023/08/29, 17:20:23.373, 168753105802, testhost.net48.exe, TcpClientExtensions.MessageLoopAsync: NotifyDataAvailable remoteEndPoint: 127.0.0.1:52440 localEndPoint: 127.0.0.1:52441
TpTrace Information: 0 : 5512, 7, 2023/08/29, 17:20:23.373, 168753106812, testhost.net48.exe, TestRequestHandler.OnMessageReceived: received message: (TestExecution.StartWithSources) -> {"Version":7,"MessageType":"TestExecution.StartWithSources","Payload":{"AdapterSourceMap":{"_none_":["C:\\Users\\allpi\\source\\repos\\Cafeteria2\\CafeteriaControllerTest\\bin\\Debug\\net48\\fine-code-coverage\\build-output\\CafeteriaControllerTest.dll"]},"RunSettings":"<RunSettings>\r\n  <RunConfiguration>\r\n    <ResultsDirectory>C:\\Users\\allpi\\source\\repos\\Cafeteria2\\CafeteriaControllerTest\\bin\\Debug\\net48\\fine-code-coverage\\coverage-tool-output</ResultsDirectory>\r\n    <TargetFrameworkVersion>.NETFramework,Version=v4.8</TargetFrameworkVersion>\r\n    <DesignMode>False</DesignMode>\r\n    <CollectSourceInformation>False</CollectSourceInformation>\r\n  </RunConfiguration>\r\n  <LoggerRunSettings>\r\n    <Loggers>\r\n      <Logger friendlyName=\"blame\" enabled=\"True\" />\r\n      <Logger friendlyName=\"Console\" uri=\"logger://microsoft/TestPlatform/ConsoleLogger/v1\" assemblyQualifiedName=\"Microsoft.VisualStudio.TestPlatform.CommandLine.Internal.ConsoleLogger, vstest.console, Version=15.0.0.0, Culture=neutral, PublicKeyToken=b03f5f7f11d50a3a\" codeBase=\"C:\\Program Files\\dotnet\\sdk\\7.0.203\\vstest.console.dll\" enabled=\"True\" />\r\n    </Loggers>\r\n  </LoggerRunSettings>\r\n  <DataCollectionRunSettings>\r\n    <DataCollectors>\r\n      <DataCollector friendlyName=\"blame\" enabled=\"True\">\r\n        <Configuration>\r\n          <ResultsDirectory>C:\\Users\\allpi\\source\\repos\\Cafeteria2\\CafeteriaControllerTest\\bin\\Debug\\net48\\fine-code-coverage\\coverage-tool-output</ResultsDirectory>\r\n        </Configuration>\r\n      </DataCollector>\r\n    </DataCollectors>\r\n  </DataCollectionRunSettings>\r\n</RunSettings>","TestExecutionContext":{"FrequencyOfRunStatsChangeEvent":10,"RunStatsChangeEventTimeout":"00:00:01.5000000","InIsolation":false,"KeepAlive":false,"AreTestCaseLevelEventsRequired":false,"IsDebug":false,"TestCaseFilter":null,"FilterOptions":null},"Package":null}}
TpTrace Information: 0 : 5512, 3, 2023/08/29, 17:20:23.373, 168753114386, testhost.net48.exe, TestRequestHandler.OnMessageReceived: Running job 'TestExecution.Initialize'.
TpTrace Verbose: 0 : 5512, 3, 2023/08/29, 17:20:23.382, 168753205261, testhost.net48.exe, TestExecutorService: Loading the extensions
TpTrace Verbose: 0 : 5512, 3, 2023/08/29, 17:20:23.390, 168753283107, testhost.net48.exe, TestPluginCache.DiscoverTestExtensions: finding test extensions in assemblies ends with: TestAdapter.dll TPluginInfo: Microsoft.VisualStudio.TestPlatform.Common.ExtensionFramework.Utilities.TestExecutorPluginInformation TExtension: Microsoft.VisualStudio.TestPlatform.ObjectModel.Adapter.ITestExecutor
TpTrace Verbose: 0 : 5512, 7, 2023/08/29, 17:20:23.392, 168753298377, testhost.net48.exe, MulticastDelegateUtilities.SafeInvoke: LengthPrefixCommunicationChannel: MessageReceived: Invoking callback 1/1 for Microsoft.VisualStudio.TestPlatform.CommunicationUtilities.TestRequestHandler., took 19 ms.
TpTrace Verbose: 0 : 5512, 7, 2023/08/29, 17:20:23.392, 168753299537, testhost.net48.exe, TcpClientExtensions.MessageLoopAsync: Polling on remoteEndPoint: 127.0.0.1:52440 localEndPoint: 127.0.0.1:52441
TpTrace Verbose: 0 : 5512, 3, 2023/08/29, 17:20:23.397, 168753352382, testhost.net48.exe, TestPluginCache.GetExtensionPaths: Filtered extension paths: 
TpTrace Verbose: 0 : 5512, 3, 2023/08/29, 17:20:23.397, 168753353836, testhost.net48.exe, TestPluginCache.GetExtensionPaths: Added default extension paths: C:\Program Files\dotnet\sdk\7.0.203\Extensions\Microsoft.Diagnostics.NETCore.Client.dll
C:\Program Files\dotnet\sdk\7.0.203\Extensions\Microsoft.TestPlatform.Extensions.BlameDataCollector.dll
C:\Program Files\dotnet\sdk\7.0.203\Extensions\Microsoft.TestPlatform.Extensions.EventLogCollector.dll
C:\Program Files\dotnet\sdk\7.0.203\Extensions\Microsoft.TestPlatform.TestHostRuntimeProvider.dll
C:\Program Files\dotnet\sdk\7.0.203\Extensions\Microsoft.VisualStudio.TestPlatform.Extensions.Html.TestLogger.dll
C:\Program Files\dotnet\sdk\7.0.203\Extensions\Microsoft.VisualStudio.TestPlatform.Extensions.Trx.TestLogger.dll
C:\Users\allpi\source\repos\Cafeteria2\CafeteriaControllerTest\bin\Debug\net48\fine-code-coverage\build-output\NUnit3.TestAdapter.dll
TpTrace Verbose: 0 : 5512, 3, 2023/08/29, 17:20:23.397, 168753354305, testhost.net48.exe, TestPluginCache.GetExtensionPaths: Added unfilterableExtensionPaths: 
TpTrace Information: 0 : 5512, 3, 2023/08/29, 17:20:23.400, 168753373757, testhost.net48.exe, AssemblyResolver.ctor: Creating AssemblyResolver with searchDirectories C:\Program Files\dotnet\sdk\7.0.203\Extensions,C:\Users\allpi\source\repos\Cafeteria2\CafeteriaControllerTest\bin\Debug\net48\fine-code-coverage\build-output,C:\Program Files\dotnet\sdk\7.0.203\TestHostNetFramework
TpTrace Verbose: 0 : 5512, 3, 2023/08/29, 17:20:23.400, 168753381651, testhost.net48.exe, TestPluginCache.DiscoverTestExtensions: Discovering the extensions using extension path.
TpTrace Verbose: 0 : 5512, 3, 2023/08/29, 17:20:23.400, 168753382922, testhost.net48.exe, TestPluginCache.GetExtensionPaths: Filtered extension paths: 
TpTrace Verbose: 0 : 5512, 3, 2023/08/29, 17:20:23.400, 168753383369, testhost.net48.exe, TestPluginCache.GetExtensionPaths: Added default extension paths: C:\Program Files\dotnet\sdk\7.0.203\Extensions\Microsoft.Diagnostics.NETCore.Client.dll
C:\Program Files\dotnet\sdk\7.0.203\Extensions\Microsoft.TestPlatform.Extensions.BlameDataCollector.dll
C:\Program Files\dotnet\sdk\7.0.203\Extensions\Microsoft.TestPlatform.Extensions.EventLogCollector.dll
C:\Program Files\dotnet\sdk\7.0.203\Extensions\Microsoft.TestPlatform.TestHostRuntimeProvider.dll
C:\Program Files\dotnet\sdk\7.0.203\Extensions\Microsoft.VisualStudio.TestPlatform.Extensions.Html.TestLogger.dll
C:\Program Files\dotnet\sdk\7.0.203\Extensions\Microsoft.VisualStudio.TestPlatform.Extensions.Trx.TestLogger.dll
C:\Users\allpi\source\repos\Cafeteria2\CafeteriaControllerTest\bin\Debug\net48\fine-code-coverage\build-output\NUnit3.TestAdapter.dll
TpTrace Verbose: 0 : 5512, 3, 2023/08/29, 17:20:23.401, 168753384386, testhost.net48.exe, TestPluginCache.GetExtensionPaths: Added unfilterableExtensionPaths: 
TpTrace Verbose: 0 : 5512, 3, 2023/08/29, 17:20:23.401, 168753386260, testhost.net48.exe, TestPluginCache.DiscoverTestExtensions: Discovering the extensions using allExtensionPaths: C:\Program Files\dotnet\sdk\7.0.203\Extensions\Microsoft.Diagnostics.NETCore.Client.dll
C:\Program Files\dotnet\sdk\7.0.203\Extensions\Microsoft.TestPlatform.Extensions.BlameDataCollector.dll
C:\Program Files\dotnet\sdk\7.0.203\Extensions\Microsoft.TestPlatform.Extensions.EventLogCollector.dll
C:\Program Files\dotnet\sdk\7.0.203\Extensions\Microsoft.TestPlatform.TestHostRuntimeProvider.dll
C:\Program Files\dotnet\sdk\7.0.203\Extensions\Microsoft.VisualStudio.TestPlatform.Extensions.Html.TestLogger.dll
C:\Program Files\dotnet\sdk\7.0.203\Extensions\Microsoft.VisualStudio.TestPlatform.Extensions.Trx.TestLogger.dll
C:\Users\allpi\source\repos\Cafeteria2\CafeteriaControllerTest\bin\Debug\net48\fine-code-coverage\build-output\NUnit3.TestAdapter.dll
TpTrace Information: 0 : 5512, 3, 2023/08/29, 17:20:23.402, 168753401476, testhost.net48.exe, AssemblyResolver.AddSearchDirectories: Adding more searchDirectories C:\Program Files\dotnet\sdk\7.0.203\Extensions,C:\Program Files\dotnet\sdk\7.0.203\TestHostNetFramework
TpTrace Information: 0 : 5512, 3, 2023/08/29, 17:20:23.402, 168753402742, testhost.net48.exe, AssemblyResolver.AddSearchDirectories: Adding more searchDirectories C:\Program Files\dotnet\sdk\7.0.203\Extensions,C:\Program Files\dotnet\sdk\7.0.203\TestHostNetFramework
TpTrace Information: 0 : 5512, 3, 2023/08/29, 17:20:23.402, 168753403201, testhost.net48.exe, AssemblyResolver.AddSearchDirectories: Adding more searchDirectories C:\Program Files\dotnet\sdk\7.0.203\Extensions,C:\Program Files\dotnet\sdk\7.0.203\TestHostNetFramework
TpTrace Information: 0 : 5512, 3, 2023/08/29, 17:20:23.402, 168753403530, testhost.net48.exe, AssemblyResolver.AddSearchDirectories: Adding more searchDirectories C:\Program Files\dotnet\sdk\7.0.203\Extensions,C:\Program Files\dotnet\sdk\7.0.203\TestHostNetFramework
TpTrace Information: 0 : 5512, 3, 2023/08/29, 17:20:23.403, 168753403934, testhost.net48.exe, AssemblyResolver.AddSearchDirectories: Adding more searchDirectories C:\Program Files\dotnet\sdk\7.0.203\Extensions,C:\Program Files\dotnet\sdk\7.0.203\TestHostNetFramework
TpTrace Information: 0 : 5512, 3, 2023/08/29, 17:20:23.403, 168753404324, testhost.net48.exe, AssemblyResolver.AddSearchDirectories: Adding more searchDirectories C:\Program Files\dotnet\sdk\7.0.203\Extensions,C:\Program Files\dotnet\sdk\7.0.203\TestHostNetFramework
TpTrace Information: 0 : 5512, 3, 2023/08/29, 17:20:23.403, 168753404669, testhost.net48.exe, AssemblyResolver.AddSearchDirectories: Adding more searchDirectories C:\Users\allpi\source\repos\Cafeteria2\CafeteriaControllerTest\bin\Debug\net48\fine-code-coverage\build-output,C:\Program Files\dotnet\sdk\7.0.203\TestHostNetFramework
TpTrace Information: 0 : 5512, 3, 2023/08/29, 17:20:23.413, 168753507525, testhost.net48.exe, AssemblyResolver.OnResolve: Microsoft.Diagnostics.NETCore.Client: Resolving assembly.
TpTrace Information: 0 : 5512, 3, 2023/08/29, 17:20:23.413, 168753509272, testhost.net48.exe, AssemblyResolver.OnResolve: Microsoft.Diagnostics.NETCore.Client: Searching in: 'C:\Program Files\dotnet\sdk\7.0.203\Extensions'.
TpTrace Information: 0 : 5512, 3, 2023/08/29, 17:20:23.414, 168753523204, testhost.net48.exe, AssemblyResolver.OnResolve: Microsoft.Diagnostics.NETCore.Client: Loading assembly 'C:\Program Files\dotnet\sdk\7.0.203\Extensions\Microsoft.Diagnostics.NETCore.Client.dll'.
TpTrace Information: 0 : 5512, 3, 2023/08/29, 17:20:23.423, 168753610468, testhost.net48.exe, AssemblyResolver.OnResolve: Resolved assembly: Microsoft.Diagnostics.NETCore.Client, from path: C:\Program Files\dotnet\sdk\7.0.203\Extensions\Microsoft.Diagnostics.NETCore.Client.dll
TpTrace Verbose: 0 : 5512, 3, 2023/08/29, 17:20:23.448, 168753859566, testhost.net48.exe, MetadataReaderExtensionsHelper: Discovering extensions inside assembly 'Microsoft.Diagnostics.NETCore.Client, Version=0.2.6.42401, Culture=neutral, PublicKeyToken=31bf3856ad364e35' file path 'C:\Program Files\dotnet\sdk\7.0.203\Extensions\Microsoft.Diagnostics.NETCore.Client.dll'
TpTrace Information: 0 : 5512, 3, 2023/08/29, 17:20:23.533, 168754714139, testhost.net48.exe, AssemblyResolver.OnResolve: Microsoft.Bcl.AsyncInterfaces, Version=1.0.0.0, Culture=neutral, PublicKeyToken=cc7b13ffcd2ddd51: Resolving assembly.
TpTrace Information: 0 : 5512, 3, 2023/08/29, 17:20:23.533, 168754715756, testhost.net48.exe, AssemblyResolver.OnResolve: Microsoft.Bcl.AsyncInterfaces, Version=1.0.0.0, Culture=neutral, PublicKeyToken=cc7b13ffcd2ddd51: Searching in: 'C:\Program Files\dotnet\sdk\7.0.203\Extensions'.
TpTrace Information: 0 : 5512, 3, 2023/08/29, 17:20:23.533, 168754716594, testhost.net48.exe, AssemblyResolver.OnResolve: Microsoft.Bcl.AsyncInterfaces, Version=1.0.0.0, Culture=neutral, PublicKeyToken=cc7b13ffcd2ddd51: Assembly path does not exist: 'C:\Program Files\dotnet\sdk\7.0.203\Extensions\Microsoft.Bcl.AsyncInterfaces.dll', returning.
TpTrace Information: 0 : 5512, 3, 2023/08/29, 17:20:23.533, 168754717106, testhost.net48.exe, AssemblyResolver.OnResolve: Microsoft.Bcl.AsyncInterfaces, Version=1.0.0.0, Culture=neutral, PublicKeyToken=cc7b13ffcd2ddd51: Assembly path does not exist: 'C:\Program Files\dotnet\sdk\7.0.203\Extensions\Microsoft.Bcl.AsyncInterfaces.exe', returning.
TpTrace Information: 0 : 5512, 3, 2023/08/29, 17:20:23.533, 168754717363, testhost.net48.exe, AssemblyResolver.OnResolve: Microsoft.Bcl.AsyncInterfaces, Version=1.0.0.0, Culture=neutral, PublicKeyToken=cc7b13ffcd2ddd51: Searching in: 'C:\Users\allpi\source\repos\Cafeteria2\CafeteriaControllerTest\bin\Debug\net48\fine-code-coverage\build-output'.
TpTrace Information: 0 : 5512, 3, 2023/08/29, 17:20:23.533, 168754717948, testhost.net48.exe, AssemblyResolver.OnResolve: Microsoft.Bcl.AsyncInterfaces, Version=1.0.0.0, Culture=neutral, PublicKeyToken=cc7b13ffcd2ddd51: Assembly path does not exist: 'C:\Users\allpi\source\repos\Cafeteria2\CafeteriaControllerTest\bin\Debug\net48\fine-code-coverage\build-output\Microsoft.Bcl.AsyncInterfaces.dll', returning.
TpTrace Information: 0 : 5512, 3, 2023/08/29, 17:20:23.533, 168754718444, testhost.net48.exe, AssemblyResolver.OnResolve: Microsoft.Bcl.AsyncInterfaces, Version=1.0.0.0, Culture=neutral, PublicKeyToken=cc7b13ffcd2ddd51: Assembly path does not exist: 'C:\Users\allpi\source\repos\Cafeteria2\CafeteriaControllerTest\bin\Debug\net48\fine-code-coverage\build-output\Microsoft.Bcl.AsyncInterfaces.exe', returning.
TpTrace Information: 0 : 5512, 3, 2023/08/29, 17:20:23.533, 168754718750, testhost.net48.exe, AssemblyResolver.OnResolve: Microsoft.Bcl.AsyncInterfaces, Version=1.0.0.0, Culture=neutral, PublicKeyToken=cc7b13ffcd2ddd51: Searching in: 'C:\Program Files\dotnet\sdk\7.0.203\TestHostNetFramework'.
TpTrace Information: 0 : 5512, 3, 2023/08/29, 17:20:23.533, 168754719188, testhost.net48.exe, AssemblyResolver.OnResolve: Microsoft.Bcl.AsyncInterfaces, Version=1.0.0.0, Culture=neutral, PublicKeyToken=cc7b13ffcd2ddd51: Assembly path does not exist: 'C:\Program Files\dotnet\sdk\7.0.203\TestHostNetFramework\Microsoft.Bcl.AsyncInterfaces.dll', returning.
TpTrace Information: 0 : 5512, 3, 2023/08/29, 17:20:23.533, 168754719701, testhost.net48.exe, AssemblyResolver.OnResolve: Microsoft.Bcl.AsyncInterfaces, Version=1.0.0.0, Culture=neutral, PublicKeyToken=cc7b13ffcd2ddd51: Assembly path does not exist: 'C:\Program Files\dotnet\sdk\7.0.203\TestHostNetFramework\Microsoft.Bcl.AsyncInterfaces.exe', returning.
TpTrace Information: 0 : 5512, 3, 2023/08/29, 17:20:23.533, 168754720032, testhost.net48.exe, AssemblyResolver.OnResolve: Microsoft.Bcl.AsyncInterfaces, Version=1.0.0.0, Culture=neutral, PublicKeyToken=cc7b13ffcd2ddd51: Failed to load assembly.
TpTrace Verbose: 0 : 5512, 3, 2023/08/29, 17:20:23.534, 168754730225, testhost.net48.exe, CurrentDomainAssemblyResolve: Resolving assembly 'Microsoft.Bcl.AsyncInterfaces, Version=1.0.0.0, Culture=neutral, PublicKeyToken=cc7b13ffcd2ddd51'.
TpTrace Information: 0 : 5512, 3, 2023/08/29, 17:20:23.535, 168754739503, testhost.net48.exe, AssemblyResolver.OnResolve: Microsoft.Bcl.AsyncInterfaces, Version=1.0.0.0, Culture=neutral, PublicKeyToken=cc7b13ffcd2ddd51: Resolving assembly.
TpTrace Information: 0 : 5512, 3, 2023/08/29, 17:20:23.535, 168754740364, testhost.net48.exe, AssemblyResolver.OnResolve: Microsoft.Bcl.AsyncInterfaces, Version=1.0.0.0, Culture=neutral, PublicKeyToken=cc7b13ffcd2ddd51: Resolved from cache.
TpTrace Verbose: 0 : 5512, 3, 2023/08/29, 17:20:23.535, 168754740794, testhost.net48.exe, CurrentDomainAssemblyResolve: Resolving assembly 'Microsoft.Bcl.AsyncInterfaces, Version=1.0.0.0, Culture=neutral, PublicKeyToken=cc7b13ffcd2ddd51'.
TpTrace Verbose: 0 : 5512, 3, 2023/08/29, 17:20:23.535, 168754741113, testhost.net48.exe, CurrentDomainAssemblyResolve: Failed to resolve assembly 'Microsoft.Bcl.AsyncInterfaces, Version=1.0.0.0, Culture=neutral, PublicKeyToken=cc7b13ffcd2ddd51'.
TpTrace Verbose: 0 : 5512, 3, 2023/08/29, 17:20:23.536, 168754747350, testhost.net48.exe, CurrentDomainAssemblyResolve: Failed to resolve assembly 'Microsoft.Bcl.AsyncInterfaces, Version=1.0.0.0, Culture=neutral, PublicKeyToken=cc7b13ffcd2ddd51'.
TpTrace Information: 0 : 5512, 3, 2023/08/29, 17:20:23.540, 168754778301, testhost.net48.exe, AssemblyResolver.OnResolve: System.Threading.Tasks.Extensions, Version=4.2.0.0, Culture=neutral, PublicKeyToken=cc7b13ffcd2ddd51: Resolving assembly.
TpTrace Information: 0 : 5512, 3, 2023/08/29, 17:20:23.540, 168754779770, testhost.net48.exe, AssemblyResolver.OnResolve: System.Threading.Tasks.Extensions, Version=4.2.0.0, Culture=neutral, PublicKeyToken=cc7b13ffcd2ddd51: Searching in: 'C:\Program Files\dotnet\sdk\7.0.203\Extensions'.
TpTrace Information: 0 : 5512, 3, 2023/08/29, 17:20:23.540, 168754780657, testhost.net48.exe, AssemblyResolver.OnResolve: System.Threading.Tasks.Extensions, Version=4.2.0.0, Culture=neutral, PublicKeyToken=cc7b13ffcd2ddd51: Assembly path does not exist: 'C:\Program Files\dotnet\sdk\7.0.203\Extensions\System.Threading.Tasks.Extensions.dll', returning.
TpTrace Information: 0 : 5512, 3, 2023/08/29, 17:20:23.540, 168754781116, testhost.net48.exe, AssemblyResolver.OnResolve: System.Threading.Tasks.Extensions, Version=4.2.0.0, Culture=neutral, PublicKeyToken=cc7b13ffcd2ddd51: Assembly path does not exist: 'C:\Program Files\dotnet\sdk\7.0.203\Extensions\System.Threading.Tasks.Extensions.exe', returning.
TpTrace Information: 0 : 5512, 3, 2023/08/29, 17:20:23.540, 168754781425, testhost.net48.exe, AssemblyResolver.OnResolve: System.Threading.Tasks.Extensions, Version=4.2.0.0, Culture=neutral, PublicKeyToken=cc7b13ffcd2ddd51: Searching in: 'C:\Users\allpi\source\repos\Cafeteria2\CafeteriaControllerTest\bin\Debug\net48\fine-code-coverage\build-output'.
TpTrace Information: 0 : 5512, 3, 2023/08/29, 17:20:23.540, 168754787126, testhost.net48.exe, AssemblyResolver.OnResolve: System.Threading.Tasks.Extensions, Version=4.2.0.0, Culture=neutral, PublicKeyToken=cc7b13ffcd2ddd51: File exists but version/public key is wrong. Try next extension.
TpTrace Information: 0 : 5512, 3, 2023/08/29, 17:20:23.540, 168754788177, testhost.net48.exe, AssemblyResolver.OnResolve: System.Threading.Tasks.Extensions, Version=4.2.0.0, Culture=neutral, PublicKeyToken=cc7b13ffcd2ddd51: Assembly path does not exist: 'C:\Users\allpi\source\repos\Cafeteria2\CafeteriaControllerTest\bin\Debug\net48\fine-code-coverage\build-output\System.Threading.Tasks.Extensions.exe', returning.
TpTrace Information: 0 : 5512, 3, 2023/08/29, 17:20:23.540, 168754788504, testhost.net48.exe, AssemblyResolver.OnResolve: System.Threading.Tasks.Extensions, Version=4.2.0.0, Culture=neutral, PublicKeyToken=cc7b13ffcd2ddd51: Searching in: 'C:\Program Files\dotnet\sdk\7.0.203\TestHostNetFramework'.
TpTrace Information: 0 : 5512, 3, 2023/08/29, 17:20:23.541, 168754789138, testhost.net48.exe, AssemblyResolver.OnResolve: System.Threading.Tasks.Extensions, Version=4.2.0.0, Culture=neutral, PublicKeyToken=cc7b13ffcd2ddd51: Assembly path does not exist: 'C:\Program Files\dotnet\sdk\7.0.203\TestHostNetFramework\System.Threading.Tasks.Extensions.dll', returning.
TpTrace Information: 0 : 5512, 3, 2023/08/29, 17:20:23.541, 168754789639, testhost.net48.exe, AssemblyResolver.OnResolve: System.Threading.Tasks.Extensions, Version=4.2.0.0, Culture=neutral, PublicKeyToken=cc7b13ffcd2ddd51: Assembly path does not exist: 'C:\Program Files\dotnet\sdk\7.0.203\TestHostNetFramework\System.Threading.Tasks.Extensions.exe', returning.
TpTrace Information: 0 : 5512, 3, 2023/08/29, 17:20:23.541, 168754789949, testhost.net48.exe, AssemblyResolver.OnResolve: System.Threading.Tasks.Extensions, Version=4.2.0.0, Culture=neutral, PublicKeyToken=cc7b13ffcd2ddd51: Failed to load assembly.
TpTrace Verbose: 0 : 5512, 3, 2023/08/29, 17:20:23.541, 168754790330, testhost.net48.exe, CurrentDomainAssemblyResolve: Resolving assembly 'System.Threading.Tasks.Extensions, Version=4.2.0.0, Culture=neutral, PublicKeyToken=cc7b13ffcd2ddd51'.
TpTrace Information: 0 : 5512, 3, 2023/08/29, 17:20:23.541, 168754798428, testhost.net48.exe, AssemblyResolver.OnResolve: System.Threading.Tasks.Extensions, Version=4.2.0.0, Culture=neutral, PublicKeyToken=cc7b13ffcd2ddd51: Resolving assembly.
TpTrace Information: 0 : 5512, 3, 2023/08/29, 17:20:23.541, 168754798898, testhost.net48.exe, AssemblyResolver.OnResolve: System.Threading.Tasks.Extensions, Version=4.2.0.0, Culture=neutral, PublicKeyToken=cc7b13ffcd2ddd51: Resolved from cache.
TpTrace Verbose: 0 : 5512, 3, 2023/08/29, 17:20:23.542, 168754799318, testhost.net48.exe, CurrentDomainAssemblyResolve: Resolving assembly 'System.Threading.Tasks.Extensions, Version=4.2.0.0, Culture=neutral, PublicKeyToken=cc7b13ffcd2ddd51'.
TpTrace Verbose: 0 : 5512, 3, 2023/08/29, 17:20:23.542, 168754799568, testhost.net48.exe, CurrentDomainAssemblyResolve: Failed to resolve assembly 'System.Threading.Tasks.Extensions, Version=4.2.0.0, Culture=neutral, PublicKeyToken=cc7b13ffcd2ddd51'.
TpTrace Verbose: 0 : 5512, 3, 2023/08/29, 17:20:23.542, 168754801812, testhost.net48.exe, CurrentDomainAssemblyResolve: Failed to resolve assembly 'System.Threading.Tasks.Extensions, Version=4.2.0.0, Culture=neutral, PublicKeyToken=cc7b13ffcd2ddd51'.
TpTrace Warning: 0 : 5512, 3, 2023/08/29, 17:20:23.556, 168754945693, testhost.net48.exe, TestPluginDiscoverer: Failed to get types from assembly 'Microsoft.Diagnostics.NETCore.Client, Version=0.2.6.42401, Culture=neutral, PublicKeyToken=31bf3856ad364e35'. Error: System.Reflection.ReflectionTypeLoadException: No se pueden cargar uno o varios tipos requeridos. Recupere la propiedad LoaderExceptions para obtener más información.
   en System.Reflection.RuntimeModule.GetTypes(RuntimeModule module)
   en System.Reflection.RuntimeModule.GetTypes()
   en System.Reflection.Assembly.GetTypes()
   en Microsoft.VisualStudio.TestPlatform.Common.ExtensionFramework.TestPluginDiscoverer.GetTestExtensionsFromAssembly[TPluginInfo,TExtension](Assembly assembly, Dictionary`2 pluginInfos, String filePath)
TpTrace Warning: 0 : 5512, 3, 2023/08/29, 17:20:23.557, 168754953946, testhost.net48.exe, LoaderExceptions: System.IO.FileNotFoundException: No se puede cargar el archivo o ensamblado 'Microsoft.Bcl.AsyncInterfaces, Version=1.0.0.0, Culture=neutral, PublicKeyToken=cc7b13ffcd2ddd51' ni una de sus dependencias. El sistema no puede encontrar el archivo especificado.
Nombre de archivo: 'Microsoft.Bcl.AsyncInterfaces, Version=1.0.0.0, Culture=neutral, PublicKeyToken=cc7b13ffcd2ddd51' ---> System.IO.FileNotFoundException: No se puede cargar el archivo o ensamblado 'Microsoft.Bcl.AsyncInterfaces, Version=1.0.0.0, Culture=neutral, PublicKeyToken=cc7b13ffcd2ddd51' ni una de sus dependencias. El sistema no puede encontrar el archivo especificado.
Nombre de archivo: 'Microsoft.Bcl.AsyncInterfaces, Version=1.0.0.0, Culture=neutral, PublicKeyToken=cc7b13ffcd2ddd51'
   en System.Reflection.RuntimeAssembly._nLoad(AssemblyName fileName, String codeBase, Evidence assemblySecurity, RuntimeAssembly locationHint, StackCrawlMark& stackMark, IntPtr pPrivHostBinder, Boolean throwOnFileNotFound, Boolean forIntrospection, Boolean suppressSecurityChecks)
   en System.Reflection.RuntimeAssembly.InternalLoadAssemblyName(AssemblyName assemblyRef, Evidence assemblySecurity, RuntimeAssembly reqAssembly, StackCrawlMark& stackMark, IntPtr pPrivHostBinder, Boolean throwOnFileNotFound, Boolean forIntrospection, Boolean suppressSecurityChecks)
   en System.Reflection.Assembly.Load(AssemblyName assemblyRef)
   en Microsoft.VisualStudio.TestPlatform.Common.ExtensionFramework.TestPluginCache.CurrentDomainAssemblyResolve(Object sender, AssemblyResolveEventArgs args)
   en System.AppDomain.OnAssemblyResolveEvent(RuntimeAssembly assembly, String assemblyFullName)

AVS: El registro del enlace de ensamblado está desactivado.
Para habilitar el registro de errores del enlace de ensamblado, establezca el valor de Registro [HKLM\Software\Microsoft\Fusion!EnableLog] (DWORD) como 1.
Nota: existe una disminución del rendimiento asociada registro de errores del enlace de ensamblado.
Para desactivar esta característica, elimine el valor de Registro [HKLM\Software\Microsoft\Fusion!EnableLog].



TpTrace Warning: 0 : 5512, 3, 2023/08/29, 17:20:23.557, 168754956229, testhost.net48.exe, LoaderExceptions: System.IO.FileNotFoundException: No se puede cargar el archivo o ensamblado 'System.Threading.Tasks.Extensions, Version=4.2.0.0, Culture=neutral, PublicKeyToken=cc7b13ffcd2ddd51' ni una de sus dependencias. El sistema no puede encontrar el archivo especificado.
Nombre de archivo: 'System.Threading.Tasks.Extensions, Version=4.2.0.0, Culture=neutral, PublicKeyToken=cc7b13ffcd2ddd51' ---> System.IO.FileNotFoundException: No se puede cargar el archivo o ensamblado 'System.Threading.Tasks.Extensions, Version=4.2.0.0, Culture=neutral, PublicKeyToken=cc7b13ffcd2ddd51' ni una de sus dependencias. El sistema no puede encontrar el archivo especificado.
Nombre de archivo: 'System.Threading.Tasks.Extensions, Version=4.2.0.0, Culture=neutral, PublicKeyToken=cc7b13ffcd2ddd51'
   en System.Reflection.RuntimeAssembly._nLoad(AssemblyName fileName, String codeBase, Evidence assemblySecurity, RuntimeAssembly locationHint, StackCrawlMark& stackMark, IntPtr pPrivHostBinder, Boolean throwOnFileNotFound, Boolean forIntrospection, Boolean suppressSecurityChecks)
   en System.Reflection.RuntimeAssembly.InternalLoadAssemblyName(AssemblyName assemblyRef, Evidence assemblySecurity, RuntimeAssembly reqAssembly, StackCrawlMark& stackMark, IntPtr pPrivHostBinder, Boolean throwOnFileNotFound, Boolean forIntrospection, Boolean suppressSecurityChecks)
   en System.Reflection.Assembly.Load(AssemblyName assemblyRef)
   en Microsoft.VisualStudio.TestPlatform.Common.ExtensionFramework.TestPluginCache.CurrentDomainAssemblyResolve(Object sender, AssemblyResolveEventArgs args)
   en System.AppDomain.OnAssemblyResolveEvent(RuntimeAssembly assembly, String assemblyFullName)

AVS: El registro del enlace de ensamblado está desactivado.
Para habilitar el registro de errores del enlace de ensamblado, establezca el valor de Registro [HKLM\Software\Microsoft\Fusion!EnableLog] (DWORD) como 1.
Nota: existe una disminución del rendimiento asociada registro de errores del enlace de ensamblado.
Para desactivar esta característica, elimine el valor de Registro [HKLM\Software\Microsoft\Fusion!EnableLog].



TpTrace Warning: 0 : 5512, 3, 2023/08/29, 17:20:23.558, 168754957396, testhost.net48.exe, LoaderExceptions: System.IO.FileNotFoundException: No se puede cargar el archivo o ensamblado 'System.Threading.Tasks.Extensions, Version=4.2.0.0, Culture=neutral, PublicKeyToken=cc7b13ffcd2ddd51' ni una de sus dependencias. El sistema no puede encontrar el archivo especificado.
Nombre de archivo: 'System.Threading.Tasks.Extensions, Version=4.2.0.0, Culture=neutral, PublicKeyToken=cc7b13ffcd2ddd51'
   en System.Reflection.RuntimeAssembly._nLoad(AssemblyName fileName, String codeBase, Evidence assemblySecurity, RuntimeAssembly locationHint, StackCrawlMark& stackMark, IntPtr pPrivHostBinder, Boolean throwOnFileNotFound, Boolean forIntrospection, Boolean suppressSecurityChecks)
   en System.Reflection.RuntimeAssembly.InternalLoadAssemblyName(AssemblyName assemblyRef, Evidence assemblySecurity, RuntimeAssembly reqAssembly, StackCrawlMark& stackMark, IntPtr pPrivHostBinder, Boolean throwOnFileNotFound, Boolean forIntrospection, Boolean suppressSecurityChecks)
   en System.Reflection.Assembly.Load(AssemblyName assemblyRef)
   en Microsoft.VisualStudio.TestPlatform.Common.ExtensionFramework.TestPluginCache.CurrentDomainAssemblyResolve(Object sender, AssemblyResolveEventArgs args)
   en System.AppDomain.OnAssemblyResolveEvent(RuntimeAssembly assembly, String assemblyFullName)

AVS: El registro del enlace de ensamblado está desactivado.
Para habilitar el registro de errores del enlace de ensamblado, establezca el valor de Registro [HKLM\Software\Microsoft\Fusion!EnableLog] (DWORD) como 1.
Nota: existe una disminución del rendimiento asociada registro de errores del enlace de ensamblado.
Para desactivar esta característica, elimine el valor de Registro [HKLM\Software\Microsoft\Fusion!EnableLog].

TpTrace Information: 0 : 5512, 3, 2023/08/29, 17:20:23.559, 168754981928, testhost.net48.exe, AssemblyResolver.OnResolve: Microsoft.TestPlatform.Extensions.BlameDataCollector: Resolving assembly.
TpTrace Information: 0 : 5512, 3, 2023/08/29, 17:20:23.560, 168754982908, testhost.net48.exe, AssemblyResolver.OnResolve: Microsoft.TestPlatform.Extensions.BlameDataCollector: Searching in: 'C:\Program Files\dotnet\sdk\7.0.203\Extensions'.
TpTrace Information: 0 : 5512, 3, 2023/08/29, 17:20:23.560, 168754987315, testhost.net48.exe, AssemblyResolver.OnResolve: Microsoft.TestPlatform.Extensions.BlameDataCollector: Loading assembly 'C:\Program Files\dotnet\sdk\7.0.203\Extensions\Microsoft.TestPlatform.Extensions.BlameDataCollector.dll'.
TpTrace Information: 0 : 5512, 3, 2023/08/29, 17:20:23.562, 168755008413, testhost.net48.exe, AssemblyResolver.OnResolve: Resolved assembly: Microsoft.TestPlatform.Extensions.BlameDataCollector, from path: C:\Program Files\dotnet\sdk\7.0.203\Extensions\Microsoft.TestPlatform.Extensions.BlameDataCollector.dll
TpTrace Verbose: 0 : 5512, 3, 2023/08/29, 17:20:23.562, 168755010375, testhost.net48.exe, MetadataReaderExtensionsHelper: Discovering extensions inside assembly 'Microsoft.TestPlatform.Extensions.BlameDataCollector, Version=15.0.0.0, Culture=neutral, PublicKeyToken=b03f5f7f11d50a3a' file path 'C:\Program Files\dotnet\sdk\7.0.203\Extensions\Microsoft.TestPlatform.Extensions.BlameDataCollector.dll'
TpTrace Information: 0 : 5512, 3, 2023/08/29, 17:20:23.570, 168755088250, testhost.net48.exe, AssemblyResolver.OnResolve: Microsoft.TestPlatform.Extensions.EventLogCollector: Resolving assembly.
TpTrace Information: 0 : 5512, 3, 2023/08/29, 17:20:23.570, 168755089322, testhost.net48.exe, AssemblyResolver.OnResolve: Microsoft.TestPlatform.Extensions.EventLogCollector: Searching in: 'C:\Program Files\dotnet\sdk\7.0.203\Extensions'.
TpTrace Information: 0 : 5512, 3, 2023/08/29, 17:20:23.571, 168755094233, testhost.net48.exe, AssemblyResolver.OnResolve: Microsoft.TestPlatform.Extensions.EventLogCollector: Loading assembly 'C:\Program Files\dotnet\sdk\7.0.203\Extensions\Microsoft.TestPlatform.Extensions.EventLogCollector.dll'.
TpTrace Information: 0 : 5512, 3, 2023/08/29, 17:20:23.573, 168755116394, testhost.net48.exe, AssemblyResolver.OnResolve: Resolved assembly: Microsoft.TestPlatform.Extensions.EventLogCollector, from path: C:\Program Files\dotnet\sdk\7.0.203\Extensions\Microsoft.TestPlatform.Extensions.EventLogCollector.dll
TpTrace Verbose: 0 : 5512, 3, 2023/08/29, 17:20:23.573, 168755118521, testhost.net48.exe, MetadataReaderExtensionsHelper: Discovering extensions inside assembly 'Microsoft.TestPlatform.Extensions.EventLogCollector, Version=15.0.0.0, Culture=neutral, PublicKeyToken=b03f5f7f11d50a3a' file path 'C:\Program Files\dotnet\sdk\7.0.203\Extensions\Microsoft.TestPlatform.Extensions.EventLogCollector.dll'
TpTrace Information: 0 : 5512, 3, 2023/08/29, 17:20:23.576, 168755143103, testhost.net48.exe, AssemblyResolver.OnResolve: Microsoft.TestPlatform.TestHostRuntimeProvider: Resolving assembly.
TpTrace Information: 0 : 5512, 3, 2023/08/29, 17:20:23.576, 168755144089, testhost.net48.exe, AssemblyResolver.OnResolve: Microsoft.TestPlatform.TestHostRuntimeProvider: Searching in: 'C:\Program Files\dotnet\sdk\7.0.203\Extensions'.
TpTrace Information: 0 : 5512, 3, 2023/08/29, 17:20:23.576, 168755148523, testhost.net48.exe, AssemblyResolver.OnResolve: Microsoft.TestPlatform.TestHostRuntimeProvider: Loading assembly 'C:\Program Files\dotnet\sdk\7.0.203\Extensions\Microsoft.TestPlatform.TestHostRuntimeProvider.dll'.
TpTrace Information: 0 : 5512, 3, 2023/08/29, 17:20:23.579, 168755172565, testhost.net48.exe, AssemblyResolver.OnResolve: Resolved assembly: Microsoft.TestPlatform.TestHostRuntimeProvider, from path: C:\Program Files\dotnet\sdk\7.0.203\Extensions\Microsoft.TestPlatform.TestHostRuntimeProvider.dll
TpTrace Verbose: 0 : 5512, 3, 2023/08/29, 17:20:23.579, 168755174464, testhost.net48.exe, MetadataReaderExtensionsHelper: Discovering extensions inside assembly 'Microsoft.TestPlatform.TestHostRuntimeProvider, Version=15.0.0.0, Culture=neutral, PublicKeyToken=b03f5f7f11d50a3a' file path 'C:\Program Files\dotnet\sdk\7.0.203\Extensions\Microsoft.TestPlatform.TestHostRuntimeProvider.dll'
TpTrace Information: 0 : 5512, 3, 2023/08/29, 17:20:23.583, 168755206453, testhost.net48.exe, AssemblyResolver.OnResolve: Microsoft.VisualStudio.TestPlatform.Extensions.Html.TestLogger: Resolving assembly.
TpTrace Information: 0 : 5512, 3, 2023/08/29, 17:20:23.583, 168755207467, testhost.net48.exe, AssemblyResolver.OnResolve: Microsoft.VisualStudio.TestPlatform.Extensions.Html.TestLogger: Searching in: 'C:\Program Files\dotnet\sdk\7.0.203\Extensions'.
TpTrace Information: 0 : 5512, 3, 2023/08/29, 17:20:23.583, 168755211527, testhost.net48.exe, AssemblyResolver.OnResolve: Microsoft.VisualStudio.TestPlatform.Extensions.Html.TestLogger: Loading assembly 'C:\Program Files\dotnet\sdk\7.0.203\Extensions\Microsoft.VisualStudio.TestPlatform.Extensions.Html.TestLogger.dll'.
TpTrace Information: 0 : 5512, 3, 2023/08/29, 17:20:23.585, 168755234691, testhost.net48.exe, AssemblyResolver.OnResolve: Resolved assembly: Microsoft.VisualStudio.TestPlatform.Extensions.Html.TestLogger, from path: C:\Program Files\dotnet\sdk\7.0.203\Extensions\Microsoft.VisualStudio.TestPlatform.Extensions.Html.TestLogger.dll
TpTrace Verbose: 0 : 5512, 3, 2023/08/29, 17:20:23.586, 168755236459, testhost.net48.exe, MetadataReaderExtensionsHelper: Discovering extensions inside assembly 'Microsoft.VisualStudio.TestPlatform.Extensions.Html.TestLogger, Version=15.0.0.0, Culture=neutral, PublicKeyToken=b03f5f7f11d50a3a' file path 'C:\Program Files\dotnet\sdk\7.0.203\Extensions\Microsoft.VisualStudio.TestPlatform.Extensions.Html.TestLogger.dll'
TpTrace Information: 0 : 5512, 3, 2023/08/29, 17:20:23.588, 168755259657, testhost.net48.exe, AssemblyResolver.OnResolve: Microsoft.VisualStudio.TestPlatform.Extensions.Trx.TestLogger: Resolving assembly.
TpTrace Information: 0 : 5512, 3, 2023/08/29, 17:20:23.588, 168755260564, testhost.net48.exe, AssemblyResolver.OnResolve: Microsoft.VisualStudio.TestPlatform.Extensions.Trx.TestLogger: Searching in: 'C:\Program Files\dotnet\sdk\7.0.203\Extensions'.
TpTrace Information: 0 : 5512, 3, 2023/08/29, 17:20:23.588, 168755264524, testhost.net48.exe, AssemblyResolver.OnResolve: Microsoft.VisualStudio.TestPlatform.Extensions.Trx.TestLogger: Loading assembly 'C:\Program Files\dotnet\sdk\7.0.203\Extensions\Microsoft.VisualStudio.TestPlatform.Extensions.Trx.TestLogger.dll'.
TpTrace Information: 0 : 5512, 3, 2023/08/29, 17:20:23.591, 168755292111, testhost.net48.exe, AssemblyResolver.OnResolve: Resolved assembly: Microsoft.VisualStudio.TestPlatform.Extensions.Trx.TestLogger, from path: C:\Program Files\dotnet\sdk\7.0.203\Extensions\Microsoft.VisualStudio.TestPlatform.Extensions.Trx.TestLogger.dll
TpTrace Verbose: 0 : 5512, 3, 2023/08/29, 17:20:23.591, 168755294252, testhost.net48.exe, MetadataReaderExtensionsHelper: Discovering extensions inside assembly 'Microsoft.VisualStudio.TestPlatform.Extensions.Trx.TestLogger, Version=15.0.0.0, Culture=neutral, PublicKeyToken=b03f5f7f11d50a3a' file path 'C:\Program Files\dotnet\sdk\7.0.203\Extensions\Microsoft.VisualStudio.TestPlatform.Extensions.Trx.TestLogger.dll'
TpTrace Information: 0 : 5512, 3, 2023/08/29, 17:20:23.594, 168755319581, testhost.net48.exe, AssemblyResolver.OnResolve: NUnit3.TestAdapter: Resolving assembly.
TpTrace Information: 0 : 5512, 3, 2023/08/29, 17:20:23.594, 168755320988, testhost.net48.exe, AssemblyResolver.OnResolve: NUnit3.TestAdapter: Searching in: 'C:\Program Files\dotnet\sdk\7.0.203\Extensions'.
TpTrace Information: 0 : 5512, 3, 2023/08/29, 17:20:23.594, 168755322244, testhost.net48.exe, AssemblyResolver.OnResolve: NUnit3.TestAdapter: Assembly path does not exist: 'C:\Program Files\dotnet\sdk\7.0.203\Extensions\NUnit3.TestAdapter.dll', returning.
TpTrace Information: 0 : 5512, 3, 2023/08/29, 17:20:23.594, 168755322723, testhost.net48.exe, AssemblyResolver.OnResolve: NUnit3.TestAdapter: Assembly path does not exist: 'C:\Program Files\dotnet\sdk\7.0.203\Extensions\NUnit3.TestAdapter.exe', returning.
TpTrace Information: 0 : 5512, 3, 2023/08/29, 17:20:23.594, 168755323087, testhost.net48.exe, AssemblyResolver.OnResolve: NUnit3.TestAdapter: Searching in: 'C:\Users\allpi\source\repos\Cafeteria2\CafeteriaControllerTest\bin\Debug\net48\fine-code-coverage\build-output'.
TpTrace Information: 0 : 5512, 3, 2023/08/29, 17:20:23.594, 168755328299, testhost.net48.exe, AssemblyResolver.OnResolve: NUnit3.TestAdapter: Loading assembly 'C:\Users\allpi\source\repos\Cafeteria2\CafeteriaControllerTest\bin\Debug\net48\fine-code-coverage\build-output\NUnit3.TestAdapter.dll'.
TpTrace Information: 0 : 5512, 3, 2023/08/29, 17:20:23.597, 168755358856, testhost.net48.exe, AssemblyResolver.OnResolve: Resolved assembly: NUnit3.TestAdapter, from path: C:\Users\allpi\source\repos\Cafeteria2\CafeteriaControllerTest\bin\Debug\net48\fine-code-coverage\build-output\NUnit3.TestAdapter.dll
TpTrace Verbose: 0 : 5512, 3, 2023/08/29, 17:20:23.597, 168755360585, testhost.net48.exe, MetadataReaderExtensionsHelper: Discovering extensions inside assembly 'NUnit3.TestAdapter, Version=3.16.1.0, Culture=neutral, PublicKeyToken=4cb40d35494691ac' file path 'C:\Users\allpi\source\repos\Cafeteria2\CafeteriaControllerTest\bin\Debug\net48\fine-code-coverage\build-output\NUnit3.TestAdapter.dll'
TpTrace Information: 0 : 5512, 3, 2023/08/29, 17:20:23.604, 168755421454, testhost.net48.exe, GetTestExtensionFromType: Register extension with identifier data 'executor://NUnit3TestExecutor' and type 'NUnit.VisualStudio.TestAdapter.NUnit3TestExecutor, NUnit3.TestAdapter, Version=3.16.1.0, Culture=neutral, PublicKeyToken=4cb40d35494691ac' inside file 'C:\Users\allpi\source\repos\Cafeteria2\CafeteriaControllerTest\bin\Debug\net48\fine-code-coverage\build-output\NUnit3.TestAdapter.dll'
TpTrace Verbose: 0 : 5512, 3, 2023/08/29, 17:20:23.610, 168755483249, testhost.net48.exe, TestPluginCache: Discovered the extensions using extension path ''.
TpTrace Verbose: 0 : 5512, 3, 2023/08/29, 17:20:23.612, 168755504581, testhost.net48.exe, TestPluginCache: Discoverers are ''.
TpTrace Verbose: 0 : 5512, 3, 2023/08/29, 17:20:23.612, 168755505645, testhost.net48.exe, TestPluginCache: Executors are 'executor://NUnit3TestExecutor'.
TpTrace Verbose: 0 : 5512, 3, 2023/08/29, 17:20:23.613, 168755505970, testhost.net48.exe, TestPluginCache: Executors2 are ''.
TpTrace Verbose: 0 : 5512, 3, 2023/08/29, 17:20:23.613, 168755506236, testhost.net48.exe, TestPluginCache: Setting providers are ''.
TpTrace Verbose: 0 : 5512, 3, 2023/08/29, 17:20:23.613, 168755506549, testhost.net48.exe, TestPluginCache: Loggers are ''.
TpTrace Verbose: 0 : 5512, 3, 2023/08/29, 17:20:23.613, 168755506783, testhost.net48.exe, TestPluginCache: TestHosts are ''.
TpTrace Verbose: 0 : 5512, 3, 2023/08/29, 17:20:23.613, 168755507012, testhost.net48.exe, TestPluginCache: DataCollectors are ''.
TpTrace Verbose: 0 : 5512, 3, 2023/08/29, 17:20:23.617, 168755554689, testhost.net48.exe, TestPluginCache.DiscoverTestExtensions: finding test extensions in assemblies ends with: TestAdapter.dll TPluginInfo: Microsoft.VisualStudio.TestPlatform.Common.ExtensionFramework.Utilities.TestExecutorPluginInformation2 TExtension: Microsoft.VisualStudio.TestPlatform.ObjectModel.Adapter.ITestExecutor2
TpTrace Verbose: 0 : 5512, 3, 2023/08/29, 17:20:23.618, 168755561250, testhost.net48.exe, TestPluginCache.GetExtensionPaths: Filtered extension paths: 
TpTrace Verbose: 0 : 5512, 3, 2023/08/29, 17:20:23.618, 168755562039, testhost.net48.exe, TestPluginCache.GetExtensionPaths: Added default extension paths: C:\Program Files\dotnet\sdk\7.0.203\Extensions\Microsoft.Diagnostics.NETCore.Client.dll
C:\Program Files\dotnet\sdk\7.0.203\Extensions\Microsoft.TestPlatform.Extensions.BlameDataCollector.dll
C:\Program Files\dotnet\sdk\7.0.203\Extensions\Microsoft.TestPlatform.Extensions.EventLogCollector.dll
C:\Program Files\dotnet\sdk\7.0.203\Extensions\Microsoft.TestPlatform.TestHostRuntimeProvider.dll
C:\Program Files\dotnet\sdk\7.0.203\Extensions\Microsoft.VisualStudio.TestPlatform.Extensions.Html.TestLogger.dll
C:\Program Files\dotnet\sdk\7.0.203\Extensions\Microsoft.VisualStudio.TestPlatform.Extensions.Trx.TestLogger.dll
C:\Users\allpi\source\repos\Cafeteria2\CafeteriaControllerTest\bin\Debug\net48\fine-code-coverage\build-output\NUnit3.TestAdapter.dll
TpTrace Verbose: 0 : 5512, 3, 2023/08/29, 17:20:23.618, 168755562469, testhost.net48.exe, TestPluginCache.GetExtensionPaths: Added unfilterableExtensionPaths: 
TpTrace Information: 0 : 5512, 3, 2023/08/29, 17:20:23.618, 168755564165, testhost.net48.exe, AssemblyResolver.AddSearchDirectories: Adding more searchDirectories C:\Program Files\dotnet\sdk\7.0.203\Extensions,C:\Users\allpi\source\repos\Cafeteria2\CafeteriaControllerTest\bin\Debug\net48\fine-code-coverage\build-output,C:\Program Files\dotnet\sdk\7.0.203\TestHostNetFramework
TpTrace Verbose: 0 : 5512, 3, 2023/08/29, 17:20:23.618, 168755564505, testhost.net48.exe, TestPluginCache.DiscoverTestExtensions: Discovering the extensions using extension path.
TpTrace Verbose: 0 : 5512, 3, 2023/08/29, 17:20:23.618, 168755564825, testhost.net48.exe, TestPluginCache.GetExtensionPaths: Filtered extension paths: 
TpTrace Verbose: 0 : 5512, 3, 2023/08/29, 17:20:23.618, 168755565127, testhost.net48.exe, TestPluginCache.GetExtensionPaths: Added default extension paths: C:\Program Files\dotnet\sdk\7.0.203\Extensions\Microsoft.Diagnostics.NETCore.Client.dll
C:\Program Files\dotnet\sdk\7.0.203\Extensions\Microsoft.TestPlatform.Extensions.BlameDataCollector.dll
C:\Program Files\dotnet\sdk\7.0.203\Extensions\Microsoft.TestPlatform.Extensions.EventLogCollector.dll
C:\Program Files\dotnet\sdk\7.0.203\Extensions\Microsoft.TestPlatform.TestHostRuntimeProvider.dll
C:\Program Files\dotnet\sdk\7.0.203\Extensions\Microsoft.VisualStudio.TestPlatform.Extensions.Html.TestLogger.dll
C:\Program Files\dotnet\sdk\7.0.203\Extensions\Microsoft.VisualStudio.TestPlatform.Extensions.Trx.TestLogger.dll
C:\Users\allpi\source\repos\Cafeteria2\CafeteriaControllerTest\bin\Debug\net48\fine-code-coverage\build-output\NUnit3.TestAdapter.dll
TpTrace Verbose: 0 : 5512, 3, 2023/08/29, 17:20:23.618, 168755565494, testhost.net48.exe, TestPluginCache.GetExtensionPaths: Added unfilterableExtensionPaths: 
TpTrace Verbose: 0 : 5512, 3, 2023/08/29, 17:20:23.619, 168755565866, testhost.net48.exe, TestPluginCache.DiscoverTestExtensions: Discovering the extensions using allExtensionPaths: C:\Program Files\dotnet\sdk\7.0.203\Extensions\Microsoft.Diagnostics.NETCore.Client.dll
C:\Program Files\dotnet\sdk\7.0.203\Extensions\Microsoft.TestPlatform.Extensions.BlameDataCollector.dll
C:\Program Files\dotnet\sdk\7.0.203\Extensions\Microsoft.TestPlatform.Extensions.EventLogCollector.dll
C:\Program Files\dotnet\sdk\7.0.203\Extensions\Microsoft.TestPlatform.TestHostRuntimeProvider.dll
C:\Program Files\dotnet\sdk\7.0.203\Extensions\Microsoft.VisualStudio.TestPlatform.Extensions.Html.TestLogger.dll
C:\Program Files\dotnet\sdk\7.0.203\Extensions\Microsoft.VisualStudio.TestPlatform.Extensions.Trx.TestLogger.dll
C:\Users\allpi\source\repos\Cafeteria2\CafeteriaControllerTest\bin\Debug\net48\fine-code-coverage\build-output\NUnit3.TestAdapter.dll
TpTrace Information: 0 : 5512, 3, 2023/08/29, 17:20:23.619, 168755567489, testhost.net48.exe, AssemblyResolver.AddSearchDirectories: Adding more searchDirectories C:\Program Files\dotnet\sdk\7.0.203\Extensions,C:\Program Files\dotnet\sdk\7.0.203\TestHostNetFramework
TpTrace Information: 0 : 5512, 3, 2023/08/29, 17:20:23.619, 168755568009, testhost.net48.exe, AssemblyResolver.AddSearchDirectories: Adding more searchDirectories C:\Program Files\dotnet\sdk\7.0.203\Extensions,C:\Program Files\dotnet\sdk\7.0.203\TestHostNetFramework
TpTrace Information: 0 : 5512, 3, 2023/08/29, 17:20:23.619, 168755568412, testhost.net48.exe, AssemblyResolver.AddSearchDirectories: Adding more searchDirectories C:\Program Files\dotnet\sdk\7.0.203\Extensions,C:\Program Files\dotnet\sdk\7.0.203\TestHostNetFramework
TpTrace Information: 0 : 5512, 3, 2023/08/29, 17:20:23.619, 168755568786, testhost.net48.exe, AssemblyResolver.AddSearchDirectories: Adding more searchDirectories C:\Program Files\dotnet\sdk\7.0.203\Extensions,C:\Program Files\dotnet\sdk\7.0.203\TestHostNetFramework
TpTrace Information: 0 : 5512, 3, 2023/08/29, 17:20:23.619, 168755569106, testhost.net48.exe, AssemblyResolver.AddSearchDirectories: Adding more searchDirectories C:\Program Files\dotnet\sdk\7.0.203\Extensions,C:\Program Files\dotnet\sdk\7.0.203\TestHostNetFramework
TpTrace Information: 0 : 5512, 3, 2023/08/29, 17:20:23.619, 168755569470, testhost.net48.exe, AssemblyResolver.AddSearchDirectories: Adding more searchDirectories C:\Program Files\dotnet\sdk\7.0.203\Extensions,C:\Program Files\dotnet\sdk\7.0.203\TestHostNetFramework
TpTrace Information: 0 : 5512, 3, 2023/08/29, 17:20:23.619, 168755569852, testhost.net48.exe, AssemblyResolver.AddSearchDirectories: Adding more searchDirectories C:\Users\allpi\source\repos\Cafeteria2\CafeteriaControllerTest\bin\Debug\net48\fine-code-coverage\build-output,C:\Program Files\dotnet\sdk\7.0.203\TestHostNetFramework
TpTrace Verbose: 0 : 5512, 3, 2023/08/29, 17:20:23.619, 168755571185, testhost.net48.exe, MetadataReaderExtensionsHelper: Discovering extensions inside assembly 'Microsoft.Diagnostics.NETCore.Client, Version=0.2.6.42401, Culture=neutral, PublicKeyToken=31bf3856ad364e35' file path 'C:\Program Files\dotnet\sdk\7.0.203\Extensions\Microsoft.Diagnostics.NETCore.Client.dll'
TpTrace Warning: 0 : 5512, 3, 2023/08/29, 17:20:23.621, 168755587079, testhost.net48.exe, TestPluginDiscoverer: Failed to get types from assembly 'Microsoft.Diagnostics.NETCore.Client, Version=0.2.6.42401, Culture=neutral, PublicKeyToken=31bf3856ad364e35'. Error: System.Reflection.ReflectionTypeLoadException: No se pueden cargar uno o varios tipos requeridos. Recupere la propiedad LoaderExceptions para obtener más información.
   en System.Reflection.RuntimeModule.GetTypes(RuntimeModule module)
   en System.Reflection.RuntimeModule.GetTypes()
   en System.Reflection.Assembly.GetTypes()
   en Microsoft.VisualStudio.TestPlatform.Common.ExtensionFramework.TestPluginDiscoverer.GetTestExtensionsFromAssembly[TPluginInfo,TExtension](Assembly assembly, Dictionary`2 pluginInfos, String filePath)
TpTrace Warning: 0 : 5512, 3, 2023/08/29, 17:20:23.621, 168755589224, testhost.net48.exe, LoaderExceptions: System.IO.FileNotFoundException: No se puede cargar el archivo o ensamblado 'Microsoft.Bcl.AsyncInterfaces, Version=1.0.0.0, Culture=neutral, PublicKeyToken=cc7b13ffcd2ddd51' ni una de sus dependencias. El sistema no puede encontrar el archivo especificado.
Nombre de archivo: 'Microsoft.Bcl.AsyncInterfaces, Version=1.0.0.0, Culture=neutral, PublicKeyToken=cc7b13ffcd2ddd51'
   en System.Reflection.RuntimeAssembly._nLoad(AssemblyName fileName, String codeBase, Evidence assemblySecurity, RuntimeAssembly locationHint, StackCrawlMark& stackMark, IntPtr pPrivHostBinder, Boolean throwOnFileNotFound, Boolean forIntrospection, Boolean suppressSecurityChecks)
   en System.Reflection.RuntimeAssembly.InternalLoadAssemblyName(AssemblyName assemblyRef, Evidence assemblySecurity, RuntimeAssembly reqAssembly, StackCrawlMark& stackMark, IntPtr pPrivHostBinder, Boolean throwOnFileNotFound, Boolean forIntrospection, Boolean suppressSecurityChecks)
   en System.Reflection.Assembly.Load(AssemblyName assemblyRef)
   en Microsoft.VisualStudio.TestPlatform.Common.ExtensionFramework.TestPluginCache.CurrentDomainAssemblyResolve(Object sender, AssemblyResolveEventArgs args)
   en System.AppDomain.OnAssemblyResolveEvent(RuntimeAssembly assembly, String assemblyFullName)

AVS: El registro del enlace de ensamblado está desactivado.
Para habilitar el registro de errores del enlace de ensamblado, establezca el valor de Registro [HKLM\Software\Microsoft\Fusion!EnableLog] (DWORD) como 1.
Nota: existe una disminución del rendimiento asociada registro de errores del enlace de ensamblado.
Para desactivar esta característica, elimine el valor de Registro [HKLM\Software\Microsoft\Fusion!EnableLog].

TpTrace Warning: 0 : 5512, 3, 2023/08/29, 17:20:23.621, 168755590307, testhost.net48.exe, LoaderExceptions: System.IO.FileNotFoundException: No se puede cargar el archivo o ensamblado 'System.Threading.Tasks.Extensions, Version=4.2.0.0, Culture=neutral, PublicKeyToken=cc7b13ffcd2ddd51' ni una de sus dependencias. El sistema no puede encontrar el archivo especificado.
Nombre de archivo: 'System.Threading.Tasks.Extensions, Version=4.2.0.0, Culture=neutral, PublicKeyToken=cc7b13ffcd2ddd51'
   en System.Reflection.RuntimeAssembly._nLoad(AssemblyName fileName, String codeBase, Evidence assemblySecurity, RuntimeAssembly locationHint, StackCrawlMark& stackMark, IntPtr pPrivHostBinder, Boolean throwOnFileNotFound, Boolean forIntrospection, Boolean suppressSecurityChecks)
   en System.Reflection.RuntimeAssembly.InternalLoadAssemblyName(AssemblyName assemblyRef, Evidence assemblySecurity, RuntimeAssembly reqAssembly, StackCrawlMark& stackMark, IntPtr pPrivHostBinder, Boolean throwOnFileNotFound, Boolean forIntrospection, Boolean suppressSecurityChecks)
   en System.Reflection.Assembly.Load(AssemblyName assemblyRef)
   en Microsoft.VisualStudio.TestPlatform.Common.ExtensionFramework.TestPluginCache.CurrentDomainAssemblyResolve(Object sender, AssemblyResolveEventArgs args)
   en System.AppDomain.OnAssemblyResolveEvent(RuntimeAssembly assembly, String assemblyFullName)

AVS: El registro del enlace de ensamblado está desactivado.
Para habilitar el registro de errores del enlace de ensamblado, establezca el valor de Registro [HKLM\Software\Microsoft\Fusion!EnableLog] (DWORD) como 1.
Nota: existe una disminución del rendimiento asociada registro de errores del enlace de ensamblado.
Para desactivar esta característica, elimine el valor de Registro [HKLM\Software\Microsoft\Fusion!EnableLog].

TpTrace Warning: 0 : 5512, 3, 2023/08/29, 17:20:23.621, 168755591274, testhost.net48.exe, LoaderExceptions: System.IO.FileNotFoundException: No se puede cargar el archivo o ensamblado 'System.Threading.Tasks.Extensions, Version=4.2.0.0, Culture=neutral, PublicKeyToken=cc7b13ffcd2ddd51' ni una de sus dependencias. El sistema no puede encontrar el archivo especificado.
Nombre de archivo: 'System.Threading.Tasks.Extensions, Version=4.2.0.0, Culture=neutral, PublicKeyToken=cc7b13ffcd2ddd51'
   en System.Reflection.RuntimeAssembly._nLoad(AssemblyName fileName, String codeBase, Evidence assemblySecurity, RuntimeAssembly locationHint, StackCrawlMark& stackMark, IntPtr pPrivHostBinder, Boolean throwOnFileNotFound, Boolean forIntrospection, Boolean suppressSecurityChecks)
   en System.Reflection.RuntimeAssembly.InternalLoadAssemblyName(AssemblyName assemblyRef, Evidence assemblySecurity, RuntimeAssembly reqAssembly, StackCrawlMark& stackMark, IntPtr pPrivHostBinder, Boolean throwOnFileNotFound, Boolean forIntrospection, Boolean suppressSecurityChecks)
   en System.Reflection.Assembly.Load(AssemblyName assemblyRef)
   en Microsoft.VisualStudio.TestPlatform.Common.ExtensionFramework.TestPluginCache.CurrentDomainAssemblyResolve(Object sender, AssemblyResolveEventArgs args)
   en System.AppDomain.OnAssemblyResolveEvent(RuntimeAssembly assembly, String assemblyFullName)

AVS: El registro del enlace de ensamblado está desactivado.
Para habilitar el registro de errores del enlace de ensamblado, establezca el valor de Registro [HKLM\Software\Microsoft\Fusion!EnableLog] (DWORD) como 1.
Nota: existe una disminución del rendimiento asociada registro de errores del enlace de ensamblado.
Para desactivar esta característica, elimine el valor de Registro [HKLM\Software\Microsoft\Fusion!EnableLog].

TpTrace Verbose: 0 : 5512, 3, 2023/08/29, 17:20:23.621, 168755592544, testhost.net48.exe, MetadataReaderExtensionsHelper: Discovering extensions inside assembly 'Microsoft.TestPlatform.Extensions.BlameDataCollector, Version=15.0.0.0, Culture=neutral, PublicKeyToken=b03f5f7f11d50a3a' file path 'C:\Program Files\dotnet\sdk\7.0.203\Extensions\Microsoft.TestPlatform.Extensions.BlameDataCollector.dll'
TpTrace Verbose: 0 : 5512, 3, 2023/08/29, 17:20:23.622, 168755600896, testhost.net48.exe, MetadataReaderExtensionsHelper: Discovering extensions inside assembly 'Microsoft.TestPlatform.Extensions.EventLogCollector, Version=15.0.0.0, Culture=neutral, PublicKeyToken=b03f5f7f11d50a3a' file path 'C:\Program Files\dotnet\sdk\7.0.203\Extensions\Microsoft.TestPlatform.Extensions.EventLogCollector.dll'
TpTrace Verbose: 0 : 5512, 3, 2023/08/29, 17:20:23.623, 168755608347, testhost.net48.exe, MetadataReaderExtensionsHelper: Discovering extensions inside assembly 'Microsoft.TestPlatform.TestHostRuntimeProvider, Version=15.0.0.0, Culture=neutral, PublicKeyToken=b03f5f7f11d50a3a' file path 'C:\Program Files\dotnet\sdk\7.0.203\Extensions\Microsoft.TestPlatform.TestHostRuntimeProvider.dll'
TpTrace Verbose: 0 : 5512, 3, 2023/08/29, 17:20:23.623, 168755619287, testhost.net48.exe, MetadataReaderExtensionsHelper: Discovering extensions inside assembly 'Microsoft.VisualStudio.TestPlatform.Extensions.Html.TestLogger, Version=15.0.0.0, Culture=neutral, PublicKeyToken=b03f5f7f11d50a3a' file path 'C:\Program Files\dotnet\sdk\7.0.203\Extensions\Microsoft.VisualStudio.TestPlatform.Extensions.Html.TestLogger.dll'
TpTrace Verbose: 0 : 5512, 3, 2023/08/29, 17:20:23.624, 168755628021, testhost.net48.exe, MetadataReaderExtensionsHelper: Discovering extensions inside assembly 'Microsoft.VisualStudio.TestPlatform.Extensions.Trx.TestLogger, Version=15.0.0.0, Culture=neutral, PublicKeyToken=b03f5f7f11d50a3a' file path 'C:\Program Files\dotnet\sdk\7.0.203\Extensions\Microsoft.VisualStudio.TestPlatform.Extensions.Trx.TestLogger.dll'
TpTrace Verbose: 0 : 5512, 3, 2023/08/29, 17:20:23.626, 168755636154, testhost.net48.exe, MetadataReaderExtensionsHelper: Discovering extensions inside assembly 'NUnit3.TestAdapter, Version=3.16.1.0, Culture=neutral, PublicKeyToken=4cb40d35494691ac' file path 'C:\Users\allpi\source\repos\Cafeteria2\CafeteriaControllerTest\bin\Debug\net48\fine-code-coverage\build-output\NUnit3.TestAdapter.dll'
TpTrace Verbose: 0 : 5512, 3, 2023/08/29, 17:20:23.627, 168755644997, testhost.net48.exe, TestPluginCache: Discovered the extensions using extension path ''.
TpTrace Verbose: 0 : 5512, 3, 2023/08/29, 17:20:23.627, 168755645678, testhost.net48.exe, TestPluginCache: Discoverers are ''.
TpTrace Verbose: 0 : 5512, 3, 2023/08/29, 17:20:23.627, 168755646596, testhost.net48.exe, TestPluginCache: Executors are 'executor://NUnit3TestExecutor'.
TpTrace Verbose: 0 : 5512, 3, 2023/08/29, 17:20:23.627, 168755646955, testhost.net48.exe, TestPluginCache: Executors2 are ''.
TpTrace Verbose: 0 : 5512, 3, 2023/08/29, 17:20:23.627, 168755647255, testhost.net48.exe, TestPluginCache: Setting providers are ''.
TpTrace Verbose: 0 : 5512, 3, 2023/08/29, 17:20:23.627, 168755647489, testhost.net48.exe, TestPluginCache: Loggers are ''.
TpTrace Verbose: 0 : 5512, 3, 2023/08/29, 17:20:23.627, 168755647818, testhost.net48.exe, TestPluginCache: TestHosts are ''.
TpTrace Verbose: 0 : 5512, 3, 2023/08/29, 17:20:23.627, 168755648044, testhost.net48.exe, TestPluginCache: DataCollectors are ''.
TpTrace Information: 0 : 5512, 3, 2023/08/29, 17:20:23.635, 168755732082, testhost.net48.exe, AssemblyResolver.OnResolve: NUnit3.TestAdapter, Version=3.16.1.0, Culture=neutral, PublicKeyToken=4cb40d35494691ac: Resolving assembly.
TpTrace Information: 0 : 5512, 3, 2023/08/29, 17:20:23.635, 168755733736, testhost.net48.exe, AssemblyResolver.OnResolve: NUnit3.TestAdapter, Version=3.16.1.0, Culture=neutral, PublicKeyToken=4cb40d35494691ac: Searching in: 'C:\Program Files\dotnet\sdk\7.0.203\Extensions'.
TpTrace Information: 0 : 5512, 3, 2023/08/29, 17:20:23.635, 168755735256, testhost.net48.exe, AssemblyResolver.OnResolve: NUnit3.TestAdapter, Version=3.16.1.0, Culture=neutral, PublicKeyToken=4cb40d35494691ac: Assembly path does not exist: 'C:\Program Files\dotnet\sdk\7.0.203\Extensions\NUnit3.TestAdapter.dll', returning.
TpTrace Information: 0 : 5512, 3, 2023/08/29, 17:20:23.635, 168755736192, testhost.net48.exe, AssemblyResolver.OnResolve: NUnit3.TestAdapter, Version=3.16.1.0, Culture=neutral, PublicKeyToken=4cb40d35494691ac: Assembly path does not exist: 'C:\Program Files\dotnet\sdk\7.0.203\Extensions\NUnit3.TestAdapter.exe', returning.
TpTrace Information: 0 : 5512, 3, 2023/08/29, 17:20:23.635, 168755736624, testhost.net48.exe, AssemblyResolver.OnResolve: NUnit3.TestAdapter, Version=3.16.1.0, Culture=neutral, PublicKeyToken=4cb40d35494691ac: Searching in: 'C:\Users\allpi\source\repos\Cafeteria2\CafeteriaControllerTest\bin\Debug\net48\fine-code-coverage\build-output'.
TpTrace Information: 0 : 5512, 3, 2023/08/29, 17:20:23.636, 168755744847, testhost.net48.exe, AssemblyResolver.OnResolve: NUnit3.TestAdapter, Version=3.16.1.0, Culture=neutral, PublicKeyToken=4cb40d35494691ac: Loading assembly 'C:\Users\allpi\source\repos\Cafeteria2\CafeteriaControllerTest\bin\Debug\net48\fine-code-coverage\build-output\NUnit3.TestAdapter.dll'.
TpTrace Information: 0 : 5512, 3, 2023/08/29, 17:20:23.636, 168755746437, testhost.net48.exe, AssemblyResolver.OnResolve: Resolved assembly: NUnit3.TestAdapter, Version=3.16.1.0, Culture=neutral, PublicKeyToken=4cb40d35494691ac, from path: C:\Users\allpi\source\repos\Cafeteria2\CafeteriaControllerTest\bin\Debug\net48\fine-code-coverage\build-output\NUnit3.TestAdapter.dll
TpTrace Information: 0 : 5512, 3, 2023/08/29, 17:20:23.637, 168755761978, testhost.net48.exe, TestPluginManager.CreateTestExtension: Attempting to load test extension: NUnit.VisualStudio.TestAdapter.NUnit3TestExecutor
TpTrace Verbose: 0 : 5512, 3, 2023/08/29, 17:20:23.640, 168755779728, testhost.net48.exe, TestExecutorExtensionManager: Loading executor Microsoft.VisualStudio.TestPlatform.Common.ExtensionDecorators.SerialTestRunDecorator
TpTrace Verbose: 0 : 5512, 3, 2023/08/29, 17:20:23.640, 168755780933, testhost.net48.exe, TestExecutorService: Loaded the executors
TpTrace Verbose: 0 : 5512, 3, 2023/08/29, 17:20:23.642, 168755805797, testhost.net48.exe, TestPluginCache.DiscoverTestExtensions: finding test extensions in assemblies ends with: TestAdapter.dll TPluginInfo: Microsoft.VisualStudio.TestPlatform.Common.ExtensionFramework.Utilities.TestSettingsProviderPluginInformation TExtension: Microsoft.VisualStudio.TestPlatform.ObjectModel.Adapter.ISettingsProvider
TpTrace Verbose: 0 : 5512, 3, 2023/08/29, 17:20:23.643, 168755807399, testhost.net48.exe, TestPluginCache.GetExtensionPaths: Filtered extension paths: 
TpTrace Verbose: 0 : 5512, 3, 2023/08/29, 17:20:23.643, 168755808085, testhost.net48.exe, TestPluginCache.GetExtensionPaths: Added default extension paths: C:\Program Files\dotnet\sdk\7.0.203\Extensions\Microsoft.Diagnostics.NETCore.Client.dll
C:\Program Files\dotnet\sdk\7.0.203\Extensions\Microsoft.TestPlatform.Extensions.BlameDataCollector.dll
C:\Program Files\dotnet\sdk\7.0.203\Extensions\Microsoft.TestPlatform.Extensions.EventLogCollector.dll
C:\Program Files\dotnet\sdk\7.0.203\Extensions\Microsoft.TestPlatform.TestHostRuntimeProvider.dll
C:\Program Files\dotnet\sdk\7.0.203\Extensions\Microsoft.VisualStudio.TestPlatform.Extensions.Html.TestLogger.dll
C:\Program Files\dotnet\sdk\7.0.203\Extensions\Microsoft.VisualStudio.TestPlatform.Extensions.Trx.TestLogger.dll
C:\Users\allpi\source\repos\Cafeteria2\CafeteriaControllerTest\bin\Debug\net48\fine-code-coverage\build-output\NUnit3.TestAdapter.dll
TpTrace Verbose: 0 : 5512, 3, 2023/08/29, 17:20:23.643, 168755808669, testhost.net48.exe, TestPluginCache.GetExtensionPaths: Added unfilterableExtensionPaths: 
TpTrace Information: 0 : 5512, 3, 2023/08/29, 17:20:23.643, 168755810912, testhost.net48.exe, AssemblyResolver.AddSearchDirectories: Adding more searchDirectories C:\Program Files\dotnet\sdk\7.0.203\Extensions,C:\Users\allpi\source\repos\Cafeteria2\CafeteriaControllerTest\bin\Debug\net48\fine-code-coverage\build-output,C:\Program Files\dotnet\sdk\7.0.203\TestHostNetFramework
TpTrace Verbose: 0 : 5512, 3, 2023/08/29, 17:20:23.643, 168755811531, testhost.net48.exe, TestPluginCache.DiscoverTestExtensions: Discovering the extensions using extension path.
TpTrace Verbose: 0 : 5512, 3, 2023/08/29, 17:20:23.643, 168755812017, testhost.net48.exe, TestPluginCache.GetExtensionPaths: Filtered extension paths: 
TpTrace Verbose: 0 : 5512, 3, 2023/08/29, 17:20:23.643, 168755812537, testhost.net48.exe, TestPluginCache.GetExtensionPaths: Added default extension paths: C:\Program Files\dotnet\sdk\7.0.203\Extensions\Microsoft.Diagnostics.NETCore.Client.dll
C:\Program Files\dotnet\sdk\7.0.203\Extensions\Microsoft.TestPlatform.Extensions.BlameDataCollector.dll
C:\Program Files\dotnet\sdk\7.0.203\Extensions\Microsoft.TestPlatform.Extensions.EventLogCollector.dll
C:\Program Files\dotnet\sdk\7.0.203\Extensions\Microsoft.TestPlatform.TestHostRuntimeProvider.dll
C:\Program Files\dotnet\sdk\7.0.203\Extensions\Microsoft.VisualStudio.TestPlatform.Extensions.Html.TestLogger.dll
C:\Program Files\dotnet\sdk\7.0.203\Extensions\Microsoft.VisualStudio.TestPlatform.Extensions.Trx.TestLogger.dll
C:\Users\allpi\source\repos\Cafeteria2\CafeteriaControllerTest\bin\Debug\net48\fine-code-coverage\build-output\NUnit3.TestAdapter.dll
TpTrace Verbose: 0 : 5512, 3, 2023/08/29, 17:20:23.643, 168755813045, testhost.net48.exe, TestPluginCache.GetExtensionPaths: Added unfilterableExtensionPaths: 
TpTrace Verbose: 0 : 5512, 3, 2023/08/29, 17:20:23.643, 168755813601, testhost.net48.exe, TestPluginCache.DiscoverTestExtensions: Discovering the extensions using allExtensionPaths: C:\Program Files\dotnet\sdk\7.0.203\Extensions\Microsoft.Diagnostics.NETCore.Client.dll
C:\Program Files\dotnet\sdk\7.0.203\Extensions\Microsoft.TestPlatform.Extensions.BlameDataCollector.dll
C:\Program Files\dotnet\sdk\7.0.203\Extensions\Microsoft.TestPlatform.Extensions.EventLogCollector.dll
C:\Program Files\dotnet\sdk\7.0.203\Extensions\Microsoft.TestPlatform.TestHostRuntimeProvider.dll
C:\Program Files\dotnet\sdk\7.0.203\Extensions\Microsoft.VisualStudio.TestPlatform.Extensions.Html.TestLogger.dll
C:\Program Files\dotnet\sdk\7.0.203\Extensions\Microsoft.VisualStudio.TestPlatform.Extensions.Trx.TestLogger.dll
C:\Users\allpi\source\repos\Cafeteria2\CafeteriaControllerTest\bin\Debug\net48\fine-code-coverage\build-output\NUnit3.TestAdapter.dll
TpTrace Information: 0 : 5512, 3, 2023/08/29, 17:20:23.643, 168755814650, testhost.net48.exe, AssemblyResolver.AddSearchDirectories: Adding more searchDirectories C:\Program Files\dotnet\sdk\7.0.203\Extensions,C:\Program Files\dotnet\sdk\7.0.203\TestHostNetFramework
TpTrace Information: 0 : 5512, 3, 2023/08/29, 17:20:23.643, 168755815313, testhost.net48.exe, AssemblyResolver.AddSearchDirectories: Adding more searchDirectories C:\Program Files\dotnet\sdk\7.0.203\Extensions,C:\Program Files\dotnet\sdk\7.0.203\TestHostNetFramework
TpTrace Information: 0 : 5512, 3, 2023/08/29, 17:20:23.643, 168755815903, testhost.net48.exe, AssemblyResolver.AddSearchDirectories: Adding more searchDirectories C:\Program Files\dotnet\sdk\7.0.203\Extensions,C:\Program Files\dotnet\sdk\7.0.203\TestHostNetFramework
TpTrace Information: 0 : 5512, 3, 2023/08/29, 17:20:23.643, 168755816426, testhost.net48.exe, AssemblyResolver.AddSearchDirectories: Adding more searchDirectories C:\Program Files\dotnet\sdk\7.0.203\Extensions,C:\Program Files\dotnet\sdk\7.0.203\TestHostNetFramework
TpTrace Information: 0 : 5512, 3, 2023/08/29, 17:20:23.644, 168755816989, testhost.net48.exe, AssemblyResolver.AddSearchDirectories: Adding more searchDirectories C:\Program Files\dotnet\sdk\7.0.203\Extensions,C:\Program Files\dotnet\sdk\7.0.203\TestHostNetFramework
TpTrace Information: 0 : 5512, 3, 2023/08/29, 17:20:23.644, 168755817592, testhost.net48.exe, AssemblyResolver.AddSearchDirectories: Adding more searchDirectories C:\Program Files\dotnet\sdk\7.0.203\Extensions,C:\Program Files\dotnet\sdk\7.0.203\TestHostNetFramework
TpTrace Information: 0 : 5512, 3, 2023/08/29, 17:20:23.644, 168755818139, testhost.net48.exe, AssemblyResolver.AddSearchDirectories: Adding more searchDirectories C:\Users\allpi\source\repos\Cafeteria2\CafeteriaControllerTest\bin\Debug\net48\fine-code-coverage\build-output,C:\Program Files\dotnet\sdk\7.0.203\TestHostNetFramework
TpTrace Verbose: 0 : 5512, 3, 2023/08/29, 17:20:23.644, 168755820102, testhost.net48.exe, MetadataReaderExtensionsHelper: Discovering extensions inside assembly 'Microsoft.Diagnostics.NETCore.Client, Version=0.2.6.42401, Culture=neutral, PublicKeyToken=31bf3856ad364e35' file path 'C:\Program Files\dotnet\sdk\7.0.203\Extensions\Microsoft.Diagnostics.NETCore.Client.dll'
TpTrace Warning: 0 : 5512, 3, 2023/08/29, 17:20:23.646, 168755840285, testhost.net48.exe, TestPluginDiscoverer: Failed to get types from assembly 'Microsoft.Diagnostics.NETCore.Client, Version=0.2.6.42401, Culture=neutral, PublicKeyToken=31bf3856ad364e35'. Error: System.Reflection.ReflectionTypeLoadException: No se pueden cargar uno o varios tipos requeridos. Recupere la propiedad LoaderExceptions para obtener más información.
   en System.Reflection.RuntimeModule.GetTypes(RuntimeModule module)
   en System.Reflection.RuntimeModule.GetTypes()
   en System.Reflection.Assembly.GetTypes()
   en Microsoft.VisualStudio.TestPlatform.Common.ExtensionFramework.TestPluginDiscoverer.GetTestExtensionsFromAssembly[TPluginInfo,TExtension](Assembly assembly, Dictionary`2 pluginInfos, String filePath)
TpTrace Warning: 0 : 5512, 3, 2023/08/29, 17:20:23.646, 168755843418, testhost.net48.exe, LoaderExceptions: System.IO.FileNotFoundException: No se puede cargar el archivo o ensamblado 'Microsoft.Bcl.AsyncInterfaces, Version=1.0.0.0, Culture=neutral, PublicKeyToken=cc7b13ffcd2ddd51' ni una de sus dependencias. El sistema no puede encontrar el archivo especificado.
Nombre de archivo: 'Microsoft.Bcl.AsyncInterfaces, Version=1.0.0.0, Culture=neutral, PublicKeyToken=cc7b13ffcd2ddd51'
   en System.Reflection.RuntimeAssembly._nLoad(AssemblyName fileName, String codeBase, Evidence assemblySecurity, RuntimeAssembly locationHint, StackCrawlMark& stackMark, IntPtr pPrivHostBinder, Boolean throwOnFileNotFound, Boolean forIntrospection, Boolean suppressSecurityChecks)
   en System.Reflection.RuntimeAssembly.InternalLoadAssemblyName(AssemblyName assemblyRef, Evidence assemblySecurity, RuntimeAssembly reqAssembly, StackCrawlMark& stackMark, IntPtr pPrivHostBinder, Boolean throwOnFileNotFound, Boolean forIntrospection, Boolean suppressSecurityChecks)
   en System.Reflection.Assembly.Load(AssemblyName assemblyRef)
   en Microsoft.VisualStudio.TestPlatform.Common.ExtensionFramework.TestPluginCache.CurrentDomainAssemblyResolve(Object sender, AssemblyResolveEventArgs args)
   en System.AppDomain.OnAssemblyResolveEvent(RuntimeAssembly assembly, String assemblyFullName)

AVS: El registro del enlace de ensamblado está desactivado.
Para habilitar el registro de errores del enlace de ensamblado, establezca el valor de Registro [HKLM\Software\Microsoft\Fusion!EnableLog] (DWORD) como 1.
Nota: existe una disminución del rendimiento asociada registro de errores del enlace de ensamblado.
Para desactivar esta característica, elimine el valor de Registro [HKLM\Software\Microsoft\Fusion!EnableLog].

TpTrace Warning: 0 : 5512, 3, 2023/08/29, 17:20:23.646, 168755845283, testhost.net48.exe, LoaderExceptions: System.IO.FileNotFoundException: No se puede cargar el archivo o ensamblado 'System.Threading.Tasks.Extensions, Version=4.2.0.0, Culture=neutral, PublicKeyToken=cc7b13ffcd2ddd51' ni una de sus dependencias. El sistema no puede encontrar el archivo especificado.
Nombre de archivo: 'System.Threading.Tasks.Extensions, Version=4.2.0.0, Culture=neutral, PublicKeyToken=cc7b13ffcd2ddd51'
   en System.Reflection.RuntimeAssembly._nLoad(AssemblyName fileName, String codeBase, Evidence assemblySecurity, RuntimeAssembly locationHint, StackCrawlMark& stackMark, IntPtr pPrivHostBinder, Boolean throwOnFileNotFound, Boolean forIntrospection, Boolean suppressSecurityChecks)
   en System.Reflection.RuntimeAssembly.InternalLoadAssemblyName(AssemblyName assemblyRef, Evidence assemblySecurity, RuntimeAssembly reqAssembly, StackCrawlMark& stackMark, IntPtr pPrivHostBinder, Boolean throwOnFileNotFound, Boolean forIntrospection, Boolean suppressSecurityChecks)
   en System.Reflection.Assembly.Load(AssemblyName assemblyRef)
   en Microsoft.VisualStudio.TestPlatform.Common.ExtensionFramework.TestPluginCache.CurrentDomainAssemblyResolve(Object sender, AssemblyResolveEventArgs args)
   en System.AppDomain.OnAssemblyResolveEvent(RuntimeAssembly assembly, String assemblyFullName)

AVS: El registro del enlace de ensamblado está desactivado.
Para habilitar el registro de errores del enlace de ensamblado, establezca el valor de Registro [HKLM\Software\Microsoft\Fusion!EnableLog] (DWORD) como 1.
Nota: existe una disminución del rendimiento asociada registro de errores del enlace de ensamblado.
Para desactivar esta característica, elimine el valor de Registro [HKLM\Software\Microsoft\Fusion!EnableLog].

TpTrace Warning: 0 : 5512, 3, 2023/08/29, 17:20:23.647, 168755846902, testhost.net48.exe, LoaderExceptions: System.IO.FileNotFoundException: No se puede cargar el archivo o ensamblado 'System.Threading.Tasks.Extensions, Version=4.2.0.0, Culture=neutral, PublicKeyToken=cc7b13ffcd2ddd51' ni una de sus dependencias. El sistema no puede encontrar el archivo especificado.
Nombre de archivo: 'System.Threading.Tasks.Extensions, Version=4.2.0.0, Culture=neutral, PublicKeyToken=cc7b13ffcd2ddd51'
   en System.Reflection.RuntimeAssembly._nLoad(AssemblyName fileName, String codeBase, Evidence assemblySecurity, RuntimeAssembly locationHint, StackCrawlMark& stackMark, IntPtr pPrivHostBinder, Boolean throwOnFileNotFound, Boolean forIntrospection, Boolean suppressSecurityChecks)
   en System.Reflection.RuntimeAssembly.InternalLoadAssemblyName(AssemblyName assemblyRef, Evidence assemblySecurity, RuntimeAssembly reqAssembly, StackCrawlMark& stackMark, IntPtr pPrivHostBinder, Boolean throwOnFileNotFound, Boolean forIntrospection, Boolean suppressSecurityChecks)
   en System.Reflection.Assembly.Load(AssemblyName assemblyRef)
   en Microsoft.VisualStudio.TestPlatform.Common.ExtensionFramework.TestPluginCache.CurrentDomainAssemblyResolve(Object sender, AssemblyResolveEventArgs args)
   en System.AppDomain.OnAssemblyResolveEvent(RuntimeAssembly assembly, String assemblyFullName)

AVS: El registro del enlace de ensamblado está desactivado.
Para habilitar el registro de errores del enlace de ensamblado, establezca el valor de Registro [HKLM\Software\Microsoft\Fusion!EnableLog] (DWORD) como 1.
Nota: existe una disminución del rendimiento asociada registro de errores del enlace de ensamblado.
Para desactivar esta característica, elimine el valor de Registro [HKLM\Software\Microsoft\Fusion!EnableLog].

TpTrace Verbose: 0 : 5512, 3, 2023/08/29, 17:20:23.647, 168755849063, testhost.net48.exe, MetadataReaderExtensionsHelper: Discovering extensions inside assembly 'Microsoft.TestPlatform.Extensions.BlameDataCollector, Version=15.0.0.0, Culture=neutral, PublicKeyToken=b03f5f7f11d50a3a' file path 'C:\Program Files\dotnet\sdk\7.0.203\Extensions\Microsoft.TestPlatform.Extensions.BlameDataCollector.dll'
TpTrace Verbose: 0 : 5512, 3, 2023/08/29, 17:20:23.648, 168755861167, testhost.net48.exe, MetadataReaderExtensionsHelper: Discovering extensions inside assembly 'Microsoft.TestPlatform.Extensions.EventLogCollector, Version=15.0.0.0, Culture=neutral, PublicKeyToken=b03f5f7f11d50a3a' file path 'C:\Program Files\dotnet\sdk\7.0.203\Extensions\Microsoft.TestPlatform.Extensions.EventLogCollector.dll'
TpTrace Verbose: 0 : 5512, 3, 2023/08/29, 17:20:23.650, 168755872975, testhost.net48.exe, MetadataReaderExtensionsHelper: Discovering extensions inside assembly 'Microsoft.TestPlatform.TestHostRuntimeProvider, Version=15.0.0.0, Culture=neutral, PublicKeyToken=b03f5f7f11d50a3a' file path 'C:\Program Files\dotnet\sdk\7.0.203\Extensions\Microsoft.TestPlatform.TestHostRuntimeProvider.dll'
TpTrace Verbose: 0 : 5512, 3, 2023/08/29, 17:20:23.651, 168755885449, testhost.net48.exe, MetadataReaderExtensionsHelper: Discovering extensions inside assembly 'Microsoft.VisualStudio.TestPlatform.Extensions.Html.TestLogger, Version=15.0.0.0, Culture=neutral, PublicKeyToken=b03f5f7f11d50a3a' file path 'C:\Program Files\dotnet\sdk\7.0.203\Extensions\Microsoft.VisualStudio.TestPlatform.Extensions.Html.TestLogger.dll'
TpTrace Verbose: 0 : 5512, 3, 2023/08/29, 17:20:23.652, 168755898282, testhost.net48.exe, MetadataReaderExtensionsHelper: Discovering extensions inside assembly 'Microsoft.VisualStudio.TestPlatform.Extensions.Trx.TestLogger, Version=15.0.0.0, Culture=neutral, PublicKeyToken=b03f5f7f11d50a3a' file path 'C:\Program Files\dotnet\sdk\7.0.203\Extensions\Microsoft.VisualStudio.TestPlatform.Extensions.Trx.TestLogger.dll'
TpTrace Verbose: 0 : 5512, 3, 2023/08/29, 17:20:23.653, 168755911048, testhost.net48.exe, MetadataReaderExtensionsHelper: Discovering extensions inside assembly 'NUnit3.TestAdapter, Version=3.16.1.0, Culture=neutral, PublicKeyToken=4cb40d35494691ac' file path 'C:\Users\allpi\source\repos\Cafeteria2\CafeteriaControllerTest\bin\Debug\net48\fine-code-coverage\build-output\NUnit3.TestAdapter.dll'
TpTrace Verbose: 0 : 5512, 3, 2023/08/29, 17:20:23.655, 168755924855, testhost.net48.exe, TestPluginCache: Discovered the extensions using extension path ''.
TpTrace Verbose: 0 : 5512, 3, 2023/08/29, 17:20:23.655, 168755925831, testhost.net48.exe, TestPluginCache: Discoverers are ''.
TpTrace Verbose: 0 : 5512, 3, 2023/08/29, 17:20:23.655, 168755926452, testhost.net48.exe, TestPluginCache: Executors are 'executor://NUnit3TestExecutor'.
TpTrace Verbose: 0 : 5512, 3, 2023/08/29, 17:20:23.655, 168755926849, testhost.net48.exe, TestPluginCache: Executors2 are ''.
TpTrace Verbose: 0 : 5512, 3, 2023/08/29, 17:20:23.655, 168755927395, testhost.net48.exe, TestPluginCache: Setting providers are ''.
TpTrace Verbose: 0 : 5512, 3, 2023/08/29, 17:20:23.655, 168755927754, testhost.net48.exe, TestPluginCache: Loggers are ''.
TpTrace Verbose: 0 : 5512, 3, 2023/08/29, 17:20:23.655, 168755928114, testhost.net48.exe, TestPluginCache: TestHosts are ''.
TpTrace Verbose: 0 : 5512, 3, 2023/08/29, 17:20:23.655, 168755928565, testhost.net48.exe, TestPluginCache: DataCollectors are ''.
TpTrace Verbose: 0 : 5512, 3, 2023/08/29, 17:20:23.657, 168755952887, testhost.net48.exe, TestExecutorService: Loaded the settings providers
TpTrace Information: 0 : 5512, 3, 2023/08/29, 17:20:23.658, 168755954058, testhost.net48.exe, TestExecutorService: Loaded the extensions
TpTrace Information: 0 : 5512, 3, 2023/08/29, 17:20:23.659, 168755968433, testhost.net48.exe, TestRequestHandler.OnMessageReceived: Running job 'TestExecution.StartWithSources'.
TpTrace Verbose: 0 : 5512, 3, 2023/08/29, 17:20:23.787, 168757250913, testhost.net48.exe, MulticastDelegateUtilities.SafeInvoke: TestCaseEventsHandler.RaiseSessionStart: Invoking callbacks was skipped because there are no subscribers.
TpTrace Information: 0 : 5512, 3, 2023/08/29, 17:20:23.794, 168757328388, testhost.net48.exe, TestDiscoveryManager: Discovering tests from sources C:\Users\allpi\source\repos\Cafeteria2\CafeteriaControllerTest\bin\Debug\net48\fine-code-coverage\build-output\CafeteriaControllerTest.dll
TpTrace Verbose: 0 : 5512, 3, 2023/08/29, 17:20:23.800, 168757376818, testhost.net48.exe, TestPluginCache.DiscoverTestExtensions: finding test extensions in assemblies ends with: TestAdapter.dll TPluginInfo: Microsoft.VisualStudio.TestPlatform.Common.ExtensionFramework.Utilities.TestDiscovererPluginInformation TExtension: Microsoft.VisualStudio.TestPlatform.ObjectModel.Adapter.ITestDiscoverer
TpTrace Verbose: 0 : 5512, 3, 2023/08/29, 17:20:23.800, 168757378300, testhost.net48.exe, TestPluginCache.GetExtensionPaths: Filtered extension paths: 
TpTrace Verbose: 0 : 5512, 3, 2023/08/29, 17:20:23.800, 168757378801, testhost.net48.exe, TestPluginCache.GetExtensionPaths: Added default extension paths: C:\Program Files\dotnet\sdk\7.0.203\Extensions\Microsoft.Diagnostics.NETCore.Client.dll
C:\Program Files\dotnet\sdk\7.0.203\Extensions\Microsoft.TestPlatform.Extensions.BlameDataCollector.dll
C:\Program Files\dotnet\sdk\7.0.203\Extensions\Microsoft.TestPlatform.Extensions.EventLogCollector.dll
C:\Program Files\dotnet\sdk\7.0.203\Extensions\Microsoft.TestPlatform.TestHostRuntimeProvider.dll
C:\Program Files\dotnet\sdk\7.0.203\Extensions\Microsoft.VisualStudio.TestPlatform.Extensions.Html.TestLogger.dll
C:\Program Files\dotnet\sdk\7.0.203\Extensions\Microsoft.VisualStudio.TestPlatform.Extensions.Trx.TestLogger.dll
C:\Users\allpi\source\repos\Cafeteria2\CafeteriaControllerTest\bin\Debug\net48\fine-code-coverage\build-output\NUnit3.TestAdapter.dll
TpTrace Verbose: 0 : 5512, 3, 2023/08/29, 17:20:23.800, 168757379182, testhost.net48.exe, TestPluginCache.GetExtensionPaths: Added unfilterableExtensionPaths: 
TpTrace Information: 0 : 5512, 3, 2023/08/29, 17:20:23.800, 168757380861, testhost.net48.exe, AssemblyResolver.AddSearchDirectories: Adding more searchDirectories C:\Program Files\dotnet\sdk\7.0.203\Extensions,C:\Users\allpi\source\repos\Cafeteria2\CafeteriaControllerTest\bin\Debug\net48\fine-code-coverage\build-output,C:\Program Files\dotnet\sdk\7.0.203\TestHostNetFramework
TpTrace Verbose: 0 : 5512, 3, 2023/08/29, 17:20:23.800, 168757381330, testhost.net48.exe, TestPluginCache.DiscoverTestExtensions: Discovering the extensions using extension path.
TpTrace Verbose: 0 : 5512, 3, 2023/08/29, 17:20:23.800, 168757381674, testhost.net48.exe, TestPluginCache.GetExtensionPaths: Filtered extension paths: 
TpTrace Verbose: 0 : 5512, 3, 2023/08/29, 17:20:23.800, 168757381994, testhost.net48.exe, TestPluginCache.GetExtensionPaths: Added default extension paths: C:\Program Files\dotnet\sdk\7.0.203\Extensions\Microsoft.Diagnostics.NETCore.Client.dll
C:\Program Files\dotnet\sdk\7.0.203\Extensions\Microsoft.TestPlatform.Extensions.BlameDataCollector.dll
C:\Program Files\dotnet\sdk\7.0.203\Extensions\Microsoft.TestPlatform.Extensions.EventLogCollector.dll
C:\Program Files\dotnet\sdk\7.0.203\Extensions\Microsoft.TestPlatform.TestHostRuntimeProvider.dll
C:\Program Files\dotnet\sdk\7.0.203\Extensions\Microsoft.VisualStudio.TestPlatform.Extensions.Html.TestLogger.dll
C:\Program Files\dotnet\sdk\7.0.203\Extensions\Microsoft.VisualStudio.TestPlatform.Extensions.Trx.TestLogger.dll
C:\Users\allpi\source\repos\Cafeteria2\CafeteriaControllerTest\bin\Debug\net48\fine-code-coverage\build-output\NUnit3.TestAdapter.dll
TpTrace Verbose: 0 : 5512, 3, 2023/08/29, 17:20:23.800, 168757382340, testhost.net48.exe, TestPluginCache.GetExtensionPaths: Added unfilterableExtensionPaths: 
TpTrace Verbose: 0 : 5512, 3, 2023/08/29, 17:20:23.800, 168757382680, testhost.net48.exe, TestPluginCache.DiscoverTestExtensions: Discovering the extensions using allExtensionPaths: C:\Program Files\dotnet\sdk\7.0.203\Extensions\Microsoft.Diagnostics.NETCore.Client.dll
C:\Program Files\dotnet\sdk\7.0.203\Extensions\Microsoft.TestPlatform.Extensions.BlameDataCollector.dll
C:\Program Files\dotnet\sdk\7.0.203\Extensions\Microsoft.TestPlatform.Extensions.EventLogCollector.dll
C:\Program Files\dotnet\sdk\7.0.203\Extensions\Microsoft.TestPlatform.TestHostRuntimeProvider.dll
C:\Program Files\dotnet\sdk\7.0.203\Extensions\Microsoft.VisualStudio.TestPlatform.Extensions.Html.TestLogger.dll
C:\Program Files\dotnet\sdk\7.0.203\Extensions\Microsoft.VisualStudio.TestPlatform.Extensions.Trx.TestLogger.dll
C:\Users\allpi\source\repos\Cafeteria2\CafeteriaControllerTest\bin\Debug\net48\fine-code-coverage\build-output\NUnit3.TestAdapter.dll
TpTrace Information: 0 : 5512, 3, 2023/08/29, 17:20:23.800, 168757383413, testhost.net48.exe, AssemblyResolver.AddSearchDirectories: Adding more searchDirectories C:\Program Files\dotnet\sdk\7.0.203\Extensions,C:\Program Files\dotnet\sdk\7.0.203\TestHostNetFramework
TpTrace Information: 0 : 5512, 3, 2023/08/29, 17:20:23.800, 168757383863, testhost.net48.exe, AssemblyResolver.AddSearchDirectories: Adding more searchDirectories C:\Program Files\dotnet\sdk\7.0.203\Extensions,C:\Program Files\dotnet\sdk\7.0.203\TestHostNetFramework
TpTrace Information: 0 : 5512, 3, 2023/08/29, 17:20:23.800, 168757384185, testhost.net48.exe, AssemblyResolver.AddSearchDirectories: Adding more searchDirectories C:\Program Files\dotnet\sdk\7.0.203\Extensions,C:\Program Files\dotnet\sdk\7.0.203\TestHostNetFramework
TpTrace Information: 0 : 5512, 3, 2023/08/29, 17:20:23.800, 168757384596, testhost.net48.exe, AssemblyResolver.AddSearchDirectories: Adding more searchDirectories C:\Program Files\dotnet\sdk\7.0.203\Extensions,C:\Program Files\dotnet\sdk\7.0.203\TestHostNetFramework
TpTrace Information: 0 : 5512, 3, 2023/08/29, 17:20:23.801, 168757385974, testhost.net48.exe, AssemblyResolver.AddSearchDirectories: Adding more searchDirectories C:\Program Files\dotnet\sdk\7.0.203\Extensions,C:\Program Files\dotnet\sdk\7.0.203\TestHostNetFramework
TpTrace Information: 0 : 5512, 3, 2023/08/29, 17:20:23.801, 168757386363, testhost.net48.exe, AssemblyResolver.AddSearchDirectories: Adding more searchDirectories C:\Program Files\dotnet\sdk\7.0.203\Extensions,C:\Program Files\dotnet\sdk\7.0.203\TestHostNetFramework
TpTrace Information: 0 : 5512, 3, 2023/08/29, 17:20:23.801, 168757386784, testhost.net48.exe, AssemblyResolver.AddSearchDirectories: Adding more searchDirectories C:\Users\allpi\source\repos\Cafeteria2\CafeteriaControllerTest\bin\Debug\net48\fine-code-coverage\build-output,C:\Program Files\dotnet\sdk\7.0.203\TestHostNetFramework
TpTrace Verbose: 0 : 5512, 3, 2023/08/29, 17:20:23.801, 168757388250, testhost.net48.exe, MetadataReaderExtensionsHelper: Discovering extensions inside assembly 'Microsoft.Diagnostics.NETCore.Client, Version=0.2.6.42401, Culture=neutral, PublicKeyToken=31bf3856ad364e35' file path 'C:\Program Files\dotnet\sdk\7.0.203\Extensions\Microsoft.Diagnostics.NETCore.Client.dll'
TpTrace Warning: 0 : 5512, 3, 2023/08/29, 17:20:23.803, 168757405476, testhost.net48.exe, TestPluginDiscoverer: Failed to get types from assembly 'Microsoft.Diagnostics.NETCore.Client, Version=0.2.6.42401, Culture=neutral, PublicKeyToken=31bf3856ad364e35'. Error: System.Reflection.ReflectionTypeLoadException: No se pueden cargar uno o varios tipos requeridos. Recupere la propiedad LoaderExceptions para obtener más información.
   en System.Reflection.RuntimeModule.GetTypes(RuntimeModule module)
   en System.Reflection.RuntimeModule.GetTypes()
   en System.Reflection.Assembly.GetTypes()
   en Microsoft.VisualStudio.TestPlatform.Common.ExtensionFramework.TestPluginDiscoverer.GetTestExtensionsFromAssembly[TPluginInfo,TExtension](Assembly assembly, Dictionary`2 pluginInfos, String filePath)
TpTrace Warning: 0 : 5512, 3, 2023/08/29, 17:20:23.803, 168757410519, testhost.net48.exe, LoaderExceptions: System.IO.FileNotFoundException: No se puede cargar el archivo o ensamblado 'Microsoft.Bcl.AsyncInterfaces, Version=1.0.0.0, Culture=neutral, PublicKeyToken=cc7b13ffcd2ddd51' ni una de sus dependencias. El sistema no puede encontrar el archivo especificado.
Nombre de archivo: 'Microsoft.Bcl.AsyncInterfaces, Version=1.0.0.0, Culture=neutral, PublicKeyToken=cc7b13ffcd2ddd51'
   en System.Reflection.RuntimeAssembly._nLoad(AssemblyName fileName, String codeBase, Evidence assemblySecurity, RuntimeAssembly locationHint, StackCrawlMark& stackMark, IntPtr pPrivHostBinder, Boolean throwOnFileNotFound, Boolean forIntrospection, Boolean suppressSecurityChecks)
   en System.Reflection.RuntimeAssembly.InternalLoadAssemblyName(AssemblyName assemblyRef, Evidence assemblySecurity, RuntimeAssembly reqAssembly, StackCrawlMark& stackMark, IntPtr pPrivHostBinder, Boolean throwOnFileNotFound, Boolean forIntrospection, Boolean suppressSecurityChecks)
   en System.Reflection.Assembly.Load(AssemblyName assemblyRef)
   en Microsoft.VisualStudio.TestPlatform.Common.ExtensionFramework.TestPluginCache.CurrentDomainAssemblyResolve(Object sender, AssemblyResolveEventArgs args)
   en System.AppDomain.OnAssemblyResolveEvent(RuntimeAssembly assembly, String assemblyFullName)

AVS: El registro del enlace de ensamblado está desactivado.
Para habilitar el registro de errores del enlace de ensamblado, establezca el valor de Registro [HKLM\Software\Microsoft\Fusion!EnableLog] (DWORD) como 1.
Nota: existe una disminución del rendimiento asociada registro de errores del enlace de ensamblado.
Para desactivar esta característica, elimine el valor de Registro [HKLM\Software\Microsoft\Fusion!EnableLog].

TpTrace Warning: 0 : 5512, 3, 2023/08/29, 17:20:23.803, 168757412513, testhost.net48.exe, LoaderExceptions: System.IO.FileNotFoundException: No se puede cargar el archivo o ensamblado 'System.Threading.Tasks.Extensions, Version=4.2.0.0, Culture=neutral, PublicKeyToken=cc7b13ffcd2ddd51' ni una de sus dependencias. El sistema no puede encontrar el archivo especificado.
Nombre de archivo: 'System.Threading.Tasks.Extensions, Version=4.2.0.0, Culture=neutral, PublicKeyToken=cc7b13ffcd2ddd51'
   en System.Reflection.RuntimeAssembly._nLoad(AssemblyName fileName, String codeBase, Evidence assemblySecurity, RuntimeAssembly locationHint, StackCrawlMark& stackMark, IntPtr pPrivHostBinder, Boolean throwOnFileNotFound, Boolean forIntrospection, Boolean suppressSecurityChecks)
   en System.Reflection.RuntimeAssembly.InternalLoadAssemblyName(AssemblyName assemblyRef, Evidence assemblySecurity, RuntimeAssembly reqAssembly, StackCrawlMark& stackMark, IntPtr pPrivHostBinder, Boolean throwOnFileNotFound, Boolean forIntrospection, Boolean suppressSecurityChecks)
   en System.Reflection.Assembly.Load(AssemblyName assemblyRef)
   en Microsoft.VisualStudio.TestPlatform.Common.ExtensionFramework.TestPluginCache.CurrentDomainAssemblyResolve(Object sender, AssemblyResolveEventArgs args)
   en System.AppDomain.OnAssemblyResolveEvent(RuntimeAssembly assembly, String assemblyFullName)

AVS: El registro del enlace de ensamblado está desactivado.
Para habilitar el registro de errores del enlace de ensamblado, establezca el valor de Registro [HKLM\Software\Microsoft\Fusion!EnableLog] (DWORD) como 1.
Nota: existe una disminución del rendimiento asociada registro de errores del enlace de ensamblado.
Para desactivar esta característica, elimine el valor de Registro [HKLM\Software\Microsoft\Fusion!EnableLog].

TpTrace Warning: 0 : 5512, 3, 2023/08/29, 17:20:23.803, 168757413655, testhost.net48.exe, LoaderExceptions: System.IO.FileNotFoundException: No se puede cargar el archivo o ensamblado 'System.Threading.Tasks.Extensions, Version=4.2.0.0, Culture=neutral, PublicKeyToken=cc7b13ffcd2ddd51' ni una de sus dependencias. El sistema no puede encontrar el archivo especificado.
Nombre de archivo: 'System.Threading.Tasks.Extensions, Version=4.2.0.0, Culture=neutral, PublicKeyToken=cc7b13ffcd2ddd51'
   en System.Reflection.RuntimeAssembly._nLoad(AssemblyName fileName, String codeBase, Evidence assemblySecurity, RuntimeAssembly locationHint, StackCrawlMark& stackMark, IntPtr pPrivHostBinder, Boolean throwOnFileNotFound, Boolean forIntrospection, Boolean suppressSecurityChecks)
   en System.Reflection.RuntimeAssembly.InternalLoadAssemblyName(AssemblyName assemblyRef, Evidence assemblySecurity, RuntimeAssembly reqAssembly, StackCrawlMark& stackMark, IntPtr pPrivHostBinder, Boolean throwOnFileNotFound, Boolean forIntrospection, Boolean suppressSecurityChecks)
   en System.Reflection.Assembly.Load(AssemblyName assemblyRef)
   en Microsoft.VisualStudio.TestPlatform.Common.ExtensionFramework.TestPluginCache.CurrentDomainAssemblyResolve(Object sender, AssemblyResolveEventArgs args)
   en System.AppDomain.OnAssemblyResolveEvent(RuntimeAssembly assembly, String assemblyFullName)

AVS: El registro del enlace de ensamblado está desactivado.
Para habilitar el registro de errores del enlace de ensamblado, establezca el valor de Registro [HKLM\Software\Microsoft\Fusion!EnableLog] (DWORD) como 1.
Nota: existe una disminución del rendimiento asociada registro de errores del enlace de ensamblado.
Para desactivar esta característica, elimine el valor de Registro [HKLM\Software\Microsoft\Fusion!EnableLog].

TpTrace Verbose: 0 : 5512, 3, 2023/08/29, 17:20:23.804, 168757415276, testhost.net48.exe, MetadataReaderExtensionsHelper: Discovering extensions inside assembly 'Microsoft.TestPlatform.Extensions.BlameDataCollector, Version=15.0.0.0, Culture=neutral, PublicKeyToken=b03f5f7f11d50a3a' file path 'C:\Program Files\dotnet\sdk\7.0.203\Extensions\Microsoft.TestPlatform.Extensions.BlameDataCollector.dll'
TpTrace Verbose: 0 : 5512, 3, 2023/08/29, 17:20:23.805, 168757431987, testhost.net48.exe, MetadataReaderExtensionsHelper: Discovering extensions inside assembly 'Microsoft.TestPlatform.Extensions.EventLogCollector, Version=15.0.0.0, Culture=neutral, PublicKeyToken=b03f5f7f11d50a3a' file path 'C:\Program Files\dotnet\sdk\7.0.203\Extensions\Microsoft.TestPlatform.Extensions.EventLogCollector.dll'
TpTrace Verbose: 0 : 5512, 3, 2023/08/29, 17:20:23.807, 168757445795, testhost.net48.exe, MetadataReaderExtensionsHelper: Discovering extensions inside assembly 'Microsoft.TestPlatform.TestHostRuntimeProvider, Version=15.0.0.0, Culture=neutral, PublicKeyToken=b03f5f7f11d50a3a' file path 'C:\Program Files\dotnet\sdk\7.0.203\Extensions\Microsoft.TestPlatform.TestHostRuntimeProvider.dll'
TpTrace Verbose: 0 : 5512, 3, 2023/08/29, 17:20:23.808, 168757460352, testhost.net48.exe, MetadataReaderExtensionsHelper: Discovering extensions inside assembly 'Microsoft.VisualStudio.TestPlatform.Extensions.Html.TestLogger, Version=15.0.0.0, Culture=neutral, PublicKeyToken=b03f5f7f11d50a3a' file path 'C:\Program Files\dotnet\sdk\7.0.203\Extensions\Microsoft.VisualStudio.TestPlatform.Extensions.Html.TestLogger.dll'
TpTrace Verbose: 0 : 5512, 3, 2023/08/29, 17:20:23.810, 168757479801, testhost.net48.exe, MetadataReaderExtensionsHelper: Discovering extensions inside assembly 'Microsoft.VisualStudio.TestPlatform.Extensions.Trx.TestLogger, Version=15.0.0.0, Culture=neutral, PublicKeyToken=b03f5f7f11d50a3a' file path 'C:\Program Files\dotnet\sdk\7.0.203\Extensions\Microsoft.VisualStudio.TestPlatform.Extensions.Trx.TestLogger.dll'
TpTrace Verbose: 0 : 5512, 3, 2023/08/29, 17:20:23.811, 168757490982, testhost.net48.exe, MetadataReaderExtensionsHelper: Discovering extensions inside assembly 'NUnit3.TestAdapter, Version=3.16.1.0, Culture=neutral, PublicKeyToken=4cb40d35494691ac' file path 'C:\Users\allpi\source\repos\Cafeteria2\CafeteriaControllerTest\bin\Debug\net48\fine-code-coverage\build-output\NUnit3.TestAdapter.dll'
TpTrace Information: 0 : 5512, 3, 2023/08/29, 17:20:23.820, 168757584907, testhost.net48.exe, GetTestExtensionFromType: Register extension with identifier data 'NUnit.VisualStudio.TestAdapter.NUnit3TestDiscoverer, NUnit3.TestAdapter, Version=3.16.1.0, Culture=neutral, PublicKeyToken=4cb40d35494691ac' and type 'NUnit.VisualStudio.TestAdapter.NUnit3TestDiscoverer, NUnit3.TestAdapter, Version=3.16.1.0, Culture=neutral, PublicKeyToken=4cb40d35494691ac' inside file 'C:\Users\allpi\source\repos\Cafeteria2\CafeteriaControllerTest\bin\Debug\net48\fine-code-coverage\build-output\NUnit3.TestAdapter.dll'
TpTrace Verbose: 0 : 5512, 3, 2023/08/29, 17:20:23.820, 168757588757, testhost.net48.exe, TestPluginCache: Discovered the extensions using extension path ''.
TpTrace Verbose: 0 : 5512, 3, 2023/08/29, 17:20:23.820, 168757589638, testhost.net48.exe, TestPluginCache: Discoverers are 'NUnit.VisualStudio.TestAdapter.NUnit3TestDiscoverer, NUnit3.TestAdapter, Version=3.16.1.0, Culture=neutral, PublicKeyToken=4cb40d35494691ac'.
TpTrace Verbose: 0 : 5512, 3, 2023/08/29, 17:20:23.820, 168757590348, testhost.net48.exe, TestPluginCache: Executors are 'executor://NUnit3TestExecutor'.
TpTrace Verbose: 0 : 5512, 3, 2023/08/29, 17:20:23.820, 168757590608, testhost.net48.exe, TestPluginCache: Executors2 are ''.
TpTrace Verbose: 0 : 5512, 3, 2023/08/29, 17:20:23.820, 168757590852, testhost.net48.exe, TestPluginCache: Setting providers are ''.
TpTrace Verbose: 0 : 5512, 3, 2023/08/29, 17:20:23.820, 168757591141, testhost.net48.exe, TestPluginCache: Loggers are ''.
TpTrace Verbose: 0 : 5512, 3, 2023/08/29, 17:20:23.820, 168757591378, testhost.net48.exe, TestPluginCache: TestHosts are ''.
TpTrace Verbose: 0 : 5512, 3, 2023/08/29, 17:20:23.821, 168757591664, testhost.net48.exe, TestPluginCache: DataCollectors are ''.
TpTrace Information: 0 : 5512, 3, 2023/08/29, 17:20:23.832, 168757700066, testhost.net48.exe, PEReaderHelper.GetAssemblyType: Determined assemblyType:'Managed' for source: 'C:\Users\allpi\source\repos\Cafeteria2\CafeteriaControllerTest\bin\Debug\net48\fine-code-coverage\build-output\CafeteriaControllerTest.dll'
TpTrace Verbose: 0 : 5512, 3, 2023/08/29, 17:20:23.846, 168757838286, testhost.net48.exe, BaseRunTests.RunTestInternalWithExecutors: Running tests for executor://NUnit3TestExecutor
TpTrace Verbose: 0 : 5512, 3, 2023/08/29, 17:20:23.847, 168757847516, testhost.net48.exe, BaseRunTests.TryToRunInSTAThread: Using STA thread to call adapter API.
TpTrace Information: 0 : 5512, 12, 2023/08/29, 17:20:23.879, 168758175159, testhost.net48.exe, NUnit Adapter 3.16.1.0: Test execution started
TpTrace Verbose: 0 : 5512, 12, 2023/08/29, 17:20:23.879, 168758176829, testhost.net48.exe, TestRequestHandler.SendData: sending data from testhost: {"Version":7,"MessageType":"TestSession.Message","Payload":{"MessageLevel":0,"Message":"NUnit Adapter 3.16.1.0: Test execution started"}}
TpTrace Verbose: 0 : 5512, 12, 2023/08/29, 17:20:23.880, 168758178379, testhost.net48.exe, MulticastDelegateUtilities.SafeInvoke: TestRunMessageLoggerProxy.SendMessage: Invoking callback 1/1 for Microsoft.VisualStudio.TestPlatform.CrossPlatEngine.Execution.RunTestsWithSources., took 0 ms.
TpTrace Information: 0 : 5512, 12, 2023/08/29, 17:20:23.930, 168758690376, testhost.net48.exe, Running all tests in C:\Users\allpi\source\repos\Cafeteria2\CafeteriaControllerTest\bin\Debug\net48\fine-code-coverage\build-output\CafeteriaControllerTest.dll
TpTrace Verbose: 0 : 5512, 12, 2023/08/29, 17:20:23.931, 168758692042, testhost.net48.exe, TestRequestHandler.SendData: sending data from testhost: {"Version":7,"MessageType":"TestSession.Message","Payload":{"MessageLevel":0,"Message":"Running all tests in C:\\Users\\allpi\\source\\repos\\Cafeteria2\\CafeteriaControllerTest\\bin\\Debug\\net48\\fine-code-coverage\\build-output\\CafeteriaControllerTest.dll"}}
TpTrace Verbose: 0 : 5512, 12, 2023/08/29, 17:20:23.931, 168758694294, testhost.net48.exe, MulticastDelegateUtilities.SafeInvoke: TestRunMessageLoggerProxy.SendMessage: Invoking callback 1/1 for Microsoft.VisualStudio.TestPlatform.CrossPlatEngine.Execution.RunTestsWithSources., took 0 ms.
TpTrace Information: 0 : 5512, 12, 2023/08/29, 17:20:23.968, 168759055593, testhost.net48.exe, AssemblyResolver.OnResolve: Mono.Cecil, Version=0.9.6.0, Culture=neutral, PublicKeyToken=0738eb9f132ed756: Resolving assembly.
TpTrace Information: 0 : 5512, 12, 2023/08/29, 17:20:23.968, 168759057255, testhost.net48.exe, AssemblyResolver.OnResolve: Mono.Cecil, Version=0.9.6.0, Culture=neutral, PublicKeyToken=0738eb9f132ed756: Searching in: 'C:\Program Files\dotnet\sdk\7.0.203\Extensions'.
TpTrace Information: 0 : 5512, 12, 2023/08/29, 17:20:23.968, 168759058047, testhost.net48.exe, AssemblyResolver.OnResolve: Mono.Cecil, Version=0.9.6.0, Culture=neutral, PublicKeyToken=0738eb9f132ed756: Assembly path does not exist: 'C:\Program Files\dotnet\sdk\7.0.203\Extensions\Mono.Cecil.dll', returning.
TpTrace Information: 0 : 5512, 12, 2023/08/29, 17:20:23.968, 168759058633, testhost.net48.exe, AssemblyResolver.OnResolve: Mono.Cecil, Version=0.9.6.0, Culture=neutral, PublicKeyToken=0738eb9f132ed756: Assembly path does not exist: 'C:\Program Files\dotnet\sdk\7.0.203\Extensions\Mono.Cecil.exe', returning.
TpTrace Information: 0 : 5512, 12, 2023/08/29, 17:20:23.968, 168759058891, testhost.net48.exe, AssemblyResolver.OnResolve: Mono.Cecil, Version=0.9.6.0, Culture=neutral, PublicKeyToken=0738eb9f132ed756: Searching in: 'C:\Users\allpi\source\repos\Cafeteria2\CafeteriaControllerTest\bin\Debug\net48\fine-code-coverage\build-output'.
TpTrace Information: 0 : 5512, 12, 2023/08/29, 17:20:23.968, 168759059435, testhost.net48.exe, AssemblyResolver.OnResolve: Mono.Cecil, Version=0.9.6.0, Culture=neutral, PublicKeyToken=0738eb9f132ed756: Assembly path does not exist: 'C:\Users\allpi\source\repos\Cafeteria2\CafeteriaControllerTest\bin\Debug\net48\fine-code-coverage\build-output\Mono.Cecil.dll', returning.
TpTrace Information: 0 : 5512, 12, 2023/08/29, 17:20:23.968, 168759059935, testhost.net48.exe, AssemblyResolver.OnResolve: Mono.Cecil, Version=0.9.6.0, Culture=neutral, PublicKeyToken=0738eb9f132ed756: Assembly path does not exist: 'C:\Users\allpi\source\repos\Cafeteria2\CafeteriaControllerTest\bin\Debug\net48\fine-code-coverage\build-output\Mono.Cecil.exe', returning.
TpTrace Information: 0 : 5512, 12, 2023/08/29, 17:20:23.968, 168759060253, testhost.net48.exe, AssemblyResolver.OnResolve: Mono.Cecil, Version=0.9.6.0, Culture=neutral, PublicKeyToken=0738eb9f132ed756: Searching in: 'C:\Program Files\dotnet\sdk\7.0.203\TestHostNetFramework'.
TpTrace Information: 0 : 5512, 12, 2023/08/29, 17:20:23.968, 168759060686, testhost.net48.exe, AssemblyResolver.OnResolve: Mono.Cecil, Version=0.9.6.0, Culture=neutral, PublicKeyToken=0738eb9f132ed756: Assembly path does not exist: 'C:\Program Files\dotnet\sdk\7.0.203\TestHostNetFramework\Mono.Cecil.dll', returning.
TpTrace Information: 0 : 5512, 12, 2023/08/29, 17:20:23.968, 168759061149, testhost.net48.exe, AssemblyResolver.OnResolve: Mono.Cecil, Version=0.9.6.0, Culture=neutral, PublicKeyToken=0738eb9f132ed756: Assembly path does not exist: 'C:\Program Files\dotnet\sdk\7.0.203\TestHostNetFramework\Mono.Cecil.exe', returning.
TpTrace Information: 0 : 5512, 12, 2023/08/29, 17:20:23.968, 168759061394, testhost.net48.exe, AssemblyResolver.OnResolve: Mono.Cecil, Version=0.9.6.0, Culture=neutral, PublicKeyToken=0738eb9f132ed756: Failed to load assembly.
TpTrace Verbose: 0 : 5512, 7, 2023/08/29, 17:20:24.399, 168763365423, testhost.net48.exe, TcpClientExtensions.MessageLoopAsync: Polling on remoteEndPoint: 127.0.0.1:52440 localEndPoint: 127.0.0.1:52441
TpTrace Information: 0 : 5512, 12, 2023/08/29, 17:20:24.493, 168764312867, testhost.net48.exe,    NUnit3TestExecutor converted 8 of 8 NUnit test cases
TpTrace Verbose: 0 : 5512, 12, 2023/08/29, 17:20:24.494, 168764314481, testhost.net48.exe, TestRequestHandler.SendData: sending data from testhost: {"Version":7,"MessageType":"TestSession.Message","Payload":{"MessageLevel":0,"Message":"   NUnit3TestExecutor converted 8 of 8 NUnit test cases"}}
TpTrace Verbose: 0 : 5512, 12, 2023/08/29, 17:20:24.494, 168764315715, testhost.net48.exe, MulticastDelegateUtilities.SafeInvoke: TestRunMessageLoggerProxy.SendMessage: Invoking callback 1/1 for Microsoft.VisualStudio.TestPlatform.CrossPlatEngine.Execution.RunTestsWithSources., took 0 ms.
TpTrace Verbose: 0 : 5512, 14, 2023/08/29, 17:20:24.604, 168765418643, testhost.net48.exe, TestExecutionRecorder.RecordStart: Starting test: CafeteriaControllerTest.BebidasControllerTest.BebidasController_Crear_DebeController.
TpTrace Verbose: 0 : 5512, 14, 2023/08/29, 17:20:24.642, 168765799159, testhost.net48.exe, MulticastDelegateUtilities.SafeInvoke: TestCaseEventsHandler.RaiseTestCaseStart: Invoking callback 1/1 for Microsoft.VisualStudio.TestPlatform.CrossPlatEngine.DataCollection.ProxyOutOfProcDataCollectionManager., took 28 ms.
TpTrace Information: 0 : 5512, 8, 2023/08/29, 17:20:25.199, 168771375603, testhost.net48.exe, Sending test run statistics
TpTrace Verbose: 0 : 5512, 8, 2023/08/29, 17:20:25.217, 168771550366, testhost.net48.exe, TestRequestHandler.SendData: sending data from testhost: {"Version":7,"MessageType":"TestExecution.StatsChange","Payload":{"NewTestResults":[],"TestRunStatistics":{"ExecutedTests":0,"Stats":{}},"ActiveTests":[{"Id":"1e3406d1-c06b-bc41-c2d4-09c5882f3e2f","FullyQualifiedName":"CafeteriaControllerTest.BebidasControllerTest.BebidasController_Crear_DebeController","DisplayName":"BebidasController_Crear_DebeController","ExecutorUri":"executor://NUnit3TestExecutor","Source":"C:\\Users\\allpi\\source\\repos\\Cafeteria2\\CafeteriaControllerTest\\bin\\Debug\\net48\\fine-code-coverage\\build-output\\CafeteriaControllerTest.dll","CodeFilePath":null,"LineNumber":0,"Properties":[]}]}}
TpTrace Verbose: 0 : 5512, 8, 2023/08/29, 17:20:25.217, 168771552568, testhost.net48.exe, TestRunCache: OnNewTestResult: Notified the onCacheHit callback.
TpTrace Verbose: 0 : 5512, 14, 2023/08/29, 17:20:25.262, 168772004940, testhost.net48.exe, TestExecutionRecorder.RecordEnd: test: CafeteriaControllerTest.BebidasControllerTest.BebidasController_Crear_DebeController execution completed.
TpTrace Warning: 0 : 5512, 14, 2023/08/29, 17:20:25.264, 168772016380, testhost.net48.exe, TestRunCache: InProgressTests is null
TpTrace Verbose: 0 : 5512, 14, 2023/08/29, 17:20:25.280, 168772185640, testhost.net48.exe, MulticastDelegateUtilities.SafeInvoke: TestCaseEventsHandler.RaiseTestCaseEnd: Invoking callback 1/1 for Microsoft.VisualStudio.TestPlatform.CrossPlatEngine.DataCollection.ProxyOutOfProcDataCollectionManager., took 15 ms.
TpTrace Verbose: 0 : 5512, 14, 2023/08/29, 17:20:25.281, 168772191540, testhost.net48.exe, TestExecutionRecorder.RecordResult: Received result for test: CafeteriaControllerTest.BebidasControllerTest.BebidasController_Crear_DebeController.
TpTrace Verbose: 0 : 5512, 14, 2023/08/29, 17:20:25.283, 168772208619, testhost.net48.exe, MulticastDelegateUtilities.SafeInvoke: TestCaseEventsHandler.RaiseTestCaseEnd: Invoking callback 1/1 for Microsoft.VisualStudio.TestPlatform.CrossPlatEngine.DataCollection.ProxyOutOfProcDataCollectionManager., took 1 ms.
TpTrace Warning: 0 : 5512, 14, 2023/08/29, 17:20:25.289, 168772266289, testhost.net48.exe, TestRunCache: InProgressTests is null
TpTrace Warning: 0 : 5512, 14, 2023/08/29, 17:20:25.289, 168772267329, testhost.net48.exe, TestRunCache: No test found corresponding to testResult 'BebidasController_Crear_DebeController' in inProgress list.
TpTrace Verbose: 0 : 5512, 14, 2023/08/29, 17:20:25.289, 168772273592, testhost.net48.exe, TestExecutionRecorder.RecordStart: Starting test: CafeteriaControllerTest.BebidasControllerTest.BebidasController_GetAll_DebeTraerTegistros.
TpTrace Verbose: 0 : 5512, 14, 2023/08/29, 17:20:25.291, 168772290588, testhost.net48.exe, MulticastDelegateUtilities.SafeInvoke: TestCaseEventsHandler.RaiseTestCaseStart: Invoking callback 1/1 for Microsoft.VisualStudio.TestPlatform.CrossPlatEngine.DataCollection.ProxyOutOfProcDataCollectionManager., took 1 ms.
TpTrace Verbose: 0 : 5512, 14, 2023/08/29, 17:20:25.306, 168772441523, testhost.net48.exe, TestExecutionRecorder.RecordEnd: test: CafeteriaControllerTest.BebidasControllerTest.BebidasController_GetAll_DebeTraerTegistros execution completed.
TpTrace Verbose: 0 : 5512, 14, 2023/08/29, 17:20:25.307, 168772464005, testhost.net48.exe, MulticastDelegateUtilities.SafeInvoke: TestCaseEventsHandler.RaiseTestCaseEnd: Invoking callback 1/1 for Microsoft.VisualStudio.TestPlatform.CrossPlatEngine.DataCollection.ProxyOutOfProcDataCollectionManager., took 1 ms.
TpTrace Verbose: 0 : 5512, 14, 2023/08/29, 17:20:25.307, 168772464994, testhost.net48.exe, TestExecutionRecorder.RecordResult: Received result for test: CafeteriaControllerTest.BebidasControllerTest.BebidasController_GetAll_DebeTraerTegistros.
TpTrace Verbose: 0 : 5512, 14, 2023/08/29, 17:20:25.307, 168772465486, testhost.net48.exe, MulticastDelegateUtilities.SafeInvoke: TestCaseEventsHandler.RaiseTestCaseEnd: Invoking callback 1/1 for Microsoft.VisualStudio.TestPlatform.CrossPlatEngine.DataCollection.ProxyOutOfProcDataCollectionManager., took 0 ms.
TpTrace Warning: 0 : 5512, 14, 2023/08/29, 17:20:25.307, 168772465929, testhost.net48.exe, TestRunCache: InProgressTests is null
TpTrace Warning: 0 : 5512, 14, 2023/08/29, 17:20:25.307, 168772466185, testhost.net48.exe, TestRunCache: No test found corresponding to testResult 'BebidasController_GetAll_DebeTraerTegistros' in inProgress list.
TpTrace Verbose: 0 : 5512, 14, 2023/08/29, 17:20:25.309, 168772473022, testhost.net48.exe, TestExecutionRecorder.RecordStart: Starting test: CafeteriaControllerTest.BebidasControllerTest.BebidasController_GetAllById_DebeLanzarError.
TpTrace Verbose: 0 : 5512, 14, 2023/08/29, 17:20:25.310, 168772482780, testhost.net48.exe, MulticastDelegateUtilities.SafeInvoke: TestCaseEventsHandler.RaiseTestCaseStart: Invoking callback 1/1 for Microsoft.VisualStudio.TestPlatform.CrossPlatEngine.DataCollection.ProxyOutOfProcDataCollectionManager., took 0 ms.
TpTrace Verbose: 0 : 5512, 14, 2023/08/29, 17:20:25.323, 168772619595, testhost.net48.exe, TestExecutionRecorder.RecordEnd: test: CafeteriaControllerTest.BebidasControllerTest.BebidasController_GetAllById_DebeLanzarError execution completed.
TpTrace Verbose: 0 : 5512, 14, 2023/08/29, 17:20:25.326, 168772633011, testhost.net48.exe, MulticastDelegateUtilities.SafeInvoke: TestCaseEventsHandler.RaiseTestCaseEnd: Invoking callback 1/1 for Microsoft.VisualStudio.TestPlatform.CrossPlatEngine.DataCollection.ProxyOutOfProcDataCollectionManager., took 1 ms.
TpTrace Verbose: 0 : 5512, 14, 2023/08/29, 17:20:25.326, 168772633914, testhost.net48.exe, TestExecutionRecorder.RecordResult: Received result for test: CafeteriaControllerTest.BebidasControllerTest.BebidasController_GetAllById_DebeLanzarError.
TpTrace Verbose: 0 : 5512, 14, 2023/08/29, 17:20:25.326, 168772634417, testhost.net48.exe, MulticastDelegateUtilities.SafeInvoke: TestCaseEventsHandler.RaiseTestCaseEnd: Invoking callback 1/1 for Microsoft.VisualStudio.TestPlatform.CrossPlatEngine.DataCollection.ProxyOutOfProcDataCollectionManager., took 0 ms.
TpTrace Warning: 0 : 5512, 14, 2023/08/29, 17:20:25.326, 168772636845, testhost.net48.exe, TestRunCache: InProgressTests is null
TpTrace Warning: 0 : 5512, 14, 2023/08/29, 17:20:25.326, 168772637409, testhost.net48.exe, TestRunCache: No test found corresponding to testResult 'BebidasController_GetAllById_DebeLanzarError' in inProgress list.
TpTrace Verbose: 0 : 5512, 14, 2023/08/29, 17:20:25.334, 168772720347, testhost.net48.exe, TestExecutionRecorder.RecordStart: Starting test: CafeteriaControllerTest.BebidasControllerTest.BebidasController_GetById_Ok(1).
TpTrace Verbose: 0 : 5512, 14, 2023/08/29, 17:20:25.335, 168772734495, testhost.net48.exe, MulticastDelegateUtilities.SafeInvoke: TestCaseEventsHandler.RaiseTestCaseStart: Invoking callback 1/1 for Microsoft.VisualStudio.TestPlatform.CrossPlatEngine.DataCollection.ProxyOutOfProcDataCollectionManager., took 1 ms.
TpTrace Verbose: 0 : 5512, 14, 2023/08/29, 17:20:25.398, 168773361104, testhost.net48.exe, TestExecutionRecorder.RecordEnd: test: CafeteriaControllerTest.BebidasControllerTest.BebidasController_GetById_Ok(1) execution completed.
TpTrace Verbose: 0 : 5512, 14, 2023/08/29, 17:20:25.399, 168773375342, testhost.net48.exe, MulticastDelegateUtilities.SafeInvoke: TestCaseEventsHandler.RaiseTestCaseEnd: Invoking callback 1/1 for Microsoft.VisualStudio.TestPlatform.CrossPlatEngine.DataCollection.ProxyOutOfProcDataCollectionManager., took 1 ms.
TpTrace Verbose: 0 : 5512, 14, 2023/08/29, 17:20:25.399, 168773376316, testhost.net48.exe, TestExecutionRecorder.RecordResult: Received result for test: CafeteriaControllerTest.BebidasControllerTest.BebidasController_GetById_Ok(1).
TpTrace Verbose: 0 : 5512, 14, 2023/08/29, 17:20:25.399, 168773376919, testhost.net48.exe, MulticastDelegateUtilities.SafeInvoke: TestCaseEventsHandler.RaiseTestCaseEnd: Invoking callback 1/1 for Microsoft.VisualStudio.TestPlatform.CrossPlatEngine.DataCollection.ProxyOutOfProcDataCollectionManager., took 0 ms.
TpTrace Warning: 0 : 5512, 14, 2023/08/29, 17:20:25.399, 168773377293, testhost.net48.exe, TestRunCache: InProgressTests is null
TpTrace Warning: 0 : 5512, 14, 2023/08/29, 17:20:25.399, 168773377541, testhost.net48.exe, TestRunCache: No test found corresponding to testResult 'BebidasController_GetById_Ok(1)' in inProgress list.
TpTrace Verbose: 0 : 5512, 14, 2023/08/29, 17:20:25.400, 168773383382, testhost.net48.exe, TestExecutionRecorder.RecordStart: Starting test: CafeteriaControllerTest.BebidasControllerTest.BebidasController_GetById_Ok(2).
TpTrace Verbose: 0 : 5512, 14, 2023/08/29, 17:20:25.401, 168773393320, testhost.net48.exe, MulticastDelegateUtilities.SafeInvoke: TestCaseEventsHandler.RaiseTestCaseStart: Invoking callback 1/1 for Microsoft.VisualStudio.TestPlatform.CrossPlatEngine.DataCollection.ProxyOutOfProcDataCollectionManager., took 0 ms.
TpTrace Verbose: 0 : 5512, 14, 2023/08/29, 17:20:25.402, 168773400576, testhost.net48.exe, TestExecutionRecorder.RecordEnd: test: CafeteriaControllerTest.BebidasControllerTest.BebidasController_GetById_Ok(2) execution completed.
TpTrace Verbose: 0 : 5512, 14, 2023/08/29, 17:20:25.403, 168773409862, testhost.net48.exe, MulticastDelegateUtilities.SafeInvoke: TestCaseEventsHandler.RaiseTestCaseEnd: Invoking callback 1/1 for Microsoft.VisualStudio.TestPlatform.CrossPlatEngine.DataCollection.ProxyOutOfProcDataCollectionManager., took 0 ms.
TpTrace Verbose: 0 : 5512, 14, 2023/08/29, 17:20:25.403, 168773410710, testhost.net48.exe, TestExecutionRecorder.RecordResult: Received result for test: CafeteriaControllerTest.BebidasControllerTest.BebidasController_GetById_Ok(2).
TpTrace Verbose: 0 : 5512, 14, 2023/08/29, 17:20:25.403, 168773411130, testhost.net48.exe, MulticastDelegateUtilities.SafeInvoke: TestCaseEventsHandler.RaiseTestCaseEnd: Invoking callback 1/1 for Microsoft.VisualStudio.TestPlatform.CrossPlatEngine.DataCollection.ProxyOutOfProcDataCollectionManager., took 0 ms.
TpTrace Warning: 0 : 5512, 14, 2023/08/29, 17:20:25.403, 168773411428, testhost.net48.exe, TestRunCache: InProgressTests is null
TpTrace Warning: 0 : 5512, 14, 2023/08/29, 17:20:25.403, 168773411670, testhost.net48.exe, TestRunCache: No test found corresponding to testResult 'BebidasController_GetById_Ok(2)' in inProgress list.
TpTrace Verbose: 0 : 5512, 14, 2023/08/29, 17:20:25.403, 168773417285, testhost.net48.exe, TestExecutionRecorder.RecordStart: Starting test: CafeteriaControllerTest.BebidasControllerTest.BebidasController_GetById_Ok(3).
TpTrace Verbose: 0 : 5512, 14, 2023/08/29, 17:20:25.404, 168773427160, testhost.net48.exe, MulticastDelegateUtilities.SafeInvoke: TestCaseEventsHandler.RaiseTestCaseStart: Invoking callback 1/1 for Microsoft.VisualStudio.TestPlatform.CrossPlatEngine.DataCollection.ProxyOutOfProcDataCollectionManager., took 0 ms.
TpTrace Verbose: 0 : 5512, 14, 2023/08/29, 17:20:25.405, 168773435301, testhost.net48.exe, TestExecutionRecorder.RecordEnd: test: CafeteriaControllerTest.BebidasControllerTest.BebidasController_GetById_Ok(3) execution completed.
TpTrace Verbose: 0 : 5512, 14, 2023/08/29, 17:20:25.406, 168773449110, testhost.net48.exe, MulticastDelegateUtilities.SafeInvoke: TestCaseEventsHandler.RaiseTestCaseEnd: Invoking callback 1/1 for Microsoft.VisualStudio.TestPlatform.CrossPlatEngine.DataCollection.ProxyOutOfProcDataCollectionManager., took 1 ms.
TpTrace Verbose: 0 : 5512, 14, 2023/08/29, 17:20:25.406, 168773449974, testhost.net48.exe, TestExecutionRecorder.RecordResult: Received result for test: CafeteriaControllerTest.BebidasControllerTest.BebidasController_GetById_Ok(3).
TpTrace Verbose: 0 : 5512, 14, 2023/08/29, 17:20:25.406, 168773450414, testhost.net48.exe, MulticastDelegateUtilities.SafeInvoke: TestCaseEventsHandler.RaiseTestCaseEnd: Invoking callback 1/1 for Microsoft.VisualStudio.TestPlatform.CrossPlatEngine.DataCollection.ProxyOutOfProcDataCollectionManager., took 0 ms.
TpTrace Warning: 0 : 5512, 14, 2023/08/29, 17:20:25.407, 168773450746, testhost.net48.exe, TestRunCache: InProgressTests is null
TpTrace Warning: 0 : 5512, 14, 2023/08/29, 17:20:25.407, 168773451027, testhost.net48.exe, TestRunCache: No test found corresponding to testResult 'BebidasController_GetById_Ok(3)' in inProgress list.
TpTrace Verbose: 0 : 5512, 14, 2023/08/29, 17:20:25.407, 168773456288, testhost.net48.exe, TestExecutionRecorder.RecordStart: Starting test: CafeteriaControllerTest.BebidasControllerTest.BebidasController_GetById_Ok(4).
TpTrace Verbose: 0 : 5512, 14, 2023/08/29, 17:20:25.407, 168773465852, testhost.net48.exe, MulticastDelegateUtilities.SafeInvoke: TestCaseEventsHandler.RaiseTestCaseStart: Invoking callback 1/1 for Microsoft.VisualStudio.TestPlatform.CrossPlatEngine.DataCollection.ProxyOutOfProcDataCollectionManager., took 0 ms.
TpTrace Verbose: 0 : 5512, 14, 2023/08/29, 17:20:25.409, 168773472465, testhost.net48.exe, TestExecutionRecorder.RecordEnd: test: CafeteriaControllerTest.BebidasControllerTest.BebidasController_GetById_Ok(4) execution completed.
TpTrace Verbose: 0 : 5512, 14, 2023/08/29, 17:20:25.410, 168773482983, testhost.net48.exe, MulticastDelegateUtilities.SafeInvoke: TestCaseEventsHandler.RaiseTestCaseEnd: Invoking callback 1/1 for Microsoft.VisualStudio.TestPlatform.CrossPlatEngine.DataCollection.ProxyOutOfProcDataCollectionManager., took 0 ms.
TpTrace Verbose: 0 : 5512, 14, 2023/08/29, 17:20:25.410, 168773483807, testhost.net48.exe, TestExecutionRecorder.RecordResult: Received result for test: CafeteriaControllerTest.BebidasControllerTest.BebidasController_GetById_Ok(4).
TpTrace Verbose: 0 : 5512, 14, 2023/08/29, 17:20:25.410, 168773484252, testhost.net48.exe, MulticastDelegateUtilities.SafeInvoke: TestCaseEventsHandler.RaiseTestCaseEnd: Invoking callback 1/1 for Microsoft.VisualStudio.TestPlatform.CrossPlatEngine.DataCollection.ProxyOutOfProcDataCollectionManager., took 0 ms.
TpTrace Warning: 0 : 5512, 14, 2023/08/29, 17:20:25.410, 168773484542, testhost.net48.exe, TestRunCache: InProgressTests is null
TpTrace Warning: 0 : 5512, 14, 2023/08/29, 17:20:25.410, 168773484797, testhost.net48.exe, TestRunCache: No test found corresponding to testResult 'BebidasController_GetById_Ok(4)' in inProgress list.
TpTrace Verbose: 0 : 5512, 14, 2023/08/29, 17:20:25.411, 168773490127, testhost.net48.exe, TestExecutionRecorder.RecordStart: Starting test: CafeteriaControllerTest.BebidasControllerTest.BebidasController_GetById_Ok(5).
TpTrace Verbose: 0 : 5512, 14, 2023/08/29, 17:20:25.412, 168773500752, testhost.net48.exe, MulticastDelegateUtilities.SafeInvoke: TestCaseEventsHandler.RaiseTestCaseStart: Invoking callback 1/1 for Microsoft.VisualStudio.TestPlatform.CrossPlatEngine.DataCollection.ProxyOutOfProcDataCollectionManager., took 0 ms.
TpTrace Verbose: 0 : 5512, 14, 2023/08/29, 17:20:25.412, 168773507417, testhost.net48.exe, TestExecutionRecorder.RecordEnd: test: CafeteriaControllerTest.BebidasControllerTest.BebidasController_GetById_Ok(5) execution completed.
TpTrace Verbose: 0 : 5512, 7, 2023/08/29, 17:20:25.413, 168773510060, testhost.net48.exe, TcpClientExtensions.MessageLoopAsync: Polling on remoteEndPoint: 127.0.0.1:52440 localEndPoint: 127.0.0.1:52441
TpTrace Verbose: 0 : 5512, 14, 2023/08/29, 17:20:25.413, 168773517176, testhost.net48.exe, MulticastDelegateUtilities.SafeInvoke: TestCaseEventsHandler.RaiseTestCaseEnd: Invoking callback 1/1 for Microsoft.VisualStudio.TestPlatform.CrossPlatEngine.DataCollection.ProxyOutOfProcDataCollectionManager., took 0 ms.
TpTrace Verbose: 0 : 5512, 14, 2023/08/29, 17:20:25.413, 168773518004, testhost.net48.exe, TestExecutionRecorder.RecordResult: Received result for test: CafeteriaControllerTest.BebidasControllerTest.BebidasController_GetById_Ok(5).
TpTrace Verbose: 0 : 5512, 14, 2023/08/29, 17:20:25.414, 168773518440, testhost.net48.exe, MulticastDelegateUtilities.SafeInvoke: TestCaseEventsHandler.RaiseTestCaseEnd: Invoking callback 1/1 for Microsoft.VisualStudio.TestPlatform.CrossPlatEngine.DataCollection.ProxyOutOfProcDataCollectionManager., took 0 ms.
TpTrace Warning: 0 : 5512, 14, 2023/08/29, 17:20:25.414, 168773518791, testhost.net48.exe, TestRunCache: InProgressTests is null
TpTrace Warning: 0 : 5512, 14, 2023/08/29, 17:20:25.414, 168773519069, testhost.net48.exe, TestRunCache: No test found corresponding to testResult 'BebidasController_GetById_Ok(5)' in inProgress list.
TpTrace Information: 0 : 5512, 12, 2023/08/29, 17:20:25.447, 168773850987, testhost.net48.exe, NUnit Adapter 3.16.1.0: Test execution complete
TpTrace Verbose: 0 : 5512, 12, 2023/08/29, 17:20:25.447, 168773854065, testhost.net48.exe, TestRequestHandler.SendData: sending data from testhost: {"Version":7,"MessageType":"TestSession.Message","Payload":{"MessageLevel":0,"Message":"NUnit Adapter 3.16.1.0: Test execution complete"}}
TpTrace Verbose: 0 : 5512, 12, 2023/08/29, 17:20:25.447, 168773855494, testhost.net48.exe, MulticastDelegateUtilities.SafeInvoke: TestRunMessageLoggerProxy.SendMessage: Invoking callback 1/1 for Microsoft.VisualStudio.TestPlatform.CrossPlatEngine.Execution.RunTestsWithSources., took 0 ms.
TpTrace Verbose: 0 : 5512, 3, 2023/08/29, 17:20:25.457, 168773953364, testhost.net48.exe, BaseRunTests.RunTestInternalWithExecutors: Completed running tests for executor://NUnit3TestExecutor
TpTrace Verbose: 0 : 5512, 3, 2023/08/29, 17:20:25.459, 168773975675, testhost.net48.exe, MulticastDelegateUtilities.SafeInvoke: TestCaseEventsHandler.RaiseSessionEnd: Invoking callback 1/1 for Microsoft.VisualStudio.TestPlatform.CrossPlatEngine.DataCollection.ProxyOutOfProcDataCollectionManager., took 1 ms.
TpTrace Information: 0 : 5512, 3, 2023/08/29, 17:20:25.467, 168774059343, testhost.net48.exe, Sending test run complete
TpTrace Verbose: 0 : 5512, 3, 2023/08/29, 17:20:25.490, 168774290887, testhost.net48.exe, TestRequestHandler.SendData: sending data from testhost: {"Version":7,"MessageType":"TestExecution.Completed","Payload":{"TestRunCompleteArgs":{"TestRunStatistics":{"ExecutedTests":8,"Stats":{"Failed":1,"Passed":7}},"IsCanceled":false,"IsAborted":false,"Error":null,"AttachmentSets":[],"InvokedDataCollectors":[],"ElapsedTimeInRunningTests":"00:00:01.6238613","Metrics":{},"DiscoveredExtensions":{"TestDiscoverers":["NUnit.VisualStudio.TestAdapter.NUnit3TestDiscoverer, NUnit3.TestAdapter, Version=3.16.1.0, Culture=neutral, PublicKeyToken=4cb40d35494691ac"],"TestExecutors":["executor://NUnit3TestExecutor"],"TestExecutors2":[],"TestSettingsProviders":[]}},"LastRunTests":{"NewTestResults":[{"TestCase":{"Id":"1e3406d1-c06b-bc41-c2d4-09c5882f3e2f","FullyQualifiedName":"CafeteriaControllerTest.BebidasControllerTest.BebidasController_Crear_DebeController","DisplayName":"BebidasController_Crear_DebeController","ExecutorUri":"executor://NUnit3TestExecutor","Source":"C:\\Users\\allpi\\source\\repos\\Cafeteria2\\CafeteriaControllerTest\\bin\\Debug\\net48\\fine-code-coverage\\build-output\\CafeteriaControllerTest.dll","CodeFilePath":null,"LineNumber":0,"Properties":[]},"Attachments":[],"Outcome":2,"ErrorMessage":"  Expected: not null\r\n  But was:  null\r\n","ErrorStackTrace":"   en CafeteriaControllerTest.BebidasControllerTest.BebidasController_Crear_DebeController() en C:\\Users\\allpi\\source\\repos\\Cafeteria2\\CafeteriaControllerTest\\BebidasControllerTest.cs:línea 33\r\n","DisplayName":"BebidasController_Crear_DebeController","Messages":[],"ComputerName":"FRODO-VICTUS","Duration":"00:00:00.6360000","StartTime":"2023-08-29T23:20:24+00:00","EndTime":"2023-08-29T23:20:25+00:00","Properties":[]},{"TestCase":{"Id":"a163318c-1e9d-3d74-8a51-dadb904e4045","FullyQualifiedName":"CafeteriaControllerTest.BebidasControllerTest.BebidasController_GetAll_DebeTraerTegistros","DisplayName":"BebidasController_GetAll_DebeTraerTegistros","ExecutorUri":"executor://NUnit3TestExecutor","Source":"C:\\Users\\allpi\\source\\repos\\Cafeteria2\\CafeteriaControllerTest\\bin\\Debug\\net48\\fine-code-coverage\\build-output\\CafeteriaControllerTest.dll","CodeFilePath":null,"LineNumber":0,"Properties":[]},"Attachments":[],"Outcome":1,"ErrorMessage":null,"ErrorStackTrace":null,"DisplayName":"BebidasController_GetAll_DebeTraerTegistros","Messages":[],"ComputerName":"FRODO-VICTUS","Duration":"00:00:00.0640000","StartTime":"2023-08-29T23:20:25+00:00","EndTime":"2023-08-29T23:20:25+00:00","Properties":[]},{"TestCase":{"Id":"a40c1064-402f-1a4d-2ef5-1256e6da087b","FullyQualifiedName":"CafeteriaControllerTest.BebidasControllerTest.BebidasController_GetAllById_DebeLanzarError","DisplayName":"BebidasController_GetAllById_DebeLanzarError","ExecutorUri":"executor://NUnit3TestExecutor","Source":"C:\\Users\\allpi\\source\\repos\\Cafeteria2\\CafeteriaControllerTest\\bin\\Debug\\net48\\fine-code-coverage\\build-output\\CafeteriaControllerTest.dll","CodeFilePath":null,"LineNumber":0,"Properties":[]},"Attachments":[],"Outcome":1,"ErrorMessage":null,"ErrorStackTrace":null,"DisplayName":"BebidasController_GetAllById_DebeLanzarError","Messages":[],"ComputerName":"FRODO-VICTUS","Duration":"00:00:00.0170000","StartTime":"2023-08-29T23:20:25+00:00","EndTime":"2023-08-29T23:20:25+00:00","Properties":[]},{"TestCase":{"Id":"9d10684a-d289-5902-961e-c039916f248d","FullyQualifiedName":"CafeteriaControllerTest.BebidasControllerTest.BebidasController_GetById_Ok(1)","DisplayName":"BebidasController_GetById_Ok(1)","ExecutorUri":"executor://NUnit3TestExecutor","Source":"C:\\Users\\allpi\\source\\repos\\Cafeteria2\\CafeteriaControllerTest\\bin\\Debug\\net48\\fine-code-coverage\\build-output\\CafeteriaControllerTest.dll","CodeFilePath":null,"LineNumber":0,"Properties":[]},"Attachments":[],"Outcome":1,"ErrorMessage":null,"ErrorStackTrace":null,"DisplayName":"BebidasController_GetById_Ok(1)","Messages":[],"ComputerName":"FRODO-VICTUS","Duration":"00:00:00.0740000","StartTime":"2023-08-29T23:20:25+00:00","EndTime":"2023-08-29T23:20:25+00:00","Properties":[]},{"TestCase":{"Id":"3bc4dbcc-8497-7000-264e-2bff50686112","FullyQualifiedName":"CafeteriaControllerTest.BebidasControllerTest.BebidasController_GetById_Ok(2)","DisplayName":"BebidasController_GetById_Ok(2)","ExecutorUri":"executor://NUnit3TestExecutor","Source":"C:\\Users\\allpi\\source\\repos\\Cafeteria2\\CafeteriaControllerTest\\bin\\Debug\\net48\\fine-code-coverage\\build-output\\CafeteriaControllerTest.dll","CodeFilePath":null,"LineNumber":0,"Properties":[]},"Attachments":[],"Outcome":1,"ErrorMessage":null,"ErrorStackTrace":null,"DisplayName":"BebidasController_GetById_Ok(2)","Messages":[],"ComputerName":"FRODO-VICTUS","Duration":"00:00:00.0030000","StartTime":"2023-08-29T23:20:25+00:00","EndTime":"2023-08-29T23:20:25+00:00","Properties":[]},{"TestCase":{"Id":"79c43e4f-9e7a-a279-6efe-8d51f7f84370","FullyQualifiedName":"CafeteriaControllerTest.BebidasControllerTest.BebidasController_GetById_Ok(3)","DisplayName":"BebidasController_GetById_Ok(3)","ExecutorUri":"executor://NUnit3TestExecutor","Source":"C:\\Users\\allpi\\source\\repos\\Cafeteria2\\CafeteriaControllerTest\\bin\\Debug\\net48\\fine-code-coverage\\build-output\\CafeteriaControllerTest.dll","CodeFilePath":null,"LineNumber":0,"Properties":[]},"Attachments":[],"Outcome":1,"ErrorMessage":null,"ErrorStackTrace":null,"DisplayName":"BebidasController_GetById_Ok(3)","Messages":[],"ComputerName":"FRODO-VICTUS","Duration":"00:00:00.0000001","StartTime":"2023-08-29T23:20:25+00:00","EndTime":"2023-08-29T23:20:25+00:00","Properties":[]},{"TestCase":{"Id":"bae706c0-3933-dd5e-55de-f6f1a5995d55","FullyQualifiedName":"CafeteriaControllerTest.BebidasControllerTest.BebidasController_GetById_Ok(4)","DisplayName":"BebidasController_GetById_Ok(4)","ExecutorUri":"executor://NUnit3TestExecutor","Source":"C:\\Users\\allpi\\source\\repos\\Cafeteria2\\CafeteriaControllerTest\\bin\\Debug\\net48\\fine-code-coverage\\build-output\\CafeteriaControllerTest.dll","CodeFilePath":null,"LineNumber":0,"Properties":[]},"Attachments":[],"Outcome":1,"ErrorMessage":null,"ErrorStackTrace":null,"DisplayName":"BebidasController_GetById_Ok(4)","Messages":[],"ComputerName":"FRODO-VICTUS","Duration":"00:00:00.0000001","StartTime":"2023-08-29T23:20:25+00:00","EndTime":"2023-08-29T23:20:25+00:00","Properties":[]},{"TestCase":{"Id":"c043cac2-37a8-2502-244c-44de500d7c14","FullyQualifiedName":"CafeteriaControllerTest.BebidasControllerTest.BebidasController_GetById_Ok(5)","DisplayName":"BebidasController_GetById_Ok(5)","ExecutorUri":"executor://NUnit3TestExecutor","Source":"C:\\Users\\allpi\\source\\repos\\Cafeteria2\\CafeteriaControllerTest\\bin\\Debug\\net48\\fine-code-coverage\\build-output\\CafeteriaControllerTest.dll","CodeFilePath":null,"LineNumber":0,"Properties":[]},"Attachments":[],"Outcome":1,"ErrorMessage":null,"ErrorStackTrace":null,"DisplayName":"BebidasController_GetById_Ok(5)","Messages":[],"ComputerName":"FRODO-VICTUS","Duration":"00:00:00.0000001","StartTime":"2023-08-29T23:20:25+00:00","EndTime":"2023-08-29T23:20:25+00:00","Properties":[]}],"TestRunStatistics":{"ExecutedTests":8,"Stats":{"Failed":1,"Passed":7}},"ActiveTests":[]},"RunAttachments":[],"ExecutorUris":["executor://nunit3testexecutor/"]}}
TpTrace Verbose: 0 : 5512, 3, 2023/08/29, 17:20:25.491, 168774297373, testhost.net48.exe, BaseRunTests.RunTests: Run is complete.
TpTrace Verbose: 0 : 5512, 7, 2023/08/29, 17:20:25.492, 168774303017, testhost.net48.exe, TcpClientExtensions.MessageLoopAsync: NotifyDataAvailable remoteEndPoint: 127.0.0.1:52440 localEndPoint: 127.0.0.1:52441
TpTrace Information: 0 : 5512, 7, 2023/08/29, 17:20:25.492, 168774305307, testhost.net48.exe, TestRequestHandler.OnMessageReceived: received message: (TestSession.Terminate) -> {"MessageType":"TestSession.Terminate","Payload":null}
TpTrace Information: 0 : 5512, 7, 2023/08/29, 17:20:25.492, 168774306113, testhost.net48.exe, Session End message received from server. Closing the connection.
TpTrace Information: 0 : 5512, 7, 2023/08/29, 17:20:25.493, 168774315851, testhost.net48.exe, SocketClient.Stop: Stop communication from server endpoint: 127.0.0.1:052440
TpTrace Information: 0 : 5512, 7, 2023/08/29, 17:20:25.493, 168774316569, testhost.net48.exe, SocketClient: Stop: Cancellation requested. Stopping message loop.
TpTrace Information: 0 : 5512, 1, 2023/08/29, 17:20:25.493, 168774317291, testhost.net48.exe, Closing the connection!
TpTrace Verbose: 0 : 5512, 7, 2023/08/29, 17:20:25.493, 168774318684, testhost.net48.exe, LengthPrefixCommunicationChannel.Dispose: Dispose reader and writer.
TpTrace Information: 0 : 5512, 7, 2023/08/29, 17:20:25.493, 168774319278, testhost.net48.exe, Closing the connection !
TpTrace Verbose: 0 : 5512, 7, 2023/08/29, 17:20:25.493, 168774319737, testhost.net48.exe, MulticastDelegateUtilities.SafeInvoke: LengthPrefixCommunicationChannel: MessageReceived: Invoking callback 1/1 for Microsoft.VisualStudio.TestPlatform.CommunicationUtilities.TestRequestHandler., took 1 ms.
TpTrace Information: 0 : 5512, 1, 2023/08/29, 17:20:25.493, 168774320586, testhost.net48.exe, Testhost process exiting.
